#
# A fatal error has been detected by the Java Runtime Environment:
#
#  SIGBUS (0x7) at pc=0x00007fdae9669852, pid=4050, tid=140578090837760
#
# JRE version: 6.0_22-b22
# Java VM: OpenJDK 64-Bit Server VM (20.0-b11 mixed mode linux-amd64 compressed oops)
# Derivative: IcedTea6 1.10.4
# Distribution: Ubuntu 11.04, package 6b22-1.10.4-0ubuntu1~11.04.1
# Problematic frame:
# 
[error occurred during error reporting (printing problematic frame), id 0x7]

# If you would like to submit a bug report, please include
# instructions how to reproduce the bug and visit:
#   https://bugs.launchpad.net/ubuntu/+source/openjdk-6/
# The crash happened outside the Java Virtual Machine in native code.
# See problematic frame for where to report the bug.
#

---------------  T H R E A D  ---------------

Current thread (0x00007fdae4142000):  JavaThread "LWJGL Application" [_thread_in_native, id=4077, stack(0x00007fdae31ae000,0x00007fdae32af000)]

siginfo:si_signo=SIGBUS: si_errno=0, si_code=2 (BUS_ADRERR), si_addr=0x00007fdae96c89e8

Registers:
RAX=0x00000007d76a1618, RBX=0x00007fdae41421d0, RCX=0x00007fdae40a06a0, RDX=0x00007fdaf09d9990
RSP=0x00007fdae32ad640, RBP=0x00007fdae32ad710, RSI=0x0000000000000001, RDI=0x00007fdae32ad600
R8 =0x00000000faed42c1, R9 =0x00000000faed42b4, R10=0x00007fdaeb684c2f, R11=0x0000000000000010
R12=0x0000000000000000, R13=0x00000000faed427c, R14=0x00007fdae32ad740, R15=0x00007fdae4142000
RIP=0x00007fdae9669852, EFLAGS=0x0000000000010206, CSGSFS=0x0000000000000033, ERR=0x0000000000000004
  TRAPNO=0x000000000000000e

Top of Stack: (sp=0x00007fdae32ad640)
0x00007fdae32ad640:   00007fdae4142000 bf7c503200000000
0x00007fdae32ad650:   3eae1d4f3fda827a bf91ac523eae1d4f
0x00007fdae32ad660:   800000003f11ac52 80000000bf7c5030
0x00007fdae32ad670:   bf949db440575ce4 800000003f149db4
0x00007fdae32ad680:   3f2b9b65bf80b48b 00000000beab9b65
0x00007fdae32ad690:   000000003f149db3 00000000bff8adfa
0x00007fdae32ad6a0:   00007fdabffdb415 00007fdaf02bce62
0x00007fdae32ad6b0:   00007fdae4142000 0000000000000000
0x00007fdae32ad6c0:   bf7c5032bfda827a bf13cd3abf16c99e
0x00007fdae32ad6d0:   00007fdae4142000 40a646e14051faa5
0x00007fdae32ad6e0:   00007fdae4142000 00007fdae32ad750
0x00007fdae32ad6f0:   00000000faed4286 00007fdae32ad750
0x00007fdae32ad700:   0000000000000000 00007fdaeb684c9f
0x00007fdae32ad710:   00000007d76a1608 00000007d76a1498
0x00007fdae32ad720:   000000003f3504f3 00007fdabf3504f3
0x00007fdae32ad730:   00000007d6cf8b48 00007fdae32ad790
0x00007fdae32ad740:   00000007799bdb08 00007fdaeb661016
0x00007fdae32ad750:   00000000faed42aa 00007fdaeb68f998
0x00007fdae32ad760:   00007fdafad9d2ca 00007fdae32ad890
0x00007fdae32ad770:   00000007d767da50 000000077990eef8
0x00007fdae32ad780:   000000077990eef8 00007fdaeb67ec3c
0x00007fdae32ad790:   00000007d728abc0 00007fdaeb6ae918
0x00007fdae32ad7a0:   00000007d67ea038 00007fdaf0462fd2
0x00007fdae32ad7b0:   0000000000000001 000000002886e2d1
0x00007fdae32ad7c0:   00000007d6cc84c8 00007fdaeb6aa03c
0x00007fdae32ad7d0:   0000000000000001 0000000000000000
0x00007fdae32ad7e0:   00007fdae32ad858 00007fdaeb5b7d34
0x00007fdae32ad7f0:   00007fdaeb5b7e48 00007fdaeb5b7d34
0x00007fdae32ad800:   00000007d67ea038 0000000000000001
0x00007fdae32ad810:   0000000000000000 00007fdae32ad808
0x00007fdae32ad820:   0000000779336edb 00007fdae32ad890
0x00007fdae32ad830:   00000007793415e8 00000007799e45c0 

Instructions: (pc=0x00007fdae9669852)
0x00007fdae9669832:   0f 10 7c 24 5c f3 44 0f 59 f9 f3 41 0f 5c c7 f3
0x00007fdae9669842:   44 0f 10 7c 24 60 f3 44 0f 59 f9 f3 41 0f 58 c7
0x00007fdae9669852:   0f 2e 05 8f f1 05 00 7a 06 0f 84 b0 07 00 00 44
0x00007fdae9669862:   0f 28 ff 41 bc 01 00 00 00 f3 44 0f 59 fc f3 44 

Register to memory mapping:

RAX=0x00000007d76a1618 is an unknown value
RBX=0x00007fdae41421d0 is an unknown value
RCX=0x00007fdae40a06a0 is an unknown value
RDX=0x00007fdaf09d9990: <offset 0xbfb990> in /usr/lib/jvm/java-6-openjdk/jre/lib/amd64/server/libjvm.so at 0x00007fdaefdde000
RSP=0x00007fdae32ad640 is pointing into the stack for thread: 0x00007fdae4142000
RBP=0x00007fdae32ad710 is pointing into the stack for thread: 0x00007fdae4142000
RSI=0x0000000000000001 is an unknown value
RDI=0x00007fdae32ad600 is pointing into the stack for thread: 0x00007fdae4142000
R8 =0x00000000faed42c1 is an unknown value
R9 =0x00000000faed42b4 is an unknown value
R10=0x00007fdaeb684a50 [CodeBlob (0x00007fdaeb684a50)]
Framesize: 10
R11=0x0000000000000010 is an unknown value
R12=0x0000000000000000 is an unknown value
R13=0x00000000faed427c is an unknown value
R14=0x00007fdae32ad740 is pointing into the stack for thread: 0x00007fdae4142000
R15=0x00007fdae4142000 is a thread


Stack: [0x00007fdae31ae000,0x00007fdae32af000],  sp=0x00007fdae32ad640,  free space=1021k
Native frames: (J=compiled Java code, j=interpreted, Vv=VM code, C=native code)

[error occurred during error reporting (printing native stack), id 0x7]

Java frames: (J=compiled Java code, j=interpreted, Vv=VM code)
J  com.badlogic.gdx.math.Matrix4.inv([F)Z
J  com.badlogic.gdx.graphics.PerspectiveCamera.update()V
J  com.ak.towerdefense.screens.benchmarks.ObjectLoader.render()V
j  com.badlogic.gdx.backends.lwjgl.LwjglApplication.mainLoop()V+299
j  com.badlogic.gdx.backends.lwjgl.LwjglApplication$1.run()V+27
v  ~StubRoutines::call_stub

---------------  P R O C E S S  ---------------

Java Threads: ( => current thread )
  0x00007fdae4143000 JavaThread "DestroyJavaVM" [_thread_blocked, id=4056, stack(0x00007fdaf16c2000,0x00007fdaf17c3000)]
=>0x00007fdae4142000 JavaThread "LWJGL Application" [_thread_in_native, id=4077, stack(0x00007fdae31ae000,0x00007fdae32af000)]
  0x0000000002a4e800 JavaThread "AWT-XAWT" daemon [_thread_in_native, id=4068, stack(0x00007fdae33b0000,0x00007fdae34b1000)]
  0x00007fdae40a0800 JavaThread "Java2D Disposer" daemon [_thread_blocked, id=4067, stack(0x00007fdae8071000,0x00007fdae8172000)]
  0x0000000002638800 JavaThread "Low Memory Detector" daemon [_thread_blocked, id=4065, stack(0x00007fdae9a0b000,0x00007fdae9b0c000)]
  0x0000000002633800 JavaThread "C2 CompilerThread1" daemon [_thread_blocked, id=4064, stack(0x00007fdae9b0c000,0x00007fdae9c0d000)]
  0x0000000002630800 JavaThread "C2 CompilerThread0" daemon [_thread_blocked, id=4063, stack(0x00007fdae9c0d000,0x00007fdae9d0e000)]
  0x000000000262f000 JavaThread "Signal Dispatcher" daemon [_thread_blocked, id=4062, stack(0x00007fdae9d0e000,0x00007fdae9e0f000)]
  0x000000000260a800 JavaThread "Finalizer" daemon [_thread_blocked, id=4061, stack(0x00007fdaea499000,0x00007fdaea59a000)]
  0x0000000002608800 JavaThread "Reference Handler" daemon [_thread_blocked, id=4060, stack(0x00007fdaea59a000,0x00007fdaea69b000)]

Other Threads:
  0x0000000002601800 VMThread [stack: 0x00007fdaea69b000,0x00007fdaea79c000] [id=4059]
  0x000000000263b000 WatcherThread [stack: 0x00007fdae990a000,0x00007fdae9a0b000] [id=4066]

VM state:not at safepoint (normal execution)

VM Mutex/Monitor currently owned by a thread: None

Heap
 PSYoungGen      total 37184K, used 15978K [0x00000007d6760000, 0x00000007d90e0000, 0x0000000800000000)
  eden space 31872K, 50% used [0x00000007d6760000,0x00000007d76fabd8,0x00000007d8680000)
  from space 5312K, 0% used [0x00000007d8bb0000,0x00000007d8bb0000,0x00000007d90e0000)
  to   space 5312K, 0% used [0x00000007d8680000,0x00000007d8680000,0x00000007d8bb0000)
 PSOldGen        total 85056K, used 0K [0x0000000783600000, 0x0000000788910000, 0x00000007d6760000)
  object space 85056K, 0% used [0x0000000783600000,0x0000000783600000,0x0000000788910000)
 PSPermGen       total 21248K, used 10153K [0x0000000779000000, 0x000000077a4c0000, 0x0000000783600000)
  object space 21248K, 47% used [0x0000000779000000,0x00000007799ea6f8,0x000000077a4c0000)

Code Cache  [0x00007fdaeb5b2000, 0x00007fdaeb822000, 0x00007fdaee5b2000)
 total_blobs=717 nmethods=249 adapters=423 free_code_cache=49277568 largest_free_block=6016

Dynamic libraries:
00400000-00409000 r-xp 00000000 08:06 3411176                            /usr/lib/jvm/java-6-openjdk/jre/bin/java
00608000-00609000 r--p 00008000 08:06 3411176                            /usr/lib/jvm/java-6-openjdk/jre/bin/java
00609000-0060a000 rw-p 00009000 08:06 3411176                            /usr/lib/jvm/java-6-openjdk/jre/bin/java
02593000-02f08000 rw-p 00000000 00:00 0                                  [heap]
779000000-77a4c0000 rw-p 00000000 00:00 0 
77a4c0000-783600000 rw-p 00000000 00:00 0 
783600000-788910000 rw-p 00000000 00:00 0 
788910000-7d6760000 rw-p 00000000 00:00 0 
7d6760000-7d90e0000 rw-p 00000000 00:00 0 
7d90e0000-800000000 rw-p 00000000 00:00 0 
7fdad85b3000-7fdad86b3000 rw-s 1d7bf000 00:05 9308                       /dev/ati/card0
7fdad86b3000-7fdad88b3000 rw-s 1d7bb000 00:05 9308                       /dev/ati/card0
7fdad88b3000-7fdad8900000 rw-p 00000000 00:00 0 
7fdad897e000-7fdad907e000 rw-s 00006000 00:05 9308                       /dev/ati/card0
7fdad907e000-7fdad90fb000 rw-p 00000000 00:00 0 
7fdad90fb000-7fdad90fd000 r-xp 00000000 08:06 3155232                    /usr/lib/x86_64-linux-gnu/libXinerama.so.1.0.0
7fdad90fd000-7fdad92fc000 ---p 00002000 08:06 3155232                    /usr/lib/x86_64-linux-gnu/libXinerama.so.1.0.0
7fdad92fc000-7fdad92fd000 r--p 00001000 08:06 3155232                    /usr/lib/x86_64-linux-gnu/libXinerama.so.1.0.0
7fdad92fd000-7fdad92fe000 rw-p 00002000 08:06 3155232                    /usr/lib/x86_64-linux-gnu/libXinerama.so.1.0.0
7fdad92fe000-7fdad9330000 r-xp 00000000 08:06 3281736                    /usr/lib/fglrx/libatiadlxx.so
7fdad9330000-7fdad9430000 ---p 00032000 08:06 3281736                    /usr/lib/fglrx/libatiadlxx.so
7fdad9430000-7fdad9437000 rw-p 00032000 08:06 3281736                    /usr/lib/fglrx/libatiadlxx.so
7fdad9437000-7fdad943e000 r-xp 00000000 08:06 3281758                    /usr/lib/fglrx/libatiuki.so.1.0
7fdad943e000-7fdad953e000 ---p 00007000 08:06 3281758                    /usr/lib/fglrx/libatiuki.so.1.0
7fdad953e000-7fdad953f000 rw-p 00007000 08:06 3281758                    /usr/lib/fglrx/libatiuki.so.1.0
7fdad953f000-7fdad9540000 rw-p 00000000 00:00 0 
7fdad9540000-7fdadb0d2000 r-xp 00000000 08:06 3281742                    /usr/lib/fglrx/dri/fglrx_dri.so
7fdadb0d2000-7fdadb1d2000 ---p 01b92000 08:06 3281742                    /usr/lib/fglrx/dri/fglrx_dri.so
7fdadb1d2000-7fdadb2fd000 rwxp 01b92000 08:06 3281742                    /usr/lib/fglrx/dri/fglrx_dri.so
7fdadb2fd000-7fdadb40b000 rwxp 00000000 00:00 0 
7fdadb40b000-7fdadb4cb000 r-xp 00000000 08:06 3281740                    /usr/lib/fglrx/libGL.so.1.2
7fdadb4cb000-7fdadb5ca000 ---p 000c0000 08:06 3281740                    /usr/lib/fglrx/libGL.so.1.2
7fdadb5ca000-7fdadb5f0000 rwxp 000bf000 08:06 3281740                    /usr/lib/fglrx/libGL.so.1.2
7fdadb5f0000-7fdadb610000 rwxp 00000000 00:00 0 
7fdadb610000-7fdadb611000 ---p 00000000 00:00 0 
7fdadb611000-7fdadbe11000 rw-p 00000000 00:00 0 
7fdadbe11000-7fdadfe12000 rw-s 00000000 00:10 61200                      /dev/shm/pulse-shm-4220972906
7fdadfe12000-7fdadfe13000 ---p 00000000 00:00 0 
7fdadfe13000-7fdae0613000 rw-p 00000000 00:00 0 
7fdae0613000-7fdae0619000 r-xp 00000000 08:06 3150602                    /usr/lib/libogg.so.0.7.0
7fdae0619000-7fdae0818000 ---p 00006000 08:06 3150602                    /usr/lib/libogg.so.0.7.0
7fdae0818000-7fdae0819000 r--p 00005000 08:06 3150602                    /usr/lib/libogg.so.0.7.0
7fdae0819000-7fdae081a000 rw-p 00006000 08:06 3150602                    /usr/lib/libogg.so.0.7.0
7fdae081a000-7fdae0845000 r-xp 00000000 08:06 3150878                    /usr/lib/libvorbis.so.0.4.5
7fdae0845000-7fdae0a44000 ---p 0002b000 08:06 3150878                    /usr/lib/libvorbis.so.0.4.5
7fdae0a44000-7fdae0a45000 r--p 0002a000 08:06 3150878                    /usr/lib/libvorbis.so.0.4.5
7fdae0a45000-7fdae0a46000 rw-p 0002b000 08:06 3150878                    /usr/lib/libvorbis.so.0.4.5
7fdae0a46000-7fdae0cf9000 r-xp 00000000 08:06 3150880                    /usr/lib/libvorbisenc.so.2.0.8
7fdae0cf9000-7fdae0ef8000 ---p 002b3000 08:06 3150880                    /usr/lib/libvorbisenc.so.2.0.8
7fdae0ef8000-7fdae0f14000 r--p 002b2000 08:06 3150880                    /usr/lib/libvorbisenc.so.2.0.8
7fdae0f14000-7fdae0f15000 rw-p 002ce000 08:06 3150880                    /usr/lib/libvorbisenc.so.2.0.8
7fdae0f15000-7fdae0f5d000 r-xp 00000000 08:06 3149758                    /usr/lib/libFLAC.so.8.2.0
7fdae0f5d000-7fdae115d000 ---p 00048000 08:06 3149758                    /usr/lib/libFLAC.so.8.2.0
7fdae115d000-7fdae115e000 r--p 00048000 08:06 3149758                    /usr/lib/libFLAC.so.8.2.0
7fdae115e000-7fdae115f000 rw-p 00049000 08:06 3149758                    /usr/lib/libFLAC.so.8.2.0
7fdae115f000-7fdae11c0000 r-xp 00000000 08:06 3150589                    /usr/lib/libsndfile.so.1.0.23
7fdae11c0000-7fdae13c0000 ---p 00061000 08:06 3150589                    /usr/lib/libsndfile.so.1.0.23
7fdae13c0000-7fdae13c2000 r--p 00061000 08:06 3150589                    /usr/lib/libsndfile.so.1.0.23
7fdae13c2000-7fdae13c3000 rw-p 00063000 08:06 3150589                    /usr/lib/libsndfile.so.1.0.23
7fdae13c3000-7fdae13c7000 rw-p 00000000 00:00 0 
7fdae13c7000-7fdae13cf000 r-xp 00000000 08:06 6029417                    /lib/libwrap.so.0.7.6
7fdae13cf000-7fdae15cf000 ---p 00008000 08:06 6029417                    /lib/libwrap.so.0.7.6
7fdae15cf000-7fdae15d0000 r--p 00008000 08:06 6029417                    /lib/libwrap.so.0.7.6
7fdae15d0000-7fdae15d1000 rw-p 00009000 08:06 6029417                    /lib/libwrap.so.0.7.6
7fdae15d1000-7fdae15d2000 rw-p 00000000 00:00 0 
7fdae15d2000-7fdae15d6000 r-xp 00000000 08:06 6033166                    /lib/x86_64-linux-gnu/libuuid.so.1.3.0
7fdae15d6000-7fdae17d5000 ---p 00004000 08:06 6033166                    /lib/x86_64-linux-gnu/libuuid.so.1.3.0
7fdae17d5000-7fdae17d6000 r--p 00003000 08:06 6033166                    /lib/x86_64-linux-gnu/libuuid.so.1.3.0
7fdae17d6000-7fdae17d7000 rw-p 00004000 08:06 6033166                    /lib/x86_64-linux-gnu/libuuid.so.1.3.0
7fdae17d7000-7fdae1819000 r-xp 00000000 08:06 6033148                    /lib/x86_64-linux-gnu/libdbus-1.so.3.5.4
7fdae1819000-7fdae1a19000 ---p 00042000 08:06 6033148                    /lib/x86_64-linux-gnu/libdbus-1.so.3.5.4
7fdae1a19000-7fdae1a1a000 r--p 00042000 08:06 6033148                    /lib/x86_64-linux-gnu/libdbus-1.so.3.5.4
7fdae1a1a000-7fdae1a1b000 rw-p 00043000 08:06 6033148                    /lib/x86_64-linux-gnu/libdbus-1.so.3.5.4
7fdae1a1b000-7fdae1a66000 r-xp 00000000 08:06 3146720                    /usr/lib/libpulsecommon-0.9.22.so
7fdae1a66000-7fdae1c65000 ---p 0004b000 08:06 3146720                    /usr/lib/libpulsecommon-0.9.22.so
7fdae1c65000-7fdae1c66000 r--p 0004a000 08:06 3146720                    /usr/lib/libpulsecommon-0.9.22.so
7fdae1c66000-7fdae1c67000 rw-p 0004b000 08:06 3146720                    /usr/lib/libpulsecommon-0.9.22.so
7fdae1c67000-7fdae1c6a000 r-xp 00000000 08:06 3150911                    /usr/lib/libxcb-atom.so.1.0.0
7fdae1c6a000-7fdae1e6a000 ---p 00003000 08:06 3150911                    /usr/lib/libxcb-atom.so.1.0.0
7fdae1e6a000-7fdae1e6b000 r--p 00003000 08:06 3150911                    /usr/lib/libxcb-atom.so.1.0.0
7fdae1e6b000-7fdae1e6c000 rw-p 00004000 08:06 3150911                    /usr/lib/libxcb-atom.so.1.0.0
7fdae1e6c000-7fdae1e73000 r-xp 00000000 08:06 3155202                    /usr/lib/x86_64-linux-gnu/libSM.so.6.0.1
7fdae1e73000-7fdae2072000 ---p 00007000 08:06 3155202                    /usr/lib/x86_64-linux-gnu/libSM.so.6.0.1
7fdae2072000-7fdae2073000 r--p 00006000 08:06 3155202                    /usr/lib/x86_64-linux-gnu/libSM.so.6.0.1
7fdae2073000-7fdae2074000 rw-p 00007000 08:06 3155202                    /usr/lib/x86_64-linux-gnu/libSM.so.6.0.1
7fdae2074000-7fdae208a000 r-xp 00000000 08:06 3155200                    /usr/lib/x86_64-linux-gnu/libICE.so.6.3.0
7fdae208a000-7fdae228a000 ---p 00016000 08:06 3155200                    /usr/lib/x86_64-linux-gnu/libICE.so.6.3.0
7fdae228a000-7fdae228b000 r--p 00016000 08:06 3155200                    /usr/lib/x86_64-linux-gnu/libICE.so.6.3.0
7fdae228b000-7fdae228c000 rw-p 00017000 08:06 3155200                    /usr/lib/x86_64-linux-gnu/libICE.so.6.3.0
7fdae228c000-7fdae228f000 rw-p 00000000 00:00 0 
7fdae228f000-7fdae2290000 r-xp 00000000 08:06 3155204                    /usr/lib/x86_64-linux-gnu/libX11-xcb.so.1.0.0
7fdae2290000-7fdae248f000 ---p 00001000 08:06 3155204                    /usr/lib/x86_64-linux-gnu/libX11-xcb.so.1.0.0
7fdae248f000-7fdae2490000 r--p 00000000 08:06 3155204                    /usr/lib/x86_64-linux-gnu/libX11-xcb.so.1.0.0
7fdae2490000-7fdae2491000 rw-p 00001000 08:06 3155204                    /usr/lib/x86_64-linux-gnu/libX11-xcb.so.1.0.0
7fdae2491000-7fdae24d1000 r-xp 00000000 08:06 3146712                    /usr/lib/libpulse.so.0.12.3
7fdae24d1000-7fdae26d0000 ---p 00040000 08:06 3146712                    /usr/lib/libpulse.so.0.12.3
7fdae26d0000-7fdae26d1000 r--p 0003f000 08:06 3146712                    /usr/lib/libpulse.so.0.12.3
7fdae26d1000-7fdae26d2000 rw-p 00040000 08:06 3146712                    /usr/lib/libpulse.so.0.12.3
7fdae26d2000-7fdae271e000 r-xp 00000000 08:06 5511018                    /tmp/libgdx/80041558/libopenal64.so
7fdae271e000-7fdae291d000 ---p 0004c000 08:06 5511018                    /tmp/libgdx/80041558/libopenal64.so
7fdae291d000-7fdae291f000 r--p 0004b000 08:06 5511018                    /tmp/libgdx/80041558/libopenal64.so
7fdae291f000-7fdae2920000 rw-p 0004d000 08:06 5511018                    /tmp/libgdx/80041558/libopenal64.so
7fdae2920000-7fdae2921000 rw-p 00000000 00:00 0 
7fdae2921000-7fdae2922000 r-xp 00000000 08:06 3411324                    /usr/lib/jvm/java-6-openjdk/jre/lib/amd64/libjawt.so
7fdae2922000-7fdae2b21000 ---p 00001000 08:06 3411324                    /usr/lib/jvm/java-6-openjdk/jre/lib/amd64/libjawt.so
7fdae2b21000-7fdae2b22000 r--p 00000000 08:06 3411324                    /usr/lib/jvm/java-6-openjdk/jre/lib/amd64/libjawt.so
7fdae2b22000-7fdae2b23000 rw-p 00001000 08:06 3411324                    /usr/lib/jvm/java-6-openjdk/jre/lib/amd64/libjawt.so
7fdae2b23000-7fdae2b28000 r-xp 00000000 08:06 3155240                    /usr/lib/x86_64-linux-gnu/libXxf86vm.so.1.0.0
7fdae2b28000-7fdae2d27000 ---p 00005000 08:06 3155240                    /usr/lib/x86_64-linux-gnu/libXxf86vm.so.1.0.0
7fdae2d27000-7fdae2d28000 r--p 00004000 08:06 3155240                    /usr/lib/x86_64-linux-gnu/libXxf86vm.so.1.0.0
7fdae2d28000-7fdae2d29000 rw-p 00005000 08:06 3155240                    /usr/lib/x86_64-linux-gnu/libXxf86vm.so.1.0.0
7fdae2d29000-7fdae2d31000 r-xp 00000000 08:06 3155234                    /usr/lib/x86_64-linux-gnu/libXrandr.so.2.2.0
7fdae2d31000-7fdae2f30000 ---p 00008000 08:06 3155234                    /usr/lib/x86_64-linux-gnu/libXrandr.so.2.2.0
7fdae2f30000-7fdae2f31000 r--p 00007000 08:06 3155234                    /usr/lib/x86_64-linux-gnu/libXrandr.so.2.2.0
7fdae2f31000-7fdae2f32000 rw-p 00008000 08:06 3155234                    /usr/lib/x86_64-linux-gnu/libXrandr.so.2.2.0
7fdae2f32000-7fdae2fab000 r-xp 00000000 08:06 5511019                    /tmp/libgdx/80041558/liblwjgl64.so
7fdae2fab000-7fdae31ab000 ---p 00079000 08:06 5511019                    /tmp/libgdx/80041558/liblwjgl64.so
7fdae31ab000-7fdae31ad000 r--p 00079000 08:06 5511019                    /tmp/libgdx/80041558/liblwjgl64.so
7fdae31ad000-7fdae31ae000 rw-p 0007b000 08:06 5511019                    /tmp/libgdx/80041558/liblwjgl64.so
7fdae31ae000-7fdae31b1000 ---p 00000000 00:00 0 
7fdae31b1000-7fdae32af000 rw-p 00000000 00:00 0 
7fdae32af000-7fdae32b2000 ---p 00000000 00:00 0 
7fdae32b2000-7fdae33b0000 rw-p 00000000 00:00 0 
7fdae33b0000-7fdae33b3000 ---p 00000000 00:00 0 
7fdae33b3000-7fdae34b1000 rw-p 00000000 00:00 0 
7fdae34b1000-7fdae34b2000 r--s 00000000 08:06 3936473                    /var/cache/fontconfig/c05880de57d1f5e948fdfacc138775d9-le64.cache-3
7fdae34b2000-7fdae34bb000 r--s 00000000 08:06 3936471                    /var/cache/fontconfig/945677eb7aeaf62f1d50efc3fb3ec7d8-le64.cache-3
7fdae34bb000-7fdae34bd000 r--s 00000000 08:06 3936472                    /var/cache/fontconfig/99e8ed0e538f840c565b6ed5dad60d56-le64.cache-3
7fdae34bd000-7fdae34bf000 r--s 00000000 08:06 3936460                    /var/cache/fontconfig/2cd17615ca594fa2959ae173292e504c-le64.cache-3
7fdae34bf000-7fdae34c2000 r--s 00000000 08:06 3936811                    /var/cache/fontconfig/b5ea634b0fb353b8ea17632d1f9ef766-le64.cache-3
7fdae34c2000-7fdae34c6000 r--s 00000000 08:06 3936468                    /var/cache/fontconfig/6eb3985aa4124903f6ff08ba781cd364-le64.cache-3
7fdae34ef000-7fdae34f4000 r-xp 00000000 08:06 3155226                    /usr/lib/x86_64-linux-gnu/libXfixes.so.3.1.0
7fdae34f4000-7fdae36f3000 ---p 00005000 08:06 3155226                    /usr/lib/x86_64-linux-gnu/libXfixes.so.3.1.0
7fdae36f3000-7fdae36f4000 r--p 00004000 08:06 3155226                    /usr/lib/x86_64-linux-gnu/libXfixes.so.3.1.0
7fdae36f4000-7fdae36f5000 rw-p 00005000 08:06 3155226                    /usr/lib/x86_64-linux-gnu/libXfixes.so.3.1.0
7fdae36f5000-7fdae36fe000 r-xp 00000000 08:06 3155216                    /usr/lib/x86_64-linux-gnu/libXcursor.so.1.0.2
7fdae36fe000-7fdae38fd000 ---p 00009000 08:06 3155216                    /usr/lib/x86_64-linux-gnu/libXcursor.so.1.0.2
7fdae38fd000-7fdae38fe000 r--p 00008000 08:06 3155216                    /usr/lib/x86_64-linux-gnu/libXcursor.so.1.0.2
7fdae38fe000-7fdae38ff000 rw-p 00009000 08:06 3155216                    /usr/lib/x86_64-linux-gnu/libXcursor.so.1.0.2
7fdae390f000-7fdae391f000 rw-s c0020000 00:05 9308                       /dev/ati/card0
7fdae391f000-7fdae3926000 r--s 000fb000 08:06 3284588                    /usr/lib/jvm/java-6-openjdk/jre/lib/resources.jar
7fdae3926000-7fdae39b9000 r-xp 00000000 08:06 3145772                    /usr/lib/x86_64-linux-gnu/libfreetype.so.6.6.2
7fdae39b9000-7fdae3bb8000 ---p 00093000 08:06 3145772                    /usr/lib/x86_64-linux-gnu/libfreetype.so.6.6.2
7fdae3bb8000-7fdae3bbe000 r--p 00092000 08:06 3145772                    /usr/lib/x86_64-linux-gnu/libfreetype.so.6.6.2
7fdae3bbe000-7fdae3bbf000 rw-p 00098000 08:06 3145772                    /usr/lib/x86_64-linux-gnu/libfreetype.so.6.6.2
7fdae3bbf000-7fdae3bf8000 r-xp 00000000 08:06 3411314                    /usr/lib/jvm/java-6-openjdk/jre/lib/amd64/libfontmanager.so
7fdae3bf8000-7fdae3df7000 ---p 00039000 08:06 3411314                    /usr/lib/jvm/java-6-openjdk/jre/lib/amd64/libfontmanager.so
7fdae3df7000-7fdae3df9000 r--p 00038000 08:06 3411314                    /usr/lib/jvm/java-6-openjdk/jre/lib/amd64/libfontmanager.so
7fdae3df9000-7fdae3dfa000 rw-p 0003a000 08:06 3411314                    /usr/lib/jvm/java-6-openjdk/jre/lib/amd64/libfontmanager.so
7fdae3dfa000-7fdae3dff000 r-xp 00000000 08:06 3155222                    /usr/lib/x86_64-linux-gnu/libXdmcp.so.6.0.0
7fdae3dff000-7fdae3ffe000 ---p 00005000 08:06 3155222                    /usr/lib/x86_64-linux-gnu/libXdmcp.so.6.0.0
7fdae3ffe000-7fdae3fff000 r--p 00004000 08:06 3155222                    /usr/lib/x86_64-linux-gnu/libXdmcp.so.6.0.0
7fdae3fff000-7fdae4000000 rw-p 00005000 08:06 3155222                    /usr/lib/x86_64-linux-gnu/libXdmcp.so.6.0.0
7fdae4000000-7fdae4ab2000 rw-p 00000000 00:00 0 
7fdae4ab2000-7fdae8000000 ---p 00000000 00:00 0 
7fdae8000000-7fdae8009000 r--s 00000000 08:06 3936467                    /var/cache/fontconfig/6d41288fd70b0be22e8c3a91e032eec0-le64.cache-3
7fdae8009000-7fdae800a000 r--s 00000000 08:06 3935581                    /var/cache/fontconfig/4794a0821666d79190d59a36cb4f44b5-le64.cache-3
7fdae800a000-7fdae8014000 r--s 00000000 08:06 3936477                    /var/cache/fontconfig/d52a8644073d54c13679302ca1180695-le64.cache-3
7fdae8014000-7fdae8027000 r--s 00000000 08:06 3936922                    /var/cache/fontconfig/e13b20fdb08344e0e664864cc2ede53d-le64.cache-3
7fdae8027000-7fdae803b000 r--s 00000000 08:06 3936920                    /var/cache/fontconfig/865f88548240fee46819705c6468c165-le64.cache-3
7fdae803b000-7fdae803c000 r--s 00000000 08:06 3936473                    /var/cache/fontconfig/c05880de57d1f5e948fdfacc138775d9-le64.cache-3
7fdae803c000-7fdae8045000 r--s 00000000 08:06 3936471                    /var/cache/fontconfig/945677eb7aeaf62f1d50efc3fb3ec7d8-le64.cache-3
7fdae8045000-7fdae8047000 r--s 00000000 08:06 3936472                    /var/cache/fontconfig/99e8ed0e538f840c565b6ed5dad60d56-le64.cache-3
7fdae8047000-7fdae8049000 r--s 00000000 08:06 3936460                    /var/cache/fontconfig/2cd17615ca594fa2959ae173292e504c-le64.cache-3
7fdae8049000-7fdae804c000 r--s 00000000 08:06 3936811                    /var/cache/fontconfig/b5ea634b0fb353b8ea17632d1f9ef766-le64.cache-3
7fdae804c000-7fdae8050000 r--s 00000000 08:06 3936468                    /var/cache/fontconfig/6eb3985aa4124903f6ff08ba781cd364-le64.cache-3
7fdae8050000-7fdae8055000 r--s 00000000 08:06 3936464                    /var/cache/fontconfig/515ca1ebc4b18308bea979be5704f9db-le64.cache-3
7fdae8055000-7fdae805e000 r--s 00000000 08:06 3936467                    /var/cache/fontconfig/6d41288fd70b0be22e8c3a91e032eec0-le64.cache-3
7fdae805e000-7fdae8071000 r--s 00000000 08:06 3936922                    /var/cache/fontconfig/e13b20fdb08344e0e664864cc2ede53d-le64.cache-3
7fdae8071000-7fdae8074000 ---p 00000000 00:00 0 
7fdae8074000-7fdae8172000 rw-p 00000000 00:00 0 
7fdae8172000-7fdae8174000 r-xp 00000000 08:06 3155212                    /usr/lib/x86_64-linux-gnu/libXau.so.6.0.0
7fdae8174000-7fdae8373000 ---p 00002000 08:06 3155212                    /usr/lib/x86_64-linux-gnu/libXau.so.6.0.0
7fdae8373000-7fdae8374000 r--p 00001000 08:06 3155212                    /usr/lib/x86_64-linux-gnu/libXau.so.6.0.0
7fdae8374000-7fdae8375000 rw-p 00002000 08:06 3155212                    /usr/lib/x86_64-linux-gnu/libXau.so.6.0.0
7fdae8375000-7fdae8390000 r-xp 00000000 08:06 3155368                    /usr/lib/x86_64-linux-gnu/libxcb.so.1.1.0
7fdae8390000-7fdae858f000 ---p 0001b000 08:06 3155368                    /usr/lib/x86_64-linux-gnu/libxcb.so.1.1.0
7fdae858f000-7fdae8590000 r--p 0001a000 08:06 3155368                    /usr/lib/x86_64-linux-gnu/libxcb.so.1.1.0
7fdae8590000-7fdae8591000 rw-p 0001b000 08:06 3155368                    /usr/lib/x86_64-linux-gnu/libxcb.so.1.1.0
7fdae8591000-7fdae85a0000 r-xp 00000000 08:06 3155230                    /usr/lib/x86_64-linux-gnu/libXi.so.6.1.0
7fdae85a0000-7fdae879f000 ---p 0000f000 08:06 3155230                    /usr/lib/x86_64-linux-gnu/libXi.so.6.1.0
7fdae879f000-7fdae87a0000 r--p 0000e000 08:06 3155230                    /usr/lib/x86_64-linux-gnu/libXi.so.6.1.0
7fdae87a0000-7fdae87a1000 rw-p 0000f000 08:06 3155230                    /usr/lib/x86_64-linux-gnu/libXi.so.6.1.0
7fdae87a1000-7fdae87a6000 r-xp 00000000 08:06 3149836                    /usr/lib/libXtst.so.6.1.0
7fdae87a6000-7fdae89a5000 ---p 00005000 08:06 3149836                    /usr/lib/libXtst.so.6.1.0
7fdae89a5000-7fdae89a6000 r--p 00004000 08:06 3149836                    /usr/lib/libXtst.so.6.1.0
7fdae89a6000-7fdae89a7000 rw-p 00005000 08:06 3149836                    /usr/lib/libXtst.so.6.1.0
7fdae89a7000-7fdae89b0000 r-xp 00000000 08:06 3155236                    /usr/lib/x86_64-linux-gnu/libXrender.so.1.3.0
7fdae89b0000-7fdae8bb0000 ---p 00009000 08:06 3155236                    /usr/lib/x86_64-linux-gnu/libXrender.so.1.3.0
7fdae8bb0000-7fdae8bb1000 r--p 00009000 08:06 3155236                    /usr/lib/x86_64-linux-gnu/libXrender.so.1.3.0
7fdae8bb1000-7fdae8bb2000 rw-p 0000a000 08:06 3155236                    /usr/lib/x86_64-linux-gnu/libXrender.so.1.3.0
7fdae8bb2000-7fdae8ce7000 r-xp 00000000 08:06 3155208                    /usr/lib/x86_64-linux-gnu/libX11.so.6.3.0
7fdae8ce7000-7fdae8ee7000 ---p 00135000 08:06 3155208                    /usr/lib/x86_64-linux-gnu/libX11.so.6.3.0
7fdae8ee7000-7fdae8ee8000 r--p 00135000 08:06 3155208                    /usr/lib/x86_64-linux-gnu/libX11.so.6.3.0
7fdae8ee8000-7fdae8eec000 rw-p 00136000 08:06 3155208                    /usr/lib/x86_64-linux-gnu/libX11.so.6.3.0
7fdae8eec000-7fdae8efd000 r-xp 00000000 08:06 3155224                    /usr/lib/x86_64-linux-gnu/libXext.so.6.4.0
7fdae8efd000-7fdae90fc000 ---p 00011000 08:06 3155224                    /usr/lib/x86_64-linux-gnu/libXext.so.6.4.0
7fdae90fc000-7fdae90fd000 r--p 00010000 08:06 3155224                    /usr/lib/x86_64-linux-gnu/libXext.so.6.4.0
7fdae90fd000-7fdae90fe000 rw-p 00011000 08:06 3155224                    /usr/lib/x86_64-linux-gnu/libXext.so.6.4.0
7fdae90fe000-7fdae9100000 rw-s 00002000 00:05 9308                       /dev/ati/card0
7fdae9100000-7fdae910a000 r--s 00000000 08:06 3936477                    /var/cache/fontconfig/d52a8644073d54c13679302ca1180695-le64.cache-3
7fdae910a000-7fdae911e000 r--s 00000000 08:06 3936920                    /var/cache/fontconfig/865f88548240fee46819705c6468c165-le64.cache-3
7fdae911e000-7fdae9169000 r-xp 00000000 08:06 3411358                    /usr/lib/jvm/java-6-openjdk/jre/lib/amd64/xawt/libmawt.so
7fdae9169000-7fdae9369000 ---p 0004b000 08:06 3411358                    /usr/lib/jvm/java-6-openjdk/jre/lib/amd64/xawt/libmawt.so
7fdae9369000-7fdae936a000 r--p 0004b000 08:06 3411358                    /usr/lib/jvm/java-6-openjdk/jre/lib/amd64/xawt/libmawt.so
7fdae936a000-7fdae936d000 rw-p 0004c000 08:06 3411358                    /usr/lib/jvm/java-6-openjdk/jre/lib/amd64/xawt/libmawt.so
7fdae936d000-7fdae936e000 rw-p 00000000 00:00 0 
7fdae936e000-7fdae9417000 r-xp 00000000 08:06 3411323                    /usr/lib/jvm/java-6-openjdk/jre/lib/amd64/libawt.so
7fdae9417000-7fdae9616000 ---p 000a9000 08:06 3411323                    /usr/lib/jvm/java-6-openjdk/jre/lib/amd64/libawt.so
7fdae9616000-7fdae9617000 r--p 000a8000 08:06 3411323                    /usr/lib/jvm/java-6-openjdk/jre/lib/amd64/libawt.so
7fdae9617000-7fdae9622000 rw-p 000a9000 08:06 3411323                    /usr/lib/jvm/java-6-openjdk/jre/lib/amd64/libawt.so
7fdae9622000-7fdae9647000 rw-p 00000000 00:00 0 
7fdae9647000-7fdae96e5000 r-xp 00000000 08:06 5511017                    /tmp/libgdx/80041558/libgdx-64.so
7fdae96e5000-7fdae98e5000 ---p 0009e000 08:06 5511017                    /tmp/libgdx/80041558/libgdx-64.so
7fdae98e5000-7fdae98e7000 r--p 0009e000 08:06 5511017                    /tmp/libgdx/80041558/libgdx-64.so
7fdae98e7000-7fdae98e9000 rw-p 000a0000 08:06 5511017                    /tmp/libgdx/80041558/libgdx-64.so
7fdae98e9000-7fdae98eb000 rw-p 00000000 00:00 0 
7fdae98eb000-7fdae98ee000 r--s 0007d000 08:06 3284584                    /usr/lib/jvm/java-6-openjdk/jre/lib/jsse.jar
7fdae98ee000-7fdae98fb000 r--s 000ba000 08:06 6429275                    /home/aedon/KandA/genericjavaproject/com.ak.towerdefense.core/libs/gdx.jar
7fdae98fb000-7fdae990a000 r--s 000c6000 08:06 6429294                    /home/aedon/KandA/genericjavaproject/com.ak.towerdefense.core/libs/gdx-twl.jar
7fdae990a000-7fdae990b000 ---p 00000000 00:00 0 
7fdae990b000-7fdae9a0b000 rw-p 00000000 00:00 0 
7fdae9a0b000-7fdae9a0e000 ---p 00000000 00:00 0 
7fdae9a0e000-7fdae9b0c000 rw-p 00000000 00:00 0 
7fdae9b0c000-7fdae9b0f000 ---p 00000000 00:00 0 
7fdae9b0f000-7fdae9c0d000 rw-p 00000000 00:00 0 
7fdae9c0d000-7fdae9c10000 ---p 00000000 00:00 0 
7fdae9c10000-7fdae9d0e000 rw-p 00000000 00:00 0 
7fdae9d0e000-7fdae9d11000 ---p 00000000 00:00 0 
7fdae9d11000-7fdae9e0f000 rw-p 00000000 00:00 0 
7fdae9e0f000-7fdaea499000 r--p 00000000 08:06 3154019                    /usr/lib/locale/locale-archive
7fdaea499000-7fdaea49c000 ---p 00000000 00:00 0 
7fdaea49c000-7fdaea59a000 rw-p 00000000 00:00 0 
7fdaea59a000-7fdaea59d000 ---p 00000000 00:00 0 
7fdaea59d000-7fdaea69b000 rw-p 00000000 00:00 0 
7fdaea69b000-7fdaea69c000 ---p 00000000 00:00 0 
7fdaea69c000-7fdaeaad2000 rw-p 00000000 00:00 0 
7fdaeaad2000-7fdaeac63000 r--s 037b1000 08:06 3281824                    /usr/lib/jvm/java-6-openjdk/jre/lib/rt.jar
7fdaeac63000-7fdaeac8b000 rw-p 00000000 00:00 0 
7fdaeac8b000-7fdaeac8c000 ---p 00000000 00:00 0 
7fdaeac8c000-7fdaead8c000 rw-p 00000000 00:00 0 
7fdaead8c000-7fdaead8d000 ---p 00000000 00:00 0 
7fdaead8d000-7fdaeae98000 rw-p 00000000 00:00 0 
7fdaeae98000-7fdaeaee0000 rw-p 00000000 00:00 0 
7fdaeaee0000-7fdaeaf0a000 rw-p 00000000 00:00 0 
7fdaeaf0a000-7fdaeb179000 rw-p 00000000 00:00 0 
7fdaeb179000-7fdaeb184000 rw-p 00000000 00:00 0 
7fdaeb184000-7fdaeb1cc000 rw-p 00000000 00:00 0 
7fdaeb1cc000-7fdaeb1f6000 rw-p 00000000 00:00 0 
7fdaeb1f6000-7fdaeb464000 rw-p 00000000 00:00 0 
7fdaeb464000-7fdaeb47a000 rw-p 00000000 00:00 0 
7fdaeb47a000-7fdaeb5b1000 rw-p 00000000 00:00 0 
7fdaeb5b1000-7fdaeb5b2000 rw-p 00000000 00:00 0 
7fdaeb5b2000-7fdaeb822000 rwxp 00000000 00:00 0 
7fdaeb822000-7fdaee5b2000 rw-p 00000000 00:00 0 
7fdaee5b2000-7fdaee5b9000 r-xp 00000000 08:06 3411318                    /usr/lib/jvm/java-6-openjdk/jre/lib/amd64/libzip.so
7fdaee5b9000-7fdaee7b8000 ---p 00007000 08:06 3411318                    /usr/lib/jvm/java-6-openjdk/jre/lib/amd64/libzip.so
7fdaee7b8000-7fdaee7b9000 r--p 00006000 08:06 3411318                    /usr/lib/jvm/java-6-openjdk/jre/lib/amd64/libzip.so
7fdaee7b9000-7fdaee7ba000 rw-p 00007000 08:06 3411318                    /usr/lib/jvm/java-6-openjdk/jre/lib/amd64/libzip.so
7fdaee7ba000-7fdaee7c6000 r-xp 00000000 08:06 6033131                    /lib/x86_64-linux-gnu/libnss_files-2.13.so
7fdaee7c6000-7fdaee9c5000 ---p 0000c000 08:06 6033131                    /lib/x86_64-linux-gnu/libnss_files-2.13.so
7fdaee9c5000-7fdaee9c6000 r--p 0000b000 08:06 6033131                    /lib/x86_64-linux-gnu/libnss_files-2.13.so
7fdaee9c6000-7fdaee9c7000 rw-p 0000c000 08:06 6033131                    /lib/x86_64-linux-gnu/libnss_files-2.13.so
7fdaee9c7000-7fdaee9d2000 r-xp 00000000 08:06 6033135                    /lib/x86_64-linux-gnu/libnss_nis-2.13.so
7fdaee9d2000-7fdaeebd1000 ---p 0000b000 08:06 6033135                    /lib/x86_64-linux-gnu/libnss_nis-2.13.so
7fdaeebd1000-7fdaeebd2000 r--p 0000a000 08:06 6033135                    /lib/x86_64-linux-gnu/libnss_nis-2.13.so
7fdaeebd2000-7fdaeebd3000 rw-p 0000b000 08:06 6033135                    /lib/x86_64-linux-gnu/libnss_nis-2.13.so
7fdaeebd3000-7fdaeebdb000 r-xp 00000000 08:06 6033127                    /lib/x86_64-linux-gnu/libnss_compat-2.13.so
7fdaeebdb000-7fdaeedda000 ---p 00008000 08:06 6033127                    /lib/x86_64-linux-gnu/libnss_compat-2.13.so
7fdaeedda000-7fdaeeddb000 r--p 00007000 08:06 6033127                    /lib/x86_64-linux-gnu/libnss_compat-2.13.so
7fdaeeddb000-7fdaeeddc000 rw-p 00008000 08:06 6033127                    /lib/x86_64-linux-gnu/libnss_compat-2.13.so
7fdaeeddc000-7fdaeedf3000 r-xp 00000000 08:06 6033125                    /lib/x86_64-linux-gnu/libnsl-2.13.so
7fdaeedf3000-7fdaeeff2000 ---p 00017000 08:06 6033125                    /lib/x86_64-linux-gnu/libnsl-2.13.so
7fdaeeff2000-7fdaeeff3000 r--p 00016000 08:06 6033125                    /lib/x86_64-linux-gnu/libnsl-2.13.so
7fdaeeff3000-7fdaeeff4000 rw-p 00017000 08:06 6033125                    /lib/x86_64-linux-gnu/libnsl-2.13.so
7fdaeeff4000-7fdaeeff6000 rw-p 00000000 00:00 0 
7fdaeeff6000-7fdaef022000 r-xp 00000000 08:06 3411317                    /usr/lib/jvm/java-6-openjdk/jre/lib/amd64/libjava.so
7fdaef022000-7fdaef221000 ---p 0002c000 08:06 3411317                    /usr/lib/jvm/java-6-openjdk/jre/lib/amd64/libjava.so
7fdaef221000-7fdaef222000 r--p 0002b000 08:06 3411317                    /usr/lib/jvm/java-6-openjdk/jre/lib/amd64/libjava.so
7fdaef222000-7fdaef225000 rw-p 0002c000 08:06 3411317                    /usr/lib/jvm/java-6-openjdk/jre/lib/amd64/libjava.so
7fdaef225000-7fdaef233000 r-xp 00000000 08:06 3411300                    /usr/lib/jvm/java-6-openjdk/jre/lib/amd64/libverify.so
7fdaef233000-7fdaef432000 ---p 0000e000 08:06 3411300                    /usr/lib/jvm/java-6-openjdk/jre/lib/amd64/libverify.so
7fdaef432000-7fdaef434000 r--p 0000d000 08:06 3411300                    /usr/lib/jvm/java-6-openjdk/jre/lib/amd64/libverify.so
7fdaef434000-7fdaef435000 rw-p 0000f000 08:06 3411300                    /usr/lib/jvm/java-6-openjdk/jre/lib/amd64/libverify.so
7fdaef435000-7fdaef43c000 r-xp 00000000 08:06 6033154                    /lib/x86_64-linux-gnu/librt-2.13.so
7fdaef43c000-7fdaef63b000 ---p 00007000 08:06 6033154                    /lib/x86_64-linux-gnu/librt-2.13.so
7fdaef63b000-7fdaef63c000 r--p 00006000 08:06 6033154                    /lib/x86_64-linux-gnu/librt-2.13.so
7fdaef63c000-7fdaef63d000 rw-p 00007000 08:06 6033154                    /lib/x86_64-linux-gnu/librt-2.13.so
7fdaef63d000-7fdaef652000 r-xp 00000000 08:06 6033113                    /lib/x86_64-linux-gnu/libgcc_s.so.1
7fdaef652000-7fdaef851000 ---p 00015000 08:06 6033113                    /lib/x86_64-linux-gnu/libgcc_s.so.1
7fdaef851000-7fdaef852000 r--p 00014000 08:06 6033113                    /lib/x86_64-linux-gnu/libgcc_s.so.1
7fdaef852000-7fdaef853000 rw-p 00015000 08:06 6033113                    /lib/x86_64-linux-gnu/libgcc_s.so.1
7fdaef853000-7fdaef8d7000 r-xp 00000000 08:06 6033122                    /lib/x86_64-linux-gnu/libm-2.13.so
7fdaef8d7000-7fdaefad6000 ---p 00084000 08:06 6033122                    /lib/x86_64-linux-gnu/libm-2.13.so
7fdaefad6000-7fdaefad7000 r--p 00083000 08:06 6033122                    /lib/x86_64-linux-gnu/libm-2.13.so
7fdaefad7000-7fdaefad8000 rw-p 00084000 08:06 6033122                    /lib/x86_64-linux-gnu/libm-2.13.so
7fdaefad8000-7fdaefbc0000 r-xp 00000000 08:06 3155345                    /usr/lib/x86_64-linux-gnu/libstdc++.so.6.0.14
7fdaefbc0000-7fdaefdbf000 ---p 000e8000 08:06 3155345                    /usr/lib/x86_64-linux-gnu/libstdc++.so.6.0.14
7fdaefdbf000-7fdaefdc7000 r--p 000e7000 08:06 3155345                    /usr/lib/x86_64-linux-gnu/libstdc++.so.6.0.14
7fdaefdc7000-7fdaefdc9000 rw-p 000ef000 08:06 3155345                    /usr/lib/x86_64-linux-gnu/libstdc++.so.6.0.14
7fdaefdc9000-7fdaefdde000 rw-p 00000000 00:00 0 
7fdaefdde000-7fdaf0733000 r-xp 00000000 08:06 3411320                    /usr/lib/jvm/java-6-openjdk/jre/lib/amd64/server/libjvm.so
7fdaf0733000-7fdaf0932000 ---p 00955000 08:06 3411320                    /usr/lib/jvm/java-6-openjdk/jre/lib/amd64/server/libjvm.so
7fdaf0932000-7fdaf09b3000 r--p 00954000 08:06 3411320                    /usr/lib/jvm/java-6-openjdk/jre/lib/amd64/server/libjvm.so
7fdaf09b3000-7fdaf09ce000 rw-p 009d5000 08:06 3411320                    /usr/lib/jvm/java-6-openjdk/jre/lib/amd64/server/libjvm.so
7fdaf09ce000-7fdaf09f7000 rw-p 00000000 00:00 0 
7fdaf09f7000-7fdaf0b81000 r-xp 00000000 08:06 6033085                    /lib/x86_64-linux-gnu/libc-2.13.so
7fdaf0b81000-7fdaf0d80000 ---p 0018a000 08:06 6033085                    /lib/x86_64-linux-gnu/libc-2.13.so
7fdaf0d80000-7fdaf0d84000 r--p 00189000 08:06 6033085                    /lib/x86_64-linux-gnu/libc-2.13.so
7fdaf0d84000-7fdaf0d85000 rw-p 0018d000 08:06 6033085                    /lib/x86_64-linux-gnu/libc-2.13.so
7fdaf0d85000-7fdaf0d8b000 rw-p 00000000 00:00 0 
7fdaf0d8b000-7fdaf0d8d000 r-xp 00000000 08:06 6033095                    /lib/x86_64-linux-gnu/libdl-2.13.so
7fdaf0d8d000-7fdaf0f8d000 ---p 00002000 08:06 6033095                    /lib/x86_64-linux-gnu/libdl-2.13.so
7fdaf0f8d000-7fdaf0f8e000 r--p 00002000 08:06 6033095                    /lib/x86_64-linux-gnu/libdl-2.13.so
7fdaf0f8e000-7fdaf0f8f000 rw-p 00003000 08:06 6033095                    /lib/x86_64-linux-gnu/libdl-2.13.so
7fdaf0f8f000-7fdaf0f93000 r-xp 00000000 08:06 3411298                    /usr/lib/jvm/java-6-openjdk/jre/lib/amd64/jli/libjli.so
7fdaf0f93000-7fdaf1192000 ---p 00004000 08:06 3411298                    /usr/lib/jvm/java-6-openjdk/jre/lib/amd64/jli/libjli.so
7fdaf1192000-7fdaf1193000 r--p 00003000 08:06 3411298                    /usr/lib/jvm/java-6-openjdk/jre/lib/amd64/jli/libjli.so
7fdaf1193000-7fdaf1194000 rw-p 00004000 08:06 3411298                    /usr/lib/jvm/java-6-openjdk/jre/lib/amd64/jli/libjli.so
7fdaf1194000-7fdaf11ac000 r-xp 00000000 08:06 6033150                    /lib/x86_64-linux-gnu/libpthread-2.13.so
7fdaf11ac000-7fdaf13ac000 ---p 00018000 08:06 6033150                    /lib/x86_64-linux-gnu/libpthread-2.13.so
7fdaf13ac000-7fdaf13ad000 r--p 00018000 08:06 6033150                    /lib/x86_64-linux-gnu/libpthread-2.13.so
7fdaf13ad000-7fdaf13ae000 rw-p 00019000 08:06 6033150                    /lib/x86_64-linux-gnu/libpthread-2.13.so
7fdaf13ae000-7fdaf13b2000 rw-p 00000000 00:00 0 
7fdaf13b2000-7fdaf13c9000 r-xp 00000000 08:06 6033168                    /lib/x86_64-linux-gnu/libz.so.1.2.3.4
7fdaf13c9000-7fdaf15c8000 ---p 00017000 08:06 6033168                    /lib/x86_64-linux-gnu/libz.so.1.2.3.4
7fdaf15c8000-7fdaf15c9000 r--p 00016000 08:06 6033168                    /lib/x86_64-linux-gnu/libz.so.1.2.3.4
7fdaf15c9000-7fdaf15ca000 rw-p 00017000 08:06 6033168                    /lib/x86_64-linux-gnu/libz.so.1.2.3.4
7fdaf15ca000-7fdaf15eb000 r-xp 00000000 08:06 6033072                    /lib/x86_64-linux-gnu/ld-2.13.so
7fdaf15ec000-7fdaf15f1000 r--s 00000000 08:06 3936464                    /var/cache/fontconfig/515ca1ebc4b18308bea979be5704f9db-le64.cache-3
7fdaf15f1000-7fdaf1602000 r--s 0011a000 08:06 6429277                    /home/aedon/KandA/genericjavaproject/com.ak.towerdefense.core/libs/gdx-backend-lwjgl.jar
7fdaf1602000-7fdaf160c000 rw-p 00000000 00:00 0 
7fdaf160c000-7fdaf16c2000 rw-p 00000000 00:00 0 
7fdaf16c2000-7fdaf16c5000 ---p 00000000 00:00 0 
7fdaf16c5000-7fdaf17c8000 rw-p 00000000 00:00 0 
7fdaf17c8000-7fdaf17c9000 rw-s 00005000 00:05 9308                       /dev/ati/card0
7fdaf17c9000-7fdaf17ca000 r--p 00000000 00:00 0 
7fdaf17ca000-7fdaf17cb000 r--s 00000000 08:06 3935581                    /var/cache/fontconfig/4794a0821666d79190d59a36cb4f44b5-le64.cache-3
7fdaf17cb000-7fdaf17d1000 r--s 0005a000 08:06 6429293                    /home/aedon/KandA/genericjavaproject/com.ak.towerdefense.core/libs/gdx-tools.jar
7fdaf17d1000-7fdaf17d2000 r--s 001c8000 08:06 6429291                    /home/aedon/KandA/genericjavaproject/com.ak.towerdefense.core/libs/gdx-natives.jar
7fdaf17d2000-7fdaf17d3000 r--s 00127000 08:06 6429285                    /home/aedon/KandA/genericjavaproject/com.ak.towerdefense.core/libs/gdx-backend-lwjgl-natives.jar
7fdaf17d3000-7fdaf17db000 r--s 00066000 08:06 3673871                    /usr/share/java/gnome-java-bridge.jar
7fdaf17db000-7fdaf17de000 r--s 0000f000 08:06 3284573                    /usr/lib/jvm/java-6-openjdk/jre/lib/ext/pulse-java.jar
7fdaf17de000-7fdaf17e6000 rw-s 00000000 08:06 5511021                    /tmp/hsperfdata_aedon/4050
7fdaf17e6000-7fdaf17e7000 rw-p 00000000 00:00 0 
7fdaf17e7000-7fdaf17e8000 r--p 00000000 00:00 0 
7fdaf17e8000-7fdaf17ea000 rw-p 00000000 00:00 0 
7fdaf17ea000-7fdaf17eb000 r--p 00020000 08:06 6033072                    /lib/x86_64-linux-gnu/ld-2.13.so
7fdaf17eb000-7fdaf17ed000 rw-p 00021000 08:06 6033072                    /lib/x86_64-linux-gnu/ld-2.13.so
7fff18a76000-7fff18a97000 rw-p 00000000 00:00 0                          [stack]
7fff18b78000-7fff18b79000 r-xp 00000000 00:00 0                          [vdso]
ffffffffff600000-ffffffffff601000 r-xp 00000000 00:00 0                  [vsyscall]

VM Arguments:
jvm_args: -Dfile.encoding=UTF-8 
java_command: com.ak.towerdefense.screens.benchmarks.BenchMarkStarter
Launcher Type: SUN_STANDARD

Environment Variables:
PATH=/usr/local/sbin:/usr/local/bin:/usr/sbin:/usr/bin:/sbin:/bin:/usr/games
USERNAME=aedon
LD_LIBRARY_PATH=/usr/lib/jvm/java-6-openjdk/jre/lib/amd64/server:/usr/lib/jvm/java-6-openjdk/jre/lib/amd64:/usr/lib/jvm/java-6-openjdk/jre/../lib/amd64:/usr/lib/xulrunner-1.9.2.17
SHELL=/bin/bash
DISPLAY=:0.0

Signal Handlers:
SIGSEGV: [libjvm.so+0x7d0fd0], sa_mask[0]=0x7ffbfeff, sa_flags=0x10000004
SIGBUS: [libjvm.so+0x7d0fd0], sa_mask[0]=0x7ffbfeff, sa_flags=0x10000004
SIGFPE: [libjvm.so+0x6837d0], sa_mask[0]=0x7ffbfeff, sa_flags=0x10000004
SIGPIPE: [libjvm.so+0x6837d0], sa_mask[0]=0x7ffbfeff, sa_flags=0x10000004
SIGXFSZ: [libjvm.so+0x6837d0], sa_mask[0]=0x7ffbfeff, sa_flags=0x10000004
SIGILL: [libjvm.so+0x6837d0], sa_mask[0]=0x7ffbfeff, sa_flags=0x10000004
SIGUSR1: SIG_DFL, sa_mask[0]=0x00000000, sa_flags=0x00000000
SIGUSR2: [libjvm.so+0x6839a0], sa_mask[0]=0x00000004, sa_flags=0x10000004
SIGHUP: [libjvm.so+0x686340], sa_mask[0]=0x7ffbfeff, sa_flags=0x10000004
SIGINT: [libjvm.so+0x686340], sa_mask[0]=0x7ffbfeff, sa_flags=0x10000004
SIGTERM: [libjvm.so+0x686340], sa_mask[0]=0x7ffbfeff, sa_flags=0x10000004
SIGQUIT: [libjvm.so+0x686340], sa_mask[0]=0x7ffbfeff, sa_flags=0x10000004


---------------  S Y S T E M  ---------------

OS:LinuxMint 11 (katya)
uname:Linux 2.6.38-12-generic #51-Ubuntu SMP Wed Sep 28 14:27:32 UTC 2011 x86_64
libc:glibc 2.13 NPTL 2.13 
rlimit: STACK 8192k, CORE 0k, NPROC infinity, NOFILE 4096, AS infinity
load average:0.21 0.24 0.21

/proc/meminfo:
MemTotal:        8160596 kB
MemFree:         2958284 kB
Buffers:          139612 kB
Cached:          3267812 kB
SwapCached:            0 kB
Active:          2536052 kB
Inactive:        2165200 kB
Active(anon):    1295192 kB
Inactive(anon):    16584 kB
Active(file):    1240860 kB
Inactive(file):  2148616 kB
Unevictable:          32 kB
Mlocked:              32 kB
SwapTotal:       8348668 kB
SwapFree:        8348668 kB
Dirty:              6356 kB
Writeback:           688 kB
AnonPages:       1293796 kB
Mapped:           264836 kB
Shmem:             17932 kB
Slab:              80120 kB
SReclaimable:      51668 kB
SUnreclaim:        28452 kB
KernelStack:        3312 kB
PageTables:        25476 kB
NFS_Unstable:          0 kB
Bounce:                0 kB
WritebackTmp:          0 kB
CommitLimit:    12428964 kB
Committed_AS:    3237972 kB
VmallocTotal:   34359738367 kB
VmallocUsed:      327736 kB
VmallocChunk:   34359403944 kB
HardwareCorrupted:     0 kB
HugePages_Total:       0
HugePages_Free:        0
HugePages_Rsvd:        0
HugePages_Surp:        0
Hugepagesize:       2048 kB
DirectMap4k:      217088 kB
DirectMap2M:     8138752 kB


CPU:total 2 (2 cores per cpu, 1 threads per core) family 6 model 23 stepping 6, cmov, cx8, fxsr, mmx, sse, sse2, sse3, ssse3, sse4.1

Memory: 4k page, physical 8160596k(2958284k free), swap 8348668k(8348668k free)

vm_info: OpenJDK 64-Bit Server VM (20.0-b11) for linux-amd64 JRE (1.6.0_22-b22), built on Oct 25 2011 06:09:07 by "buildd" with gcc 4.5.2

time: Thu Jan 26 21:49:39 2012
elapsed time: 225 seconds

