#
# A fatal error has been detected by the Java Runtime Environment:
#
#  SIGSEGV (0xb) at pc=0x0000000000038cce, pid=4468, tid=140547579209472
#
# JRE version: 6.0_22-b22
# Java VM: OpenJDK 64-Bit Server VM (20.0-b11 mixed mode linux-amd64 compressed oops)
# Derivative: IcedTea6 1.10.4
# Distribution: Ubuntu 11.04, package 6b22-1.10.4-0ubuntu1~11.04.1
# Problematic frame:
# C  0x0000000000038cce
#
# If you would like to submit a bug report, please include
# instructions how to reproduce the bug and visit:
#   https://bugs.launchpad.net/ubuntu/+source/openjdk-6/
# The crash happened outside the Java Virtual Machine in native code.
# See problematic frame for where to report the bug.
#

---------------  T H R E A D  ---------------

Current thread (0x00007fd3c423a000):  JavaThread "LWJGL Application" [_thread_in_native, id=4494, stack(0x00007fd3c8786000,0x00007fd3c8887000)]

siginfo:si_signo=SIGSEGV: si_errno=0, si_code=1 (SEGV_MAPERR), si_addr=0x0000000000038cce

Registers:
RAX=0x00007fd3c8554c80, RBX=0x00007fd3c423a1d0, RCX=0x000000000000d631, RDX=0x00000007798452f8
RSP=0x00007fd3c88855d8, RBP=0x00007fd3c8885660, RSI=0x00007fd3c88855e0, RDI=0x00007fd3c423a1d0
R8 =0x00007fd3bcab83c0, R9 =0x0000000000000001, R10=0x00007fd3ccd4fd3b, R11=0x00007fd3d1c696c0
R12=0x0000000000000000, R13=0x00000007798378d8, R14=0x00007fd3c8885678, R15=0x00007fd3c423a000
RIP=0x0000000000038cce, EFLAGS=0x0000000000010202, CSGSFS=0x0000000000000033, ERR=0x0000000000000014
  TRAPNO=0x000000000000000e

Top of Stack: (sp=0x00007fd3c88855d8)
0x00007fd3c88855d8:   00007fd3c8554c97 0000000700010004
0x00007fd3c88855e8:   00000007799d2150 0000000779142ea8
0x00007fd3c88855f8:   0000000000000000 00007fd3c8885618
0x00007fd3c8885608:   00007fd3c8885668 00000007798378e0
0x00007fd3c8885618:   00007fd3ccd4fd68 00007fd3c8885620
0x00007fd3c8885628:   0000000000000000 00007fd3c8885678
0x00007fd3c8885638:   00000007798452f8 0000000000000000
0x00007fd3c8885648:   00000007798378e0 0000000000000000
0x00007fd3c8885658:   00007fd3c8885680 00007fd3c88856c0
0x00007fd3c8885668:   00007fd3ccd4485a 0000000779840d70
0x00007fd3c8885678:   00007fd3ccd4cf58 00007fd3c8885680
0x00007fd3c8885688:   00000007798377e0 00007fd3c88856d0
0x00007fd3c8885698:   00000007798452f8 00000007799cf550
0x00007fd3c88856a8:   0000000779837818 00007fd3c8885680
0x00007fd3c88856b8:   00007fd3c88856d8 00007fd3c8885728
0x00007fd3c88856c8:   00007fd3ccd4485a 0000000000000000
0x00007fd3c88856d8:   00000035549f9401 00000007d7116320
0x00007fd3c88856e8:   00007fd3c88856d8 000000077987bbdb
0x00007fd3c88856f8:   00007fd3c8885770 000000077987cd88
0x00007fd3c8885708:   0000000000000000 000000077987bc68
0x00007fd3c8885718:   00007fd3c88856d8 00007fd3c8885770
0x00007fd3c8885728:   00007fd3c88857b8 00007fd3ccd44d34
0x00007fd3c8885738:   0000000000000000 0000000000000000
0x00007fd3c8885748:   0000000000000000 0000000000000000
0x00007fd3c8885758:   00000007d70e8490 00000007d7116320
0x00007fd3c8885768:   00000007d7116320 00000007d7116310
0x00007fd3c8885778:   00007fd3c8885778 00000007798277bb
0x00007fd3c8885788:   00007fd3c88857c0 000000077987a608
0x00007fd3c8885798:   0000000000000000 00000007798277d0
0x00007fd3c88857a8:   00007fd3c8885770 00007fd3c88857c8
0x00007fd3c88857b8:   00007fd3c8885818 00007fd3ccd4485a
0x00007fd3c88857c8:   0000000000000000 00000007d6ce9650 

Instructions: (pc=0x0000000000038cce)
0x0000000000038cae:   
[error occurred during error reporting (printing registers, top of stack, instructions near pc), id 0xb]

Register to memory mapping:

RAX=
[error occurred during error reporting (printing register info), id 0xb]

Stack: [0x00007fd3c8786000,0x00007fd3c8887000],  sp=0x00007fd3c88855d8,  free space=1021k
Native frames: (J=compiled Java code, j=interpreted, Vv=VM code, C=native code)
C  0x0000000000038cce
j  org.lwjgl.opengl.LinuxDisplay.lockAWT()V+0
j  org.lwjgl.opengl.LinuxContextImplementation.swapBuffers()V+27
j  org.lwjgl.opengl.Context.swapBuffers()V+3
j  org.lwjgl.opengl.Display.swapBuffers()V+31
j  org.lwjgl.opengl.Display.update(Z)V+44
j  org.lwjgl.opengl.Display.update()V+1
j  com.badlogic.gdx.backends.lwjgl.LwjglApplication.mainLoop()V+311
j  com.badlogic.gdx.backends.lwjgl.LwjglApplication$1.run()V+27
v  ~StubRoutines::call_stub
V  [libjvm.so+0x4cc34f]