#
# A fatal error has been detected by the Java Runtime Environment:
#
#  SIGSEGV (0xb) at pc=0x0000000000038cce, pid=4369, tid=140105128478464
#
# JRE version: 6.0_22-b22
# Java VM: OpenJDK 64-Bit Server VM (20.0-b11 mixed mode linux-amd64 compressed oops)
# Derivative: IcedTea6 1.10.4
# Distribution: Ubuntu 11.04, package 6b22-1.10.4-0ubuntu1~11.04.1
# Problematic frame:
# C  0x0000000000038cce
#
# If you would like to submit a bug report, please include
# instructions how to reproduce the bug and visit:
#   https://bugs.launchpad.net/ubuntu/+source/openjdk-6/
# The crash happened outside the Java Virtual Machine in native code.
# See problematic frame for where to report the bug.
#

---------------  T H R E A D  ---------------

Current thread (0x00007f6cc0048000):  JavaThread "LWJGL Application" [_thread_in_native, id=4395, stack(0x00007f6cc45a0000,0x00007f6cc46a1000)]

siginfo:si_signo=SIGSEGV: si_errno=0, si_code=1 (SEGV_MAPERR), si_addr=0x0000000000038cce

Registers:
RAX=0x0000000779837820, RBX=0x00007f6cc00481d0, RCX=0x000000077987cd90, RDX=0x00007f6cc896885a
RSP=0x00007f6cc469f398, RBP=0x00007f6cc469f420, RSI=0x00007f6cc469f3a0, RDI=0x00007f6cc00481d0
R8 =0x00007f6cb88b23c0, R9 =0x0000000000000001, R10=0x00007f6cc8a10f5e, R11=0x00007f6cc8a12220
R12=0x0000000000000000, R13=0x00007f6cc469f458, R14=0x00007f6cc469f410, R15=0x00007f6cc0048000
RIP=0x0000000000038cce, EFLAGS=0x0000000000010206, CSGSFS=0x0000000000000033, ERR=0x0000000000000014
  TRAPNO=0x000000000000000e

Top of Stack: (sp=0x00007f6cc469f398)
0x00007f6cc469f398:   00007f6cc436ec97 0000000700010004
0x00007f6cc469f3a8:   00007f6cc469f3a8 000000077911a7f8
0x00007f6cc469f3b8:   00007f6cc469f410 000000077911b488
0x00007f6cc469f3c8:   00000007799d1f60 0000000779837820
0x00007f6cc469f3d8:   00007f6cc8a10fcc 00007f6cc469f410
0x00007f6cc469f3e8:   00007f6cc469f458 00007f6cc89689b3
0x00007f6cc469f3f8:   00000007d7116460 00000007d6dacf18
0x00007f6cc469f408:   00000007d6cf8b48 0000000779840d78
0x00007f6cc469f418:   00007f6cc469f418 00007f6cc469f4a8
0x00007f6cc469f428:   00007f6cc8a12234 000000077987a610
0x00007f6cc469f438:   0000000000000000 00007f6cc469f4a8
0x00007f6cc469f448:   00007f6cc896885a 00007f6cc896885a
0x00007f6cc469f458:   00000050c4fe7601 00000007d7116320
0x00007f6cc469f468:   00007f6cc469f458 000000077987bbe3
0x00007f6cc469f478:   00007f6cc469f4f0 000000077987cd90
0x00007f6cc469f488:   0000000000000000 000000077987bc70
0x00007f6cc469f498:   00007f6cc469f458 00007f6cc469f4f0
0x00007f6cc469f4a8:   00007f6cc469f538 00007f6cc8968d34
0x00007f6cc469f4b8:   0000000000000000 0000000000000000
0x00007f6cc469f4c8:   0000000000000000 0000000000000000
0x00007f6cc469f4d8:   00000007d70e8490 00000007d7116320
0x00007f6cc469f4e8:   00000007d7116320 00000007d7116310
0x00007f6cc469f4f8:   00007f6cc469f4f8 00000007798277c3
0x00007f6cc469f508:   00007f6cc469f540 000000077987a610
0x00007f6cc469f518:   0000000000000000 00000007798277d8
0x00007f6cc469f528:   00007f6cc469f4f0 00007f6cc469f548
0x00007f6cc469f538:   00007f6cc469f598 00007f6cc896885a
0x00007f6cc469f548:   0000000000000000 00000007d6ce9650
0x00007f6cc469f558:   00007f6cc469f548 0000000779821e8f
0x00007f6cc469f568:   00007f6cc469f5b0 000000077982f258
0x00007f6cc469f578:   0000000000000000 0000000779821eb0
0x00007f6cc469f588:   00007f6cc469f548 00007f6cc469f5b8 

Instructions: (pc=0x0000000000038cce)
0x0000000000038cae:   
[error occurred during error reporting (printing registers, top of stack, instructions near pc), id 0xb]

Register to memory mapping:

RAX=0x0000000779837820 is an oop
{method} 
 - klass: {other class}
RBX=0x00007f6cc00481d0 is an unknown value
RCX=0x000000077987cd90 is an oop
{constant pool cache} 
 - klass: {other class}
RDX=0x00007f6cc896885a is an Interpreter codelet
return entry points  [0x00007f6cc8968140, 0x00007f6cc8969700]  5568 bytes
RSP=0x00007f6cc469f398 is pointing into the stack for thread: 0x00007f6cc0048000
RBP=0x00007f6cc469f420 is pointing into the stack for thread: 0x00007f6cc0048000
RSI=0x00007f6cc469f3a0 is pointing into the stack for thread: 0x00007f6cc0048000
RDI=0x00007f6cc00481d0 is an unknown value
R8 =0x00007f6cb88b23c0: glBindBufferARB+0 in /usr/lib/fglrx/libGL.so.1 at 0x00007f6cb86e2000
R9 =0x0000000000000001 is an unknown value
R10=0x00007f6cc8a10d90 [CodeBlob (0x00007f6cc8a10d90)]
Framesize: 10
R11=0x00007f6cc8a120d0 [CodeBlob (0x00007f6cc8a120d0)]
Framesize: 4
R12=0x0000000000000000 is an unknown value
R13=0x00007f6cc469f458 is pointing into the stack for thread: 0x00007f6cc0048000
R14=0x00007f6cc469f410 is pointing into the stack for thread: 0x00007f6cc0048000
R15=0x00007f6cc0048000 is a thread


Stack: [0x00007f6cc45a0000,0x00007f6cc46a1000],  sp=0x00007f6cc469f398,  free space=1020k
Native frames: (J=compiled Java code, j=interpreted, Vv=VM code, C=native code)
C  0x0000000000038cce
J  org.lwjgl.opengl.LinuxDisplay.lockAWT()V
j  org.lwjgl.opengl.Context.swapBuffers()V+3
j  org.lwjgl.opengl.Display.swapBuffers()V+31
j  org.lwjgl.opengl.Display.update(Z)V+44
j  org.lwjgl.opengl.Display.update()V+1
j  com.badlogic.gdx.backends.lwjgl.LwjglApplication.mainLoop()V+311
j  com.badlogic.gdx.backends.lwjgl.LwjglApplication$1.run()V+27
v  ~StubRoutines::call_stub
V  [libjvm.so+0x4cc34f]