#
# A fatal error has been detected by the Java Runtime Environment:
#
#  SIGSEGV (0xb) at pc=0x00007f6787cfb978, pid=4552, tid=140082733905664
#
# JRE version: 6.0_22-b22
# Java VM: OpenJDK 64-Bit Server VM (20.0-b11 mixed mode linux-amd64 compressed oops)
# Derivative: IcedTea6 1.10.4
# Distribution: Ubuntu 11.04, package 6b22-1.10.4-0ubuntu1~11.04.1
# Problematic frame:
# C  [libX11.so.6+0x35978]  XQueryExtension+0x28
#
# If you would like to submit a bug report, please include
# instructions how to reproduce the bug and visit:
#   https://bugs.launchpad.net/ubuntu/+source/openjdk-6/
#

---------------  T H R E A D  ---------------

Current thread (0x000000000210f800):  VMThread [stack: 0x00007f678d87f000,0x00007f678d980000] [id=4560]

siginfo:si_signo=SIGSEGV: si_errno=0, si_code=1 (SEGV_MAPERR), si_addr=0xffffffff88225d38

Registers:
RAX=0x00000000020b47c0, RBX=0xffffffff882253d0, RCX=0x00007f678d97e848, RDX=0x00007f678d97e844
RSP=0x00007f678d97e7d0, RBP=0x00007f677e6898b2, RSI=0x00007f677e6898b2, RDI=0xffffffff882253d0
R8 =0x00007f678d97e84c, R9 =0x0000000000000000, R10=0x00007f6793f6bf88, R11=0x00007f6793c14ca0
R12=0x00007f678d97e844, R13=0x00000000020b47c0, R14=0x00000000020b47c0, R15=0x0000000000000000
RIP=0x00007f6787cfb978, EFLAGS=0x0000000000010202, CSGSFS=0x0000000000000033, ERR=0x0000000000000005
  TRAPNO=0x000000000000000e

Top of Stack: (sp=0x00007f678d97e7d0)
0x00007f678d97e7d0:   000000000000002a 00007f6788000020
0x00007f678d97e7e0:   00007f6788238b80 00007f6793f6a1c0
0x00007f678d97e7f0:   ffffffff882253d0 ffffffff882253d0
0x00007f678d97e800:   00007f677e6898b2 0000000000000011
0x00007f678d97e810:   00000000020b47c0 00000000020b47c0
0x00007f678d97e820:   0000000000000000 00007f6787cef182
0x00007f678d97e830:   00000000002070b0 000000000000003a
0x00007f678d97e840:   00000000001cbae8 00007f677e7c0f80
0x00007f678d97e850:   00007f677e7c0f80 ffffffff882253d0
0x00007f678d97e860:   0000000000000011 00007f678c0dddb2
0x00007f678d97e870:   00007f6700000005 0000000000000000
0x00007f678d97e880:   00007f6788233330 00007f677e6898b2
0x00007f678d97e890:   00007f678d97e910 0000000000000000
0x00007f678d97e8a0:   00007f678d97e910 ffffffff882253d0
0x00007f678d97e8b0:   00007f67949cf048 00007f6788052e90
0x00007f678d97e8c0:   00007f677e7d9df0 00007f677e630b89
0x00007f678d97e8d0:   00007f678d97eaa0 000000000000003a
0x00007f678d97e8e0:   00007f678d97e910 0000000000000000
0x00007f678d97e8f0:   00007f67949cf048 00007f6788052e90
0x00007f678d97e900:   000000000000002e 00007f677e627f22
0x00007f678d97e910:   00007f678d97eb80 00007f677e689821
0x00007f678d97e920:   00007f678d97eb80 00007f67947bcebc
0x00007f678d97e930:   00007f67949d02e8 00007f67949d0878
0x00007f678d97e940:   00007f67949ab500 00000000020aaa70
0x00007f678d97e950:   00000000020aaf50 00000000020ab450
0x00007f678d97e960:   00000000020b0140 000000000224d4d0
0x00007f678d97e970:   00007f678802f480 00007f678802f950
0x00007f678d97e980:   00007f67949cd820 00007f678816a4d0
0x00007f678d97e990:   00007f6788198990 00007f678815a8c0
0x00007f678d97e9a0:   00007f678816a990 00007f678816bdd0
0x00007f678d97e9b0:   00007f678816c270 000000000227bcf0
0x00007f678d97e9c0:   00000000022423c0 0000000002241a80 

Instructions: (pc=0x00007f6787cfb978)
0x00007f6787cfb958:   24 d8 48 89 fb 4c 89 64 24 e0 4c 89 6c 24 e8 49
0x00007f6787cfb968:   89 d4 4c 89 74 24 f0 4c 89 7c 24 f8 48 83 ec 58
0x00007f6787cfb978:   48 8b 87 68 09 00 00 49 89 f5 48 89 cd 4d 89 c6
0x00007f6787cfb988:   48 85 c0 74 02 ff 10 4c 8b bb b0 00 00 00 49 8d 

Register to memory mapping:

RAX=0x00000000020b47c0 is an unknown value
RBX=0xffffffff882253d0 is an unknown value
RCX=0x00007f678d97e848 is an unknown value
RDX=0x00007f678d97e844 is an unknown value
RSP=0x00007f678d97e7d0 is an unknown value
RBP=0x00007f677e6898b2: <offset 0x948b2> in /usr/lib/fglrx/libGL.so.1 at 0x00007f677e5f5000
RSI=0x00007f677e6898b2: <offset 0x948b2> in /usr/lib/fglrx/libGL.so.1 at 0x00007f677e5f5000
RDI=0xffffffff882253d0 is an unknown value
R8 =0x00007f678d97e84c is an unknown value
R9 =0x0000000000000000 is an unknown value
R10=0x00007f6793f6bf88: <offset 0x390f88> in /lib/x86_64-linux-gnu/libc.so.6 at 0x00007f6793bdb000
R11=0x00007f6793c14ca0: __cxa_finalize+0 in /lib/x86_64-linux-gnu/libc.so.6 at 0x00007f6793bdb000
R12=0x00007f678d97e844 is an unknown value
R13=0x00000000020b47c0 is an unknown value
R14=0x00000000020b47c0 is an unknown value
R15=0x0000000000000000 is an unknown value


Stack: [0x00007f678d87f000,0x00007f678d980000],  sp=0x00007f678d97e7d0,  free space=1021k
Native frames: (J=compiled Java code, j=interpreted, Vv=VM code, C=native code)
C  [libX11.so.6+0x35978]  XQueryExtension+0x28

VM_Operation (0x00007f6786598440): Exit, mode: safepoint, requested by thread 0x0000000002434800


---------------  P R O C E S S  ---------------

Java Threads: ( => current thread )
  0x00000000020ac000 JavaThread "DestroyJavaVM" [_thread_blocked, id=4554, stack(0x00007f67948a6000,0x00007f67949a7000)]
  0x0000000002434800 JavaThread "LWJGL Application" [_thread_blocked, id=4581, stack(0x00007f6786499000,0x00007f678659a000)]
  0x00007f678815f000 JavaThread "AWT-XAWT" daemon [_thread_blocked, id=4572, stack(0x00007f678659a000,0x00007f678669b000)]
  0x00007f678803c800 JavaThread "Java2D Disposer" daemon [_thread_blocked, id=4571, stack(0x00007f6786aab000,0x00007f6786bac000)]
  0x0000000002146800 JavaThread "Low Memory Detector" daemon [_thread_blocked, id=4566, stack(0x00007f678cbef000,0x00007f678ccf0000)]
  0x0000000002141800 JavaThread "C2 CompilerThread1" daemon [_thread_blocked, id=4565, stack(0x00007f678ccf0000,0x00007f678cdf1000)]
  0x000000000213e800 JavaThread "C2 CompilerThread0" daemon [_thread_blocked, id=4564, stack(0x00007f678cdf1000,0x00007f678cef2000)]
  0x0000000002118800 JavaThread "Finalizer" daemon [_thread_blocked, id=4562, stack(0x00007f678d67d000,0x00007f678d77e000)]
  0x0000000002116800 JavaThread "Reference Handler" daemon [_thread_blocked, id=4561, stack(0x00007f678d77e000,0x00007f678d87f000)]

Other Threads:
=>0x000000000210f800 VMThread [stack: 0x00007f678d87f000,0x00007f678d980000] [id=4560]

VM state:at safepoint (shutting down)

VM Mutex/Monitor currently owned by a thread:  ([mutex/lock_event])
[0x00000000020a8e40] Threads_lock - owner thread: 0x000000000210f800

Heap
 PSYoungGen      total 37184K, used 17262K [0x00000007d6760000, 0x00000007d90e0000, 0x0000000800000000)
  eden space 31872K, 54% used [0x00000007d6760000,0x00000007d783bbb8,0x00000007d8680000)
  from space 5312K, 0% used [0x00000007d8bb0000,0x00000007d8bb0000,0x00000007d90e0000)
  to   space 5312K, 0% used [0x00000007d8680000,0x00000007d8680000,0x00000007d8bb0000)
 PSOldGen        total 85056K, used 0K [0x0000000783600000, 0x0000000788910000, 0x00000007d6760000)
  object space 85056K, 0% used [0x0000000783600000,0x0000000783600000,0x0000000788910000)
 PSPermGen       total 21248K, used 10178K [0x0000000779000000, 0x000000077a4c0000, 0x0000000783600000)
  object space 21248K, 47% used [0x0000000779000000,0x00000007799f0890,0x000000077a4c0000)

Code Cache  [0x00007f678e796000, 0x00007f678ea06000, 0x00007f6791796000)
 total_blobs=633 nmethods=165 adapters=423 free_code_cache=49479424 largest_free_block=19648

Dynamic libraries:
00400000-00409000 r-xp 00000000 08:06 3411176                            /usr/lib/jvm/java-6-openjdk/jre/bin/java
00608000-00609000 r--p 00008000 08:06 3411176                            /usr/lib/jvm/java-6-openjdk/jre/bin/java
00609000-0060a000 rw-p 00009000 08:06 3411176                            /usr/lib/jvm/java-6-openjdk/jre/bin/java
020a1000-02905000 rw-p 00000000 00:00 0                                  [heap]
779000000-77a4c0000 rw-p 00000000 00:00 0 
77a4c0000-783600000 rw-p 00000000 00:00 0 
783600000-788910000 rw-p 00000000 00:00 0 
788910000-7d6760000 rw-p 00000000 00:00 0 
7d6760000-7d90e0000 rw-p 00000000 00:00 0 
7d90e0000-800000000 rw-p 00000000 00:00 0 
7f677bb68000-7f677c268000 rw-s 00006000 00:05 9308                       /dev/ati/card0
7f677c268000-7f677c2e5000 rw-p 00000000 00:00 0 
7f677c2e5000-7f677c2e7000 r-xp 00000000 08:06 3155232                    /usr/lib/x86_64-linux-gnu/libXinerama.so.1.0.0
7f677c2e7000-7f677c4e6000 ---p 00002000 08:06 3155232                    /usr/lib/x86_64-linux-gnu/libXinerama.so.1.0.0
7f677c4e6000-7f677c4e7000 r--p 00001000 08:06 3155232                    /usr/lib/x86_64-linux-gnu/libXinerama.so.1.0.0
7f677c4e7000-7f677c4e8000 rw-p 00002000 08:06 3155232                    /usr/lib/x86_64-linux-gnu/libXinerama.so.1.0.0
7f677c4e8000-7f677c51a000 r-xp 00000000 08:06 3281736                    /usr/lib/fglrx/libatiadlxx.so
7f677c51a000-7f677c61a000 ---p 00032000 08:06 3281736                    /usr/lib/fglrx/libatiadlxx.so
7f677c61a000-7f677c621000 rw-p 00032000 08:06 3281736                    /usr/lib/fglrx/libatiadlxx.so
7f677c621000-7f677c628000 r-xp 00000000 08:06 3281758                    /usr/lib/fglrx/libatiuki.so.1.0
7f677c628000-7f677c728000 ---p 00007000 08:06 3281758                    /usr/lib/fglrx/libatiuki.so.1.0
7f677c728000-7f677c729000 rw-p 00007000 08:06 3281758                    /usr/lib/fglrx/libatiuki.so.1.0
7f677c729000-7f677c72a000 rw-p 00000000 00:00 0 
7f677c72a000-7f677e2bc000 r-xp 00000000 08:06 3281742                    /usr/lib/fglrx/dri/fglrx_dri.so
7f677e2bc000-7f677e3bc000 ---p 01b92000 08:06 3281742                    /usr/lib/fglrx/dri/fglrx_dri.so
7f677e3bc000-7f677e4e7000 rwxp 01b92000 08:06 3281742                    /usr/lib/fglrx/dri/fglrx_dri.so
7f677e4e7000-7f677e5f5000 rwxp 00000000 00:00 0 
7f677e5f5000-7f677e6b5000 r-xp 00000000 08:06 3281740                    /usr/lib/fglrx/libGL.so.1.2
7f677e6b5000-7f677e7b4000 ---p 000c0000 08:06 3281740                    /usr/lib/fglrx/libGL.so.1.2
7f677e7b4000-7f677e7da000 rwxp 000bf000 08:06 3281740                    /usr/lib/fglrx/libGL.so.1.2
7f677e7da000-7f677e7fa000 rwxp 00000000 00:00 0 
7f677e7fa000-7f677e7fd000 ---p 00000000 00:00 0 
7f677e7fd000-7f677e8fb000 rw-p 00000000 00:00 0 
7f677e8fb000-7f677e8fc000 ---p 00000000 00:00 0 
7f677e8fc000-7f677f0fc000 rw-p 00000000 00:00 0 
7f67830fd000-7f67830fe000 ---p 00000000 00:00 0 
7f67830fe000-7f67838fe000 rw-p 00000000 00:00 0 
7f67838fe000-7f6783904000 r-xp 00000000 08:06 3150602                    /usr/lib/libogg.so.0.7.0
7f6783904000-7f6783b03000 ---p 00006000 08:06 3150602                    /usr/lib/libogg.so.0.7.0
7f6783b03000-7f6783b04000 r--p 00005000 08:06 3150602                    /usr/lib/libogg.so.0.7.0
7f6783b04000-7f6783b05000 rw-p 00006000 08:06 3150602                    /usr/lib/libogg.so.0.7.0
7f6783b05000-7f6783b30000 r-xp 00000000 08:06 3150878                    /usr/lib/libvorbis.so.0.4.5
7f6783b30000-7f6783d2f000 ---p 0002b000 08:06 3150878                    /usr/lib/libvorbis.so.0.4.5
7f6783d2f000-7f6783d30000 r--p 0002a000 08:06 3150878                    /usr/lib/libvorbis.so.0.4.5
7f6783d30000-7f6783d31000 rw-p 0002b000 08:06 3150878                    /usr/lib/libvorbis.so.0.4.5
7f6783d31000-7f6783fe4000 r-xp 00000000 08:06 3150880                    /usr/lib/libvorbisenc.so.2.0.8
7f6783fe4000-7f67841e3000 ---p 002b3000 08:06 3150880                    /usr/lib/libvorbisenc.so.2.0.8
7f67841e3000-7f67841ff000 r--p 002b2000 08:06 3150880                    /usr/lib/libvorbisenc.so.2.0.8
7f67841ff000-7f6784200000 rw-p 002ce000 08:06 3150880                    /usr/lib/libvorbisenc.so.2.0.8
7f6784200000-7f6784248000 r-xp 00000000 08:06 3149758                    /usr/lib/libFLAC.so.8.2.0
7f6784248000-7f6784448000 ---p 00048000 08:06 3149758                    /usr/lib/libFLAC.so.8.2.0
7f6784448000-7f6784449000 r--p 00048000 08:06 3149758                    /usr/lib/libFLAC.so.8.2.0
7f6784449000-7f678444a000 rw-p 00049000 08:06 3149758                    /usr/lib/libFLAC.so.8.2.0
7f678444a000-7f67844ab000 r-xp 00000000 08:06 3150589                    /usr/lib/libsndfile.so.1.0.23
7f67844ab000-7f67846ab000 ---p 00061000 08:06 3150589                    /usr/lib/libsndfile.so.1.0.23
7f67846ab000-7f67846ad000 r--p 00061000 08:06 3150589                    /usr/lib/libsndfile.so.1.0.23
7f67846ad000-7f67846ae000 rw-p 00063000 08:06 3150589                    /usr/lib/libsndfile.so.1.0.23
7f67846ae000-7f67846b2000 rw-p 00000000 00:00 0 
7f67846b2000-7f67846ba000 r-xp 00000000 08:06 6029417                    /lib/libwrap.so.0.7.6
7f67846ba000-7f67848ba000 ---p 00008000 08:06 6029417                    /lib/libwrap.so.0.7.6
7f67848ba000-7f67848bb000 r--p 00008000 08:06 6029417                    /lib/libwrap.so.0.7.6
7f67848bb000-7f67848bc000 rw-p 00009000 08:06 6029417                    /lib/libwrap.so.0.7.6
7f67848bc000-7f67848bd000 rw-p 00000000 00:00 0 
7f67848bd000-7f67848c1000 r-xp 00000000 08:06 6033166                    /lib/x86_64-linux-gnu/libuuid.so.1.3.0
7f67848c1000-7f6784ac0000 ---p 00004000 08:06 6033166                    /lib/x86_64-linux-gnu/libuuid.so.1.3.0
7f6784ac0000-7f6784ac1000 r--p 00003000 08:06 6033166                    /lib/x86_64-linux-gnu/libuuid.so.1.3.0
7f6784ac1000-7f6784ac2000 rw-p 00004000 08:06 6033166                    /lib/x86_64-linux-gnu/libuuid.so.1.3.0
7f6784ac2000-7f6784b04000 r-xp 00000000 08:06 6033148                    /lib/x86_64-linux-gnu/libdbus-1.so.3.5.4
7f6784b04000-7f6784d04000 ---p 00042000 08:06 6033148                    /lib/x86_64-linux-gnu/libdbus-1.so.3.5.4
7f6784d04000-7f6784d05000 r--p 00042000 08:06 6033148                    /lib/x86_64-linux-gnu/libdbus-1.so.3.5.4
7f6784d05000-7f6784d06000 rw-p 00043000 08:06 6033148                    /lib/x86_64-linux-gnu/libdbus-1.so.3.5.4
7f6784d06000-7f6784d51000 r-xp 00000000 08:06 3146720                    /usr/lib/libpulsecommon-0.9.22.so
7f6784d51000-7f6784f50000 ---p 0004b000 08:06 3146720                    /usr/lib/libpulsecommon-0.9.22.so
7f6784f50000-7f6784f51000 r--p 0004a000 08:06 3146720                    /usr/lib/libpulsecommon-0.9.22.so
7f6784f51000-7f6784f52000 rw-p 0004b000 08:06 3146720                    /usr/lib/libpulsecommon-0.9.22.so
7f6784f52000-7f6784f55000 r-xp 00000000 08:06 3150911                    /usr/lib/libxcb-atom.so.1.0.0
7f6784f55000-7f6785155000 ---p 00003000 08:06 3150911                    /usr/lib/libxcb-atom.so.1.0.0
7f6785155000-7f6785156000 r--p 00003000 08:06 3150911                    /usr/lib/libxcb-atom.so.1.0.0
7f6785156000-7f6785157000 rw-p 00004000 08:06 3150911                    /usr/lib/libxcb-atom.so.1.0.0
7f6785157000-7f678515e000 r-xp 00000000 08:06 3155202                    /usr/lib/x86_64-linux-gnu/libSM.so.6.0.1
7f678515e000-7f678535d000 ---p 00007000 08:06 3155202                    /usr/lib/x86_64-linux-gnu/libSM.so.6.0.1
7f678535d000-7f678535e000 r--p 00006000 08:06 3155202                    /usr/lib/x86_64-linux-gnu/libSM.so.6.0.1
7f678535e000-7f678535f000 rw-p 00007000 08:06 3155202                    /usr/lib/x86_64-linux-gnu/libSM.so.6.0.1
7f678535f000-7f6785375000 r-xp 00000000 08:06 3155200                    /usr/lib/x86_64-linux-gnu/libICE.so.6.3.0
7f6785375000-7f6785575000 ---p 00016000 08:06 3155200                    /usr/lib/x86_64-linux-gnu/libICE.so.6.3.0
7f6785575000-7f6785576000 r--p 00016000 08:06 3155200                    /usr/lib/x86_64-linux-gnu/libICE.so.6.3.0
7f6785576000-7f6785577000 rw-p 00017000 08:06 3155200                    /usr/lib/x86_64-linux-gnu/libICE.so.6.3.0
7f6785577000-7f678557a000 rw-p 00000000 00:00 0 
7f678557a000-7f678557b000 r-xp 00000000 08:06 3155204                    /usr/lib/x86_64-linux-gnu/libX11-xcb.so.1.0.0
7f678557b000-7f678577a000 ---p 00001000 08:06 3155204                    /usr/lib/x86_64-linux-gnu/libX11-xcb.so.1.0.0
7f678577a000-7f678577b000 r--p 00000000 08:06 3155204                    /usr/lib/x86_64-linux-gnu/libX11-xcb.so.1.0.0
7f678577b000-7f678577c000 rw-p 00001000 08:06 3155204                    /usr/lib/x86_64-linux-gnu/libX11-xcb.so.1.0.0
7f678577c000-7f67857bc000 r-xp 00000000 08:06 3146712                    /usr/lib/libpulse.so.0.12.3
7f67857bc000-7f67859bb000 ---p 00040000 08:06 3146712                    /usr/lib/libpulse.so.0.12.3
7f67859bb000-7f67859bc000 r--p 0003f000 08:06 3146712                    /usr/lib/libpulse.so.0.12.3
7f67859bc000-7f67859bd000 rw-p 00040000 08:06 3146712                    /usr/lib/libpulse.so.0.12.3
7f6785c0c000-7f6785c0d000 r-xp 00000000 08:06 3411324                    /usr/lib/jvm/java-6-openjdk/jre/lib/amd64/libjawt.so
7f6785c0d000-7f6785e0c000 ---p 00001000 08:06 3411324                    /usr/lib/jvm/java-6-openjdk/jre/lib/amd64/libjawt.so
7f6785e0c000-7f6785e0d000 r--p 00000000 08:06 3411324                    /usr/lib/jvm/java-6-openjdk/jre/lib/amd64/libjawt.so
7f6785e0d000-7f6785e0e000 rw-p 00001000 08:06 3411324                    /usr/lib/jvm/java-6-openjdk/jre/lib/amd64/libjawt.so
7f6785e0e000-7f6785e13000 r-xp 00000000 08:06 3155240                    /usr/lib/x86_64-linux-gnu/libXxf86vm.so.1.0.0
7f6785e13000-7f6786012000 ---p 00005000 08:06 3155240                    /usr/lib/x86_64-linux-gnu/libXxf86vm.so.1.0.0
7f6786012000-7f6786013000 r--p 00004000 08:06 3155240                    /usr/lib/x86_64-linux-gnu/libXxf86vm.so.1.0.0
7f6786013000-7f6786014000 rw-p 00005000 08:06 3155240                    /usr/lib/x86_64-linux-gnu/libXxf86vm.so.1.0.0
7f6786014000-7f678601c000 r-xp 00000000 08:06 3155234                    /usr/lib/x86_64-linux-gnu/libXrandr.so.2.2.0
7f678601c000-7f678621b000 ---p 00008000 08:06 3155234                    /usr/lib/x86_64-linux-gnu/libXrandr.so.2.2.0
7f678621b000-7f678621c000 r--p 00007000 08:06 3155234                    /usr/lib/x86_64-linux-gnu/libXrandr.so.2.2.0
7f678621c000-7f678621d000 rw-p 00008000 08:06 3155234                    /usr/lib/x86_64-linux-gnu/libXrandr.so.2.2.0
7f678621d000-7f6786296000 r-xp 00000000 08:06 5511019                    /tmp/libgdx/80041558/liblwjgl64.so
7f6786296000-7f6786496000 ---p 00079000 08:06 5511019                    /tmp/libgdx/80041558/liblwjgl64.so
7f6786496000-7f6786498000 r--p 00079000 08:06 5511019                    /tmp/libgdx/80041558/liblwjgl64.so
7f6786498000-7f6786499000 rw-p 0007b000 08:06 5511019                    /tmp/libgdx/80041558/liblwjgl64.so
7f6786499000-7f678649c000 ---p 00000000 00:00 0 
7f678649c000-7f678659a000 rw-p 00000000 00:00 0 
7f678659a000-7f678659d000 ---p 00000000 00:00 0 
7f678659d000-7f678669b000 rw-p 00000000 00:00 0 
7f678669b000-7f67866a0000 r-xp 00000000 08:06 3155226                    /usr/lib/x86_64-linux-gnu/libXfixes.so.3.1.0
7f67866a0000-7f678689f000 ---p 00005000 08:06 3155226                    /usr/lib/x86_64-linux-gnu/libXfixes.so.3.1.0
7f678689f000-7f67868a0000 r--p 00004000 08:06 3155226                    /usr/lib/x86_64-linux-gnu/libXfixes.so.3.1.0
7f67868a0000-7f67868a1000 rw-p 00005000 08:06 3155226                    /usr/lib/x86_64-linux-gnu/libXfixes.so.3.1.0
7f67868a1000-7f67868aa000 r-xp 00000000 08:06 3155216                    /usr/lib/x86_64-linux-gnu/libXcursor.so.1.0.2
7f67868aa000-7f6786aa9000 ---p 00009000 08:06 3155216                    /usr/lib/x86_64-linux-gnu/libXcursor.so.1.0.2
7f6786aa9000-7f6786aaa000 r--p 00008000 08:06 3155216                    /usr/lib/x86_64-linux-gnu/libXcursor.so.1.0.2
7f6786aaa000-7f6786aab000 rw-p 00009000 08:06 3155216                    /usr/lib/x86_64-linux-gnu/libXcursor.so.1.0.2
7f6786aab000-7f6786aae000 ---p 00000000 00:00 0 
7f6786aae000-7f6786bac000 rw-p 00000000 00:00 0 
7f6786bac000-7f6786c3f000 r-xp 00000000 08:06 3145772                    /usr/lib/x86_64-linux-gnu/libfreetype.so.6.6.2
7f6786c3f000-7f6786e3e000 ---p 00093000 08:06 3145772                    /usr/lib/x86_64-linux-gnu/libfreetype.so.6.6.2
7f6786e3e000-7f6786e44000 r--p 00092000 08:06 3145772                    /usr/lib/x86_64-linux-gnu/libfreetype.so.6.6.2
7f6786e44000-7f6786e45000 rw-p 00098000 08:06 3145772                    /usr/lib/x86_64-linux-gnu/libfreetype.so.6.6.2
7f6786e45000-7f6786e7e000 r-xp 00000000 08:06 3411314                    /usr/lib/jvm/java-6-openjdk/jre/lib/amd64/libfontmanager.so
7f6786e7e000-7f678707d000 ---p 00039000 08:06 3411314                    /usr/lib/jvm/java-6-openjdk/jre/lib/amd64/libfontmanager.so
7f678707d000-7f678707f000 r--p 00038000 08:06 3411314                    /usr/lib/jvm/java-6-openjdk/jre/lib/amd64/libfontmanager.so
7f678707f000-7f6787080000 rw-p 0003a000 08:06 3411314                    /usr/lib/jvm/java-6-openjdk/jre/lib/amd64/libfontmanager.so
7f6787080000-7f6787085000 r-xp 00000000 08:06 3155222                    /usr/lib/x86_64-linux-gnu/libXdmcp.so.6.0.0
7f6787085000-7f6787284000 ---p 00005000 08:06 3155222                    /usr/lib/x86_64-linux-gnu/libXdmcp.so.6.0.0
7f6787284000-7f6787285000 r--p 00004000 08:06 3155222                    /usr/lib/x86_64-linux-gnu/libXdmcp.so.6.0.0
7f6787285000-7f6787286000 rw-p 00005000 08:06 3155222                    /usr/lib/x86_64-linux-gnu/libXdmcp.so.6.0.0
7f6787286000-7f6787288000 r-xp 00000000 08:06 3155212                    /usr/lib/x86_64-linux-gnu/libXau.so.6.0.0
7f6787288000-7f6787487000 ---p 00002000 08:06 3155212                    /usr/lib/x86_64-linux-gnu/libXau.so.6.0.0
7f6787487000-7f6787488000 r--p 00001000 08:06 3155212                    /usr/lib/x86_64-linux-gnu/libXau.so.6.0.0
7f6787488000-7f6787489000 rw-p 00002000 08:06 3155212                    /usr/lib/x86_64-linux-gnu/libXau.so.6.0.0
7f6787489000-7f67874a4000 r-xp 00000000 08:06 3155368                    /usr/lib/x86_64-linux-gnu/libxcb.so.1.1.0
7f67874a4000-7f67876a3000 ---p 0001b000 08:06 3155368                    /usr/lib/x86_64-linux-gnu/libxcb.so.1.1.0
7f67876a3000-7f67876a4000 r--p 0001a000 08:06 3155368                    /usr/lib/x86_64-linux-gnu/libxcb.so.1.1.0
7f67876a4000-7f67876a5000 rw-p 0001b000 08:06 3155368                    /usr/lib/x86_64-linux-gnu/libxcb.so.1.1.0
7f67876a5000-7f67876b4000 r-xp 00000000 08:06 3155230                    /usr/lib/x86_64-linux-gnu/libXi.so.6.1.0
7f67876b4000-7f67878b3000 ---p 0000f000 08:06 3155230                    /usr/lib/x86_64-linux-gnu/libXi.so.6.1.0
7f67878b3000-7f67878b4000 r--p 0000e000 08:06 3155230                    /usr/lib/x86_64-linux-gnu/libXi.so.6.1.0
7f67878b4000-7f67878b5000 rw-p 0000f000 08:06 3155230                    /usr/lib/x86_64-linux-gnu/libXi.so.6.1.0
7f67878b5000-7f67878ba000 r-xp 00000000 08:06 3149836                    /usr/lib/libXtst.so.6.1.0
7f67878ba000-7f6787ab9000 ---p 00005000 08:06 3149836                    /usr/lib/libXtst.so.6.1.0
7f6787ab9000-7f6787aba000 r--p 00004000 08:06 3149836                    /usr/lib/libXtst.so.6.1.0
7f6787aba000-7f6787abb000 rw-p 00005000 08:06 3149836                    /usr/lib/libXtst.so.6.1.0
7f6787abb000-7f6787ac4000 r-xp 00000000 08:06 3155236                    /usr/lib/x86_64-linux-gnu/libXrender.so.1.3.0
7f6787ac4000-7f6787cc4000 ---p 00009000 08:06 3155236                    /usr/lib/x86_64-linux-gnu/libXrender.so.1.3.0
7f6787cc4000-7f6787cc5000 r--p 00009000 08:06 3155236                    /usr/lib/x86_64-linux-gnu/libXrender.so.1.3.0
7f6787cc5000-7f6787cc6000 rw-p 0000a000 08:06 3155236                    /usr/lib/x86_64-linux-gnu/libXrender.so.1.3.0
7f6787cc6000-7f6787dfb000 r-xp 00000000 08:06 3155208                    /usr/lib/x86_64-linux-gnu/libX11.so.6.3.0
7f6787dfb000-7f6787ffb000 ---p 00135000 08:06 3155208                    /usr/lib/x86_64-linux-gnu/libX11.so.6.3.0
7f6787ffb000-7f6787ffc000 r--p 00135000 08:06 3155208                    /usr/lib/x86_64-linux-gnu/libX11.so.6.3.0
7f6787ffc000-7f6788000000 rw-p 00136000 08:06 3155208                    /usr/lib/x86_64-linux-gnu/libX11.so.6.3.0
7f6788000000-7f6788b62000 rw-p 00000000 00:00 0 
7f6788b62000-7f678c000000 ---p 00000000 00:00 0 
7f678c032000-7f678c033000 rw-s 00005000 00:05 9308                       /dev/ati/card0
7f678c033000-7f678c043000 rw-s c0020000 00:05 9308                       /dev/ati/card0
7f678c043000-7f678c04a000 r--s 000fb000 08:06 3284588                    /usr/lib/jvm/java-6-openjdk/jre/lib/resources.jar
7f678c04a000-7f678c04b000 r--s 00000000 08:06 3936473                    /var/cache/fontconfig/c05880de57d1f5e948fdfacc138775d9-le64.cache-3
7f678c04b000-7f678c054000 r--s 00000000 08:06 3936471                    /var/cache/fontconfig/945677eb7aeaf62f1d50efc3fb3ec7d8-le64.cache-3
7f678c054000-7f678c056000 r--s 00000000 08:06 3936472                    /var/cache/fontconfig/99e8ed0e538f840c565b6ed5dad60d56-le64.cache-3
7f678c056000-7f678c058000 r--s 00000000 08:06 3936460                    /var/cache/fontconfig/2cd17615ca594fa2959ae173292e504c-le64.cache-3
7f678c058000-7f678c05b000 r--s 00000000 08:06 3936811                    /var/cache/fontconfig/b5ea634b0fb353b8ea17632d1f9ef766-le64.cache-3
7f678c05b000-7f678c05f000 r--s 00000000 08:06 3936468                    /var/cache/fontconfig/6eb3985aa4124903f6ff08ba781cd364-le64.cache-3
7f678c05f000-7f678c064000 r--s 00000000 08:06 3936464                    /var/cache/fontconfig/515ca1ebc4b18308bea979be5704f9db-le64.cache-3
7f678c064000-7f678c06d000 r--s 00000000 08:06 3936467                    /var/cache/fontconfig/6d41288fd70b0be22e8c3a91e032eec0-le64.cache-3
7f678c06d000-7f678c077000 r--s 00000000 08:06 3936477                    /var/cache/fontconfig/d52a8644073d54c13679302ca1180695-le64.cache-3
7f678c077000-7f678c08a000 r--s 00000000 08:06 3936922                    /var/cache/fontconfig/e13b20fdb08344e0e664864cc2ede53d-le64.cache-3
7f678c08a000-7f678c09e000 r--s 00000000 08:06 3936920                    /var/cache/fontconfig/865f88548240fee46819705c6468c165-le64.cache-3
7f678c09e000-7f678c09f000 r--s 00000000 08:06 3936473                    /var/cache/fontconfig/c05880de57d1f5e948fdfacc138775d9-le64.cache-3
7f678c09f000-7f678c0a8000 r--s 00000000 08:06 3936471                    /var/cache/fontconfig/945677eb7aeaf62f1d50efc3fb3ec7d8-le64.cache-3
7f678c0a8000-7f678c0aa000 r--s 00000000 08:06 3936472                    /var/cache/fontconfig/99e8ed0e538f840c565b6ed5dad60d56-le64.cache-3
7f678c0aa000-7f678c0ac000 r--s 00000000 08:06 3936460                    /var/cache/fontconfig/2cd17615ca594fa2959ae173292e504c-le64.cache-3
7f678c0ac000-7f678c0af000 r--s 00000000 08:06 3936811                    /var/cache/fontconfig/b5ea634b0fb353b8ea17632d1f9ef766-le64.cache-3
7f678c0af000-7f678c0b3000 r--s 00000000 08:06 3936468                    /var/cache/fontconfig/6eb3985aa4124903f6ff08ba781cd364-le64.cache-3
7f678c0b3000-7f678c0bd000 r--s 00000000 08:06 3936477                    /var/cache/fontconfig/d52a8644073d54c13679302ca1180695-le64.cache-3
7f678c0bd000-7f678c0d0000 r--s 00000000 08:06 3936922                    /var/cache/fontconfig/e13b20fdb08344e0e664864cc2ede53d-le64.cache-3
7f678c0d0000-7f678c0e1000 r-xp 00000000 08:06 3155224                    /usr/lib/x86_64-linux-gnu/libXext.so.6.4.0
7f678c0e1000-7f678c2e0000 ---p 00011000 08:06 3155224                    /usr/lib/x86_64-linux-gnu/libXext.so.6.4.0
7f678c2e0000-7f678c2e1000 r--p 00010000 08:06 3155224                    /usr/lib/x86_64-linux-gnu/libXext.so.6.4.0
7f678c2e1000-7f678c2e2000 rw-p 00011000 08:06 3155224                    /usr/lib/x86_64-linux-gnu/libXext.so.6.4.0
7f678c2e3000-7f678c2e5000 rw-s 00002000 00:05 9308                       /dev/ati/card0
7f678c2e5000-7f678c2ee000 r--s 00000000 08:06 3936467                    /var/cache/fontconfig/6d41288fd70b0be22e8c3a91e032eec0-le64.cache-3
7f678c2ee000-7f678c302000 r--s 00000000 08:06 3936920                    /var/cache/fontconfig/865f88548240fee46819705c6468c165-le64.cache-3
7f678c302000-7f678c34d000 r-xp 00000000 08:06 3411358                    /usr/lib/jvm/java-6-openjdk/jre/lib/amd64/xawt/libmawt.so
7f678c34d000-7f678c54d000 ---p 0004b000 08:06 3411358                    /usr/lib/jvm/java-6-openjdk/jre/lib/amd64/xawt/libmawt.so
7f678c54d000-7f678c54e000 r--p 0004b000 08:06 3411358                    /usr/lib/jvm/java-6-openjdk/jre/lib/amd64/xawt/libmawt.so
7f678c54e000-7f678c551000 rw-p 0004c000 08:06 3411358                    /usr/lib/jvm/java-6-openjdk/jre/lib/amd64/xawt/libmawt.so
7f678c551000-7f678c552000 rw-p 00000000 00:00 0 
7f678c552000-7f678c5fb000 r-xp 00000000 08:06 3411323                    /usr/lib/jvm/java-6-openjdk/jre/lib/amd64/libawt.so
7f678c5fb000-7f678c7fa000 ---p 000a9000 08:06 3411323                    /usr/lib/jvm/java-6-openjdk/jre/lib/amd64/libawt.so
7f678c7fa000-7f678c7fb000 r--p 000a8000 08:06 3411323                    /usr/lib/jvm/java-6-openjdk/jre/lib/amd64/libawt.so
7f678c7fb000-7f678c806000 rw-p 000a9000 08:06 3411323                    /usr/lib/jvm/java-6-openjdk/jre/lib/amd64/libawt.so
7f678c806000-7f678c82b000 rw-p 00000000 00:00 0 
7f678c82b000-7f678c8c9000 r-xp 00000000 08:06 5511017                    /tmp/libgdx/80041558/libgdx-64.so
7f678c8c9000-7f678cac9000 ---p 0009e000 08:06 5511017                    /tmp/libgdx/80041558/libgdx-64.so
7f678cac9000-7f678cacb000 r--p 0009e000 08:06 5511017                    /tmp/libgdx/80041558/libgdx-64.so
7f678cacb000-7f678cacd000 rw-p 000a0000 08:06 5511017                    /tmp/libgdx/80041558/libgdx-64.so
7f678cacd000-7f678cacf000 rw-p 00000000 00:00 0 
7f678cacf000-7f678cad2000 r--s 0007d000 08:06 3284584                    /usr/lib/jvm/java-6-openjdk/jre/lib/jsse.jar
7f678cad2000-7f678cadf000 r--s 000ba000 08:06 6429275                    /home/aedon/KandA/genericjavaproject/com.ak.towerdefense.core/libs/gdx.jar
7f678cadf000-7f678caee000 r--s 000c6000 08:06 6429294                    /home/aedon/KandA/genericjavaproject/com.ak.towerdefense.core/libs/gdx-twl.jar
7f678caee000-7f678caef000 ---p 00000000 00:00 0 
7f678caef000-7f678cbef000 rw-p 00000000 00:00 0 
7f678cbef000-7f678cbf2000 ---p 00000000 00:00 0 
7f678cbf2000-7f678ccf0000 rw-p 00000000 00:00 0 
7f678ccf0000-7f678ccf3000 ---p 00000000 00:00 0 
7f678ccf3000-7f678cdf1000 rw-p 00000000 00:00 0 
7f678cdf1000-7f678cdf4000 ---p 00000000 00:00 0 
7f678cdf4000-7f678cef2000 rw-p 00000000 00:00 0 
7f678cef2000-7f678cef5000 ---p 00000000 00:00 0 
7f678cef5000-7f678cff3000 rw-p 00000000 00:00 0 
7f678cff3000-7f678d67d000 r--p 00000000 08:06 3154019                    /usr/lib/locale/locale-archive
7f678d67d000-7f678d680000 ---p 00000000 00:00 0 
7f678d680000-7f678d77e000 rw-p 00000000 00:00 0 
7f678d77e000-7f678d781000 ---p 00000000 00:00 0 
7f678d781000-7f678d87f000 rw-p 00000000 00:00 0 
7f678d87f000-7f678d880000 ---p 00000000 00:00 0 
7f678d880000-7f678dcb6000 rw-p 00000000 00:00 0 
7f678dcb6000-7f678de47000 r--s 037b1000 08:06 3281824                    /usr/lib/jvm/java-6-openjdk/jre/lib/rt.jar
7f678de47000-7f678de6f000 rw-p 00000000 00:00 0 
7f678de6f000-7f678de70000 ---p 00000000 00:00 0 
7f678de70000-7f678df70000 rw-p 00000000 00:00 0 
7f678df70000-7f678df71000 ---p 00000000 00:00 0 
7f678df71000-7f678e07c000 rw-p 00000000 00:00 0 
7f678e07c000-7f678e0c4000 rw-p 00000000 00:00 0 
7f678e0c4000-7f678e0ee000 rw-p 00000000 00:00 0 
7f678e0ee000-7f678e35d000 rw-p 00000000 00:00 0 
7f678e35d000-7f678e368000 rw-p 00000000 00:00 0 
7f678e368000-7f678e3b0000 rw-p 00000000 00:00 0 
7f678e3b0000-7f678e3da000 rw-p 00000000 00:00 0 
7f678e3da000-7f678e648000 rw-p 00000000 00:00 0 
7f678e648000-7f678e65e000 rw-p 00000000 00:00 0 
7f678e65e000-7f678e795000 rw-p 00000000 00:00 0 
7f678e795000-7f678e796000 rw-p 00000000 00:00 0 
7f678e796000-7f678ea06000 rwxp 00000000 00:00 0 
7f678ea06000-7f6791796000 rw-p 00000000 00:00 0 
7f6791796000-7f679179d000 r-xp 00000000 08:06 3411318                    /usr/lib/jvm/java-6-openjdk/jre/lib/amd64/libzip.so
7f679179d000-7f679199c000 ---p 00007000 08:06 3411318                    /usr/lib/jvm/java-6-openjdk/jre/lib/amd64/libzip.so
7f679199c000-7f679199d000 r--p 00006000 08:06 3411318                    /usr/lib/jvm/java-6-openjdk/jre/lib/amd64/libzip.so
7f679199d000-7f679199e000 rw-p 00007000 08:06 3411318                    /usr/lib/jvm/java-6-openjdk/jre/lib/amd64/libzip.so
7f679199e000-7f67919aa000 r-xp 00000000 08:06 6033131                    /lib/x86_64-linux-gnu/libnss_files-2.13.so
7f67919aa000-7f6791ba9000 ---p 0000c000 08:06 6033131                    /lib/x86_64-linux-gnu/libnss_files-2.13.so
7f6791ba9000-7f6791baa000 r--p 0000b000 08:06 6033131                    /lib/x86_64-linux-gnu/libnss_files-2.13.so
7f6791baa000-7f6791bab000 rw-p 0000c000 08:06 6033131                    /lib/x86_64-linux-gnu/libnss_files-2.13.so
7f6791bab000-7f6791bb6000 r-xp 00000000 08:06 6033135                    /lib/x86_64-linux-gnu/libnss_nis-2.13.so
7f6791bb6000-7f6791db5000 ---p 0000b000 08:06 6033135                    /lib/x86_64-linux-gnu/libnss_nis-2.13.so
7f6791db5000-7f6791db6000 r--p 0000a000 08:06 6033135                    /lib/x86_64-linux-gnu/libnss_nis-2.13.so
7f6791db6000-7f6791db7000 rw-p 0000b000 08:06 6033135                    /lib/x86_64-linux-gnu/libnss_nis-2.13.so
7f6791db7000-7f6791dbf000 r-xp 00000000 08:06 6033127                    /lib/x86_64-linux-gnu/libnss_compat-2.13.so
7f6791dbf000-7f6791fbe000 ---p 00008000 08:06 6033127                    /lib/x86_64-linux-gnu/libnss_compat-2.13.so
7f6791fbe000-7f6791fbf000 r--p 00007000 08:06 6033127                    /lib/x86_64-linux-gnu/libnss_compat-2.13.so
7f6791fbf000-7f6791fc0000 rw-p 00008000 08:06 6033127                    /lib/x86_64-linux-gnu/libnss_compat-2.13.so
7f6791fc0000-7f6791fd7000 r-xp 00000000 08:06 6033125                    /lib/x86_64-linux-gnu/libnsl-2.13.so
7f6791fd7000-7f67921d6000 ---p 00017000 08:06 6033125                    /lib/x86_64-linux-gnu/libnsl-2.13.so
7f67921d6000-7f67921d7000 r--p 00016000 08:06 6033125                    /lib/x86_64-linux-gnu/libnsl-2.13.so
7f67921d7000-7f67921d8000 rw-p 00017000 08:06 6033125                    /lib/x86_64-linux-gnu/libnsl-2.13.so
7f67921d8000-7f67921da000 rw-p 00000000 00:00 0 
7f67921da000-7f6792206000 r-xp 00000000 08:06 3411317                    /usr/lib/jvm/java-6-openjdk/jre/lib/amd64/libjava.so
7f6792206000-7f6792405000 ---p 0002c000 08:06 3411317                    /usr/lib/jvm/java-6-openjdk/jre/lib/amd64/libjava.so
7f6792405000-7f6792406000 r--p 0002b000 08:06 3411317                    /usr/lib/jvm/java-6-openjdk/jre/lib/amd64/libjava.so
7f6792406000-7f6792409000 rw-p 0002c000 08:06 3411317                    /usr/lib/jvm/java-6-openjdk/jre/lib/amd64/libjava.so
7f6792409000-7f6792417000 r-xp 00000000 08:06 3411300                    /usr/lib/jvm/java-6-openjdk/jre/lib/amd64/libverify.so
7f6792417000-7f6792616000 ---p 0000e000 08:06 3411300                    /usr/lib/jvm/java-6-openjdk/jre/lib/amd64/libverify.so
7f6792616000-7f6792618000 r--p 0000d000 08:06 3411300                    /usr/lib/jvm/java-6-openjdk/jre/lib/amd64/libverify.so
7f6792618000-7f6792619000 rw-p 0000f000 08:06 3411300                    /usr/lib/jvm/java-6-openjdk/jre/lib/amd64/libverify.so
7f6792619000-7f6792620000 r-xp 00000000 08:06 6033154                    /lib/x86_64-linux-gnu/librt-2.13.so
7f6792620000-7f679281f000 ---p 00007000 08:06 6033154                    /lib/x86_64-linux-gnu/librt-2.13.so
7f679281f000-7f6792820000 r--p 00006000 08:06 6033154                    /lib/x86_64-linux-gnu/librt-2.13.so
7f6792820000-7f6792821000 rw-p 00007000 08:06 6033154                    /lib/x86_64-linux-gnu/librt-2.13.so
7f6792821000-7f6792836000 r-xp 00000000 08:06 6033113                    /lib/x86_64-linux-gnu/libgcc_s.so.1
7f6792836000-7f6792a35000 ---p 00015000 08:06 6033113                    /lib/x86_64-linux-gnu/libgcc_s.so.1
7f6792a35000-7f6792a36000 r--p 00014000 08:06 6033113                    /lib/x86_64-linux-gnu/libgcc_s.so.1
7f6792a36000-7f6792a37000 rw-p 00015000 08:06 6033113                    /lib/x86_64-linux-gnu/libgcc_s.so.1
7f6792a37000-7f6792abb000 r-xp 00000000 08:06 6033122                    /lib/x86_64-linux-gnu/libm-2.13.so
7f6792abb000-7f6792cba000 ---p 00084000 08:06 6033122                    /lib/x86_64-linux-gnu/libm-2.13.so
7f6792cba000-7f6792cbb000 r--p 00083000 08:06 6033122                    /lib/x86_64-linux-gnu/libm-2.13.so
7f6792cbb000-7f6792cbc000 rw-p 00084000 08:06 6033122                    /lib/x86_64-linux-gnu/libm-2.13.so
7f6792cbc000-7f6792da4000 r-xp 00000000 08:06 3155345                    /usr/lib/x86_64-linux-gnu/libstdc++.so.6.0.14
7f6792da4000-7f6792fa3000 ---p 000e8000 08:06 3155345                    /usr/lib/x86_64-linux-gnu/libstdc++.so.6.0.14
7f6792fa3000-7f6792fab000 r--p 000e7000 08:06 3155345                    /usr/lib/x86_64-linux-gnu/libstdc++.so.6.0.14
7f6792fab000-7f6792fad000 rw-p 000ef000 08:06 3155345                    /usr/lib/x86_64-linux-gnu/libstdc++.so.6.0.14
7f6792fad000-7f6792fc2000 rw-p 00000000 00:00 0 
7f6792fc2000-7f6793917000 r-xp 00000000 08:06 3411320                    /usr/lib/jvm/java-6-openjdk/jre/lib/amd64/server/libjvm.so
7f6793917000-7f6793b16000 ---p 00955000 08:06 3411320                    /usr/lib/jvm/java-6-openjdk/jre/lib/amd64/server/libjvm.so
7f6793b16000-7f6793b97000 r--p 00954000 08:06 3411320                    /usr/lib/jvm/java-6-openjdk/jre/lib/amd64/server/libjvm.so
7f6793b97000-7f6793bb2000 rw-p 009d5000 08:06 3411320                    /usr/lib/jvm/java-6-openjdk/jre/lib/amd64/server/libjvm.so
7f6793bb2000-7f6793bdb000 rw-p 00000000 00:00 0 
7f6793bdb000-7f6793d65000 r-xp 00000000 08:06 6033085                    /lib/x86_64-linux-gnu/libc-2.13.so
7f6793d65000-7f6793f64000 ---p 0018a000 08:06 6033085                    /lib/x86_64-linux-gnu/libc-2.13.so
7f6793f64000-7f6793f68000 r--p 00189000 08:06 6033085                    /lib/x86_64-linux-gnu/libc-2.13.so
7f6793f68000-7f6793f69000 rw-p 0018d000 08:06 6033085                    /lib/x86_64-linux-gnu/libc-2.13.so
7f6793f69000-7f6793f6f000 rw-p 00000000 00:00 0 
7f6793f6f000-7f6793f71000 r-xp 00000000 08:06 6033095                    /lib/x86_64-linux-gnu/libdl-2.13.so
7f6793f71000-7f6794171000 ---p 00002000 08:06 6033095                    /lib/x86_64-linux-gnu/libdl-2.13.so
7f6794171000-7f6794172000 r--p 00002000 08:06 6033095                    /lib/x86_64-linux-gnu/libdl-2.13.so
7f6794172000-7f6794173000 rw-p 00003000 08:06 6033095                    /lib/x86_64-linux-gnu/libdl-2.13.so
7f6794173000-7f6794177000 r-xp 00000000 08:06 3411298                    /usr/lib/jvm/java-6-openjdk/jre/lib/amd64/jli/libjli.so
7f6794177000-7f6794376000 ---p 00004000 08:06 3411298                    /usr/lib/jvm/java-6-openjdk/jre/lib/amd64/jli/libjli.so
7f6794376000-7f6794377000 r--p 00003000 08:06 3411298                    /usr/lib/jvm/java-6-openjdk/jre/lib/amd64/jli/libjli.so
7f6794377000-7f6794378000 rw-p 00004000 08:06 3411298                    /usr/lib/jvm/java-6-openjdk/jre/lib/amd64/jli/libjli.so
7f6794378000-7f6794390000 r-xp 00000000 08:06 6033150                    /lib/x86_64-linux-gnu/libpthread-2.13.so
7f6794390000-7f6794590000 ---p 00018000 08:06 6033150                    /lib/x86_64-linux-gnu/libpthread-2.13.so
7f6794590000-7f6794591000 r--p 00018000 08:06 6033150                    /lib/x86_64-linux-gnu/libpthread-2.13.so
7f6794591000-7f6794592000 rw-p 00019000 08:06 6033150                    /lib/x86_64-linux-gnu/libpthread-2.13.so
7f6794592000-7f6794596000 rw-p 00000000 00:00 0 
7f6794596000-7f67945ad000 r-xp 00000000 08:06 6033168                    /lib/x86_64-linux-gnu/libz.so.1.2.3.4
7f67945ad000-7f67947ac000 ---p 00017000 08:06 6033168                    /lib/x86_64-linux-gnu/libz.so.1.2.3.4
7f67947ac000-7f67947ad000 r--p 00016000 08:06 6033168                    /lib/x86_64-linux-gnu/libz.so.1.2.3.4
7f67947ad000-7f67947ae000 rw-p 00017000 08:06 6033168                    /lib/x86_64-linux-gnu/libz.so.1.2.3.4
7f67947ae000-7f67947cf000 r-xp 00000000 08:06 6033072                    /lib/x86_64-linux-gnu/ld-2.13.so
7f67947d0000-7f67947d5000 r--s 00000000 08:06 3936464                    /var/cache/fontconfig/515ca1ebc4b18308bea979be5704f9db-le64.cache-3
7f67947d5000-7f67947e6000 r--s 0011a000 08:06 6429277                    /home/aedon/KandA/genericjavaproject/com.ak.towerdefense.core/libs/gdx-backend-lwjgl.jar
7f67947e6000-7f67947f0000 rw-p 00000000 00:00 0 
7f67947f0000-7f67948a6000 rw-p 00000000 00:00 0 
7f67948a6000-7f67948a9000 ---p 00000000 00:00 0 
7f67948a9000-7f67949ac000 rw-p 00000000 00:00 0 
7f67949ac000-7f67949ad000 r--p 00000000 00:00 0 
7f67949ad000-7f67949ae000 r--s 00000000 08:06 3935581                    /var/cache/fontconfig/4794a0821666d79190d59a36cb4f44b5-le64.cache-3
7f67949ae000-7f67949af000 r--s 00000000 08:06 3935581                    /var/cache/fontconfig/4794a0821666d79190d59a36cb4f44b5-le64.cache-3
7f67949af000-7f67949b5000 r--s 0005a000 08:06 6429293                    /home/aedon/KandA/genericjavaproject/com.ak.towerdefense.core/libs/gdx-tools.jar
7f67949b5000-7f67949b6000 r--s 001c8000 08:06 6429291                    /home/aedon/KandA/genericjavaproject/com.ak.towerdefense.core/libs/gdx-natives.jar
7f67949b6000-7f67949b7000 r--s 00127000 08:06 6429285                    /home/aedon/KandA/genericjavaproject/com.ak.towerdefense.core/libs/gdx-backend-lwjgl-natives.jar
7f67949b7000-7f67949bf000 r--s 00066000 08:06 3673871                    /usr/share/java/gnome-java-bridge.jar
7f67949bf000-7f67949c2000 r--s 0000f000 08:06 3284573                    /usr/lib/jvm/java-6-openjdk/jre/lib/ext/pulse-java.jar
7f67949c2000-7f67949ca000 rw-s 00000000 08:06 5510996                    /tmp/hsperfdata_aedon/4552 (deleted)
7f67949ca000-7f67949cb000 rw-p 00000000 00:00 0 
7f67949cb000-7f67949cc000 ---p 00000000 00:00 0 
7f67949cc000-7f67949ce000 rw-p 00000000 00:00 0 
7f67949ce000-7f67949cf000 r--p 00020000 08:06 6033072                    /lib/x86_64-linux-gnu/ld-2.13.so
7f67949cf000-7f67949d1000 rw-p 00021000 08:06 6033072                    /lib/x86_64-linux-gnu/ld-2.13.so
7fffb8fae000-7fffb8fcf000 rw-p 00000000 00:00 0                          [stack]
7fffb8fff000-7fffb9000000 r-xp 00000000 00:00 0                          [vdso]
ffffffffff600000-ffffffffff601000 r-xp 00000000 00:00 0                  [vsyscall]

VM Arguments:
jvm_args: -Dfile.encoding=UTF-8 
java_command: com.ak.towerdefense.screens.benchmarks.BenchMarkStarter
Launcher Type: SUN_STANDARD

Environment Variables:
PATH=/usr/local/sbin:/usr/local/bin:/usr/sbin:/usr/bin:/sbin:/bin:/usr/games
USERNAME=aedon
LD_LIBRARY_PATH=/usr/lib/jvm/java-6-openjdk/jre/lib/amd64/server:/usr/lib/jvm/java-6-openjdk/jre/lib/amd64:/usr/lib/jvm/java-6-openjdk/jre/../lib/amd64:/usr/lib/xulrunner-1.9.2.17
SHELL=/bin/bash
DISPLAY=:0.0

Signal Handlers:
SIGSEGV: [libjvm.so+0x7d0fd0], sa_mask[0]=0x7ffbfeff, sa_flags=0x10000004
SIGBUS: [libjvm.so+0x7d0fd0], sa_mask[0]=0x7ffbfeff, sa_flags=0x10000004
SIGFPE: [libjvm.so+0x6837d0], sa_mask[0]=0x7ffbfeff, sa_flags=0x10000004
SIGPIPE: [libjvm.so+0x6837d0], sa_mask[0]=0x7ffbfeff, sa_flags=0x10000004
SIGXFSZ: [libjvm.so+0x6837d0], sa_mask[0]=0x7ffbfeff, sa_flags=0x10000004
SIGILL: [libjvm.so+0x6837d0], sa_mask[0]=0x7ffbfeff, sa_flags=0x10000004
SIGUSR1: SIG_DFL, sa_mask[0]=0x00000000, sa_flags=0x00000000
SIGUSR2: [libjvm.so+0x6839a0], sa_mask[0]=0x00000004, sa_flags=0x10000004
SIGHUP: [libjvm.so+0x686340], sa_mask[0]=0x7ffbfeff, sa_flags=0x10000004
SIGINT: [libjvm.so+0x686340], sa_mask[0]=0x7ffbfeff, sa_flags=0x10000004
SIGTERM: [libjvm.so+0x686340], sa_mask[0]=0x7ffbfeff, sa_flags=0x10000004
SIGQUIT: [libjvm.so+0x686340], sa_mask[0]=0x7ffbfeff, sa_flags=0x10000004


---------------  S Y S T E M  ---------------

OS:LinuxMint 11 (katya)
uname:Linux 2.6.38-12-generic #51-Ubuntu SMP Wed Sep 28 14:27:32 UTC 2011 x86_64
libc:glibc 2.13 NPTL 2.13 
rlimit: STACK 8192k, CORE 0k, NPROC infinity, NOFILE 4096, AS infinity
load average:0.01 0.14 0.19

/proc/meminfo:
MemTotal:        8160596 kB
MemFree:         2979808 kB
Buffers:          140372 kB
Cached:          3302864 kB
SwapCached:            0 kB
Active:          2549252 kB
Inactive:        2171344 kB
Active(anon):    1278676 kB
Inactive(anon):    16480 kB
Active(file):    1270576 kB
Inactive(file):  2154864 kB
Unevictable:          32 kB
Mlocked:              32 kB
SwapTotal:       8348668 kB
SwapFree:        8348668 kB
Dirty:              3364 kB
Writeback:             0 kB
AnonPages:       1277424 kB
Mapped:           255836 kB
Shmem:             17720 kB
Slab:              80688 kB
SReclaimable:      51864 kB
SUnreclaim:        28824 kB
KernelStack:        3304 kB
PageTables:        25308 kB
NFS_Unstable:          0 kB
Bounce:                0 kB
WritebackTmp:          0 kB
CommitLimit:    12428964 kB
Committed_AS:    3067620 kB
VmallocTotal:   34359738367 kB
VmallocUsed:      327736 kB
VmallocChunk:   34359403944 kB
HardwareCorrupted:     0 kB
HugePages_Total:       0
HugePages_Free:        0
HugePages_Rsvd:        0
HugePages_Surp:        0
Hugepagesize:       2048 kB
DirectMap4k:      217088 kB
DirectMap2M:     8138752 kB


CPU:total 2 (2 cores per cpu, 1 threads per core) family 6 model 23 stepping 6, cmov, cx8, fxsr, mmx, sse, sse2, sse3, ssse3, sse4.1

Memory: 4k page, physical 8160596k(2979808k free), swap 8348668k(8348668k free)

vm_info: OpenJDK 64-Bit Server VM (20.0-b11) for linux-amd64 JRE (1.6.0_22-b22), built on Oct 25 2011 06:09:07 by "buildd" with gcc 4.5.2

time: Thu Jan 26 21:54:37 2012
elapsed time: 154 seconds

