#
# A fatal error has been detected by the Java Runtime Environment:
#
#  SIGBUS (0x7) at pc=0x00007fdbef95d852, pid=3905, tid=140582556940032
#
# JRE version: 6.0_22-b22
# Java VM: OpenJDK 64-Bit Server VM (20.0-b11 mixed mode linux-amd64 compressed oops)
# Derivative: IcedTea6 1.10.4
# Distribution: Ubuntu 11.04, package 6b22-1.10.4-0ubuntu1~11.04.1
# Problematic frame:
# 
[error occurred during error reporting (printing problematic frame), id 0x7]

# If you would like to submit a bug report, please include
# instructions how to reproduce the bug and visit:
#   https://bugs.launchpad.net/ubuntu/+source/openjdk-6/
# The crash happened outside the Java Virtual Machine in native code.
# See problematic frame for where to report the bug.
#

---------------  T H R E A D  ---------------

Current thread (0x00007fdbe816e000):  JavaThread "LWJGL Application" [_thread_in_native, id=3931, stack(0x00007fdbed4e3000,0x00007fdbed5e4000)]

siginfo:si_signo=SIGBUS: si_errno=0, si_code=2 (BUS_ADRERR), si_addr=0x00007fdbef9bc9e8

Registers:
RAX=0x00000007d76a1618, RBX=0x00007fdbe816e1d0, RCX=0x00007fdbe80026a0, RDX=0x00007fdbf6ccd990
RSP=0x00007fdbed5e24c0, RBP=0x00007fdbed5e2590, RSI=0x0000000000000001, RDI=0x00007fdbed5e2480
R8 =0x00000000faed42c1, R9 =0x00000000faed42b4, R10=0x00007fdbf19717ef, R11=0x0000000000000010
R12=0x0000000000000000, R13=0x00000000faed427c, R14=0x00007fdbed5e25c0, R15=0x00007fdbe816e000
RIP=0x00007fdbef95d852, EFLAGS=0x0000000000010202, CSGSFS=0x0000000000000033, ERR=0x0000000000000004
  TRAPNO=0x000000000000000e

Top of Stack: (sp=0x00007fdbed5e24c0)
0x00007fdbed5e24c0:   00007fdbe816e000 bf7c503200000000
0x00007fdbed5e24d0:   3eae1d4f3fda827a bf91ac523eae1d4f
0x00007fdbed5e24e0:   800000003f11ac52 80000000bf7c5030
0x00007fdbed5e24f0:   bf949db440575ce4 800000003f149db4
0x00007fdbed5e2500:   3f2b9b65bf80b48b 00000000beab9b65
0x00007fdbed5e2510:   000000003f149db3 00000000bff8adfa
0x00007fdbed5e2520:   00007fdbbffdb415 00007fdbf65b0e62
0x00007fdbed5e2530:   00007fdbe816e000 0000000000000000
0x00007fdbed5e2540:   bf7c5032bfda827a bf13cd3abf16c99e
0x00007fdbed5e2550:   00007fdbe816e000 40a646e14051faa5
0x00007fdbed5e2560:   00007fdbe816e000 00007fdbed5e25d0
0x00007fdbed5e2570:   00000000faed4286 00007fdbed5e25d0
0x00007fdbed5e2580:   0000000000000000 00007fdbf197185f
0x00007fdbed5e2590:   00000007d76a1608 00000007d76a1498
0x00007fdbed5e25a0:   000000003f3504f3 00007fdbbf3504f3
0x00007fdbed5e25b0:   00000007d6cf8b48 00007fdbed5e2610
0x00007fdbed5e25c0:   00000007799bd808 00007fdbf1957c96
0x00007fdbed5e25d0:   00000000faed42aa 00007fdbf1980a98
0x00007fdbed5e25e0:   00007fdbed5e2680 00007fdbed5e2710
0x00007fdbed5e25f0:   00000007d767da50 000000077990eef8
0x00007fdbed5e2600:   000000077990eef8 00007fdbf572d146
0x00007fdbed5e2610:   00000007d728abc0 00007fdbf19a2f98
0x00007fdbed5e2620:   00000007d67ea038 00007fdbf6756fd2
0x00007fdbed5e2630:   0000000000000001 0000000019c52f5f
0x00007fdbed5e2640:   00000007d6cc84c8 00007fdbf1997a3c
0x00007fdbed5e2650:   0000000000000001 0000000000000000
0x00007fdbed5e2660:   00007fdbed5e26d8 00007fdbf18abd34
0x00007fdbed5e2670:   00007fdbf18abe48 00007fdbf18abd34
0x00007fdbed5e2680:   00000007d67ea038 0000000000000001
0x00007fdbed5e2690:   0000000000000000 00007fdbed5e2688
0x00007fdbed5e26a0:   0000000779336edb 00007fdbed5e2710
0x00007fdbed5e26b0:   00000007793415e8 00000007799e4798 

Instructions: (pc=0x00007fdbef95d852)
0x00007fdbef95d832:   0f 10 7c 24 5c f3 44 0f 59 f9 f3 41 0f 5c c7 f3
0x00007fdbef95d842:   44 0f 10 7c 24 60 f3 44 0f 59 f9 f3 41 0f 58 c7
0x00007fdbef95d852:   0f 2e 05 8f f1 05 00 7a 06 0f 84 b0 07 00 00 44
0x00007fdbef95d862:   0f 28 ff 41 bc 01 00 00 00 f3 44 0f 59 fc f3 44 

Register to memory mapping:

RAX=0x00000007d76a1618 is an unknown value
RBX=0x00007fdbe816e1d0 is an unknown value
RCX=0x00007fdbe80026a0 is an unknown value
RDX=0x00007fdbf6ccd990: <offset 0xbfb990> in /usr/lib/jvm/java-6-openjdk/jre/lib/amd64/server/libjvm.so at 0x00007fdbf60d2000
RSP=0x00007fdbed5e24c0 is pointing into the stack for thread: 0x00007fdbe816e000
RBP=0x00007fdbed5e2590 is pointing into the stack for thread: 0x00007fdbe816e000
RSI=0x0000000000000001 is an unknown value
RDI=0x00007fdbed5e2480 is pointing into the stack for thread: 0x00007fdbe816e000
R8 =0x00000000faed42c1 is an unknown value
R9 =0x00000000faed42b4 is an unknown value
R10=0x00007fdbf1971610 [CodeBlob (0x00007fdbf1971610)]
Framesize: 10
R11=0x0000000000000010 is an unknown value
R12=0x0000000000000000 is an unknown value
R13=0x00000000faed427c is an unknown value
R14=0x00007fdbed5e25c0 is pointing into the stack for thread: 0x00007fdbe816e000
R15=0x00007fdbe816e000 is a thread


Stack: [0x00007fdbed4e3000,0x00007fdbed5e4000],  sp=0x00007fdbed5e24c0,  free space=1021k
Native frames: (J=compiled Java code, j=interpreted, Vv=VM code, C=native code)

[error occurred during error reporting (printing native stack), id 0x7]

Java frames: (J=compiled Java code, j=interpreted, Vv=VM code)
J  com.badlogic.gdx.math.Matrix4.inv([F)Z
J  com.badlogic.gdx.graphics.PerspectiveCamera.update()V
J  com.ak.towerdefense.screens.benchmarks.ObjectLoader.render()V
j  com.badlogic.gdx.backends.lwjgl.LwjglApplication.mainLoop()V+299
j  com.badlogic.gdx.backends.lwjgl.LwjglApplication$1.run()V+27
v  ~StubRoutines::call_stub

---------------  P R O C E S S  ---------------

Java Threads: ( => current thread )
  0x00007fdbe816f000 JavaThread "DestroyJavaVM" [_thread_blocked, id=3908, stack(0x00007fdbf79b6000,0x00007fdbf7ab7000)]
=>0x00007fdbe816e000 JavaThread "LWJGL Application" [_thread_in_native, id=3931, stack(0x00007fdbed4e3000,0x00007fdbed5e4000)]
  0x00007fdbe80ff800 JavaThread "AWT-XAWT" daemon [_thread_in_native, id=3922, stack(0x00007fdbed90c000,0x00007fdbeda0d000)]
  0x00007fdbe805a000 JavaThread "Java2D Disposer" daemon [_thread_blocked, id=3921, stack(0x00007fdbedc8b000,0x00007fdbedd8c000)]
  0x0000000000b1e800 JavaThread "Low Memory Detector" daemon [_thread_blocked, id=3919, stack(0x00007fdbefcff000,0x00007fdbefe00000)]
  0x0000000000b19800 JavaThread "C2 CompilerThread1" daemon [_thread_blocked, id=3918, stack(0x00007fdbefe00000,0x00007fdbeff01000)]
  0x0000000000b16800 JavaThread "C2 CompilerThread0" daemon [_thread_blocked, id=3917, stack(0x00007fdbeff01000,0x00007fdbf0002000)]
  0x0000000000b15000 JavaThread "Signal Dispatcher" daemon [_thread_blocked, id=3916, stack(0x00007fdbf0002000,0x00007fdbf0103000)]
  0x0000000000af0800 JavaThread "Finalizer" daemon [_thread_blocked, id=3915, stack(0x00007fdbf078d000,0x00007fdbf088e000)]
  0x0000000000aee800 JavaThread "Reference Handler" daemon [_thread_blocked, id=3914, stack(0x00007fdbf088e000,0x00007fdbf098f000)]

Other Threads:
  0x0000000000ae7800 VMThread [stack: 0x00007fdbf098f000,0x00007fdbf0a90000] [id=3913]
  0x0000000000b21000 WatcherThread [stack: 0x00007fdbefbfe000,0x00007fdbefcff000] [id=3920]

VM state:not at safepoint (normal execution)

VM Mutex/Monitor currently owned by a thread: None

Heap
 PSYoungGen      total 37184K, used 15978K [0x00000007d6760000, 0x00000007d90e0000, 0x0000000800000000)
  eden space 31872K, 50% used [0x00000007d6760000,0x00000007d76fabd8,0x00000007d8680000)
  from space 5312K, 0% used [0x00000007d8bb0000,0x00000007d8bb0000,0x00000007d90e0000)
  to   space 5312K, 0% used [0x00000007d8680000,0x00000007d8680000,0x00000007d8bb0000)
 PSOldGen        total 85056K, used 0K [0x0000000783600000, 0x0000000788910000, 0x00000007d6760000)
  object space 85056K, 0% used [0x0000000783600000,0x0000000783600000,0x0000000788910000)
 PSPermGen       total 21248K, used 10155K [0x0000000779000000, 0x000000077a4c0000, 0x0000000783600000)
  object space 21248K, 47% used [0x0000000779000000,0x00000007799ead90,0x000000077a4c0000)

Code Cache  [0x00007fdbf18a6000, 0x00007fdbf1b16000, 0x00007fdbf48a6000)
 total_blobs=704 nmethods=236 adapters=423 free_code_cache=49303808 largest_free_block=6848

Dynamic libraries:
00400000-00409000 r-xp 00000000 08:06 3411176                            /usr/lib/jvm/java-6-openjdk/jre/bin/java
00608000-00609000 r--p 00008000 08:06 3411176                            /usr/lib/jvm/java-6-openjdk/jre/bin/java
00609000-0060a000 rw-p 00009000 08:06 3411176                            /usr/lib/jvm/java-6-openjdk/jre/bin/java
00a79000-01511000 rw-p 00000000 00:00 0                                  [heap]
779000000-77a4c0000 rw-p 00000000 00:00 0 
77a4c0000-783600000 rw-p 00000000 00:00 0 
783600000-788910000 rw-p 00000000 00:00 0 
788910000-7d6760000 rw-p 00000000 00:00 0 
7d6760000-7d90e0000 rw-p 00000000 00:00 0 
7d90e0000-800000000 rw-p 00000000 00:00 0 
7fdbde88f000-7fdbde98f000 rw-s 1d423000 00:05 9308                       /dev/ati/card0
7fdbde98f000-7fdbdeb8f000 rw-s 1d41f000 00:05 9308                       /dev/ati/card0
7fdbdeb8f000-7fdbdf28f000 rw-s 00006000 00:05 9308                       /dev/ati/card0
7fdbdf28f000-7fdbdf291000 r-xp 00000000 08:06 3155232                    /usr/lib/x86_64-linux-gnu/libXinerama.so.1.0.0
7fdbdf291000-7fdbdf490000 ---p 00002000 08:06 3155232                    /usr/lib/x86_64-linux-gnu/libXinerama.so.1.0.0
7fdbdf490000-7fdbdf491000 r--p 00001000 08:06 3155232                    /usr/lib/x86_64-linux-gnu/libXinerama.so.1.0.0
7fdbdf491000-7fdbdf492000 rw-p 00002000 08:06 3155232                    /usr/lib/x86_64-linux-gnu/libXinerama.so.1.0.0
7fdbdf492000-7fdbdf4c4000 r-xp 00000000 08:06 3281736                    /usr/lib/fglrx/libatiadlxx.so
7fdbdf4c4000-7fdbdf5c4000 ---p 00032000 08:06 3281736                    /usr/lib/fglrx/libatiadlxx.so
7fdbdf5c4000-7fdbdf5cb000 rw-p 00032000 08:06 3281736                    /usr/lib/fglrx/libatiadlxx.so
7fdbdf5cb000-7fdbdf5d2000 r-xp 00000000 08:06 3281758                    /usr/lib/fglrx/libatiuki.so.1.0
7fdbdf5d2000-7fdbdf6d2000 ---p 00007000 08:06 3281758                    /usr/lib/fglrx/libatiuki.so.1.0
7fdbdf6d2000-7fdbdf6d3000 rw-p 00007000 08:06 3281758                    /usr/lib/fglrx/libatiuki.so.1.0
7fdbdf6d3000-7fdbdf6d4000 rw-p 00000000 00:00 0 
7fdbdf6d4000-7fdbe1266000 r-xp 00000000 08:06 3281742                    /usr/lib/fglrx/dri/fglrx_dri.so
7fdbe1266000-7fdbe1366000 ---p 01b92000 08:06 3281742                    /usr/lib/fglrx/dri/fglrx_dri.so
7fdbe1366000-7fdbe1491000 rwxp 01b92000 08:06 3281742                    /usr/lib/fglrx/dri/fglrx_dri.so
7fdbe1491000-7fdbe159f000 rwxp 00000000 00:00 0 
7fdbe159f000-7fdbe165f000 r-xp 00000000 08:06 3281740                    /usr/lib/fglrx/libGL.so.1.2
7fdbe165f000-7fdbe175e000 ---p 000c0000 08:06 3281740                    /usr/lib/fglrx/libGL.so.1.2
7fdbe175e000-7fdbe1784000 rwxp 000bf000 08:06 3281740                    /usr/lib/fglrx/libGL.so.1.2
7fdbe1784000-7fdbe17a4000 rwxp 00000000 00:00 0 
7fdbe17a4000-7fdbe17a5000 ---p 00000000 00:00 0 
7fdbe17a5000-7fdbe1fa5000 rw-p 00000000 00:00 0 
7fdbe1fa5000-7fdbe5fa6000 rw-s 00000000 00:10 60656                      /dev/shm/pulse-shm-1054857534
7fdbe5fa6000-7fdbe5fa7000 ---p 00000000 00:00 0 
7fdbe5fa7000-7fdbe67a7000 rw-p 00000000 00:00 0 
7fdbe67a7000-7fdbe67ad000 r-xp 00000000 08:06 3150602                    /usr/lib/libogg.so.0.7.0
7fdbe67ad000-7fdbe69ac000 ---p 00006000 08:06 3150602                    /usr/lib/libogg.so.0.7.0
7fdbe69ac000-7fdbe69ad000 r--p 00005000 08:06 3150602                    /usr/lib/libogg.so.0.7.0
7fdbe69ad000-7fdbe69ae000 rw-p 00006000 08:06 3150602                    /usr/lib/libogg.so.0.7.0
7fdbe69ae000-7fdbe69d9000 r-xp 00000000 08:06 3150878                    /usr/lib/libvorbis.so.0.4.5
7fdbe69d9000-7fdbe6bd8000 ---p 0002b000 08:06 3150878                    /usr/lib/libvorbis.so.0.4.5
7fdbe6bd8000-7fdbe6bd9000 r--p 0002a000 08:06 3150878                    /usr/lib/libvorbis.so.0.4.5
7fdbe6bd9000-7fdbe6bda000 rw-p 0002b000 08:06 3150878                    /usr/lib/libvorbis.so.0.4.5
7fdbe6bda000-7fdbe6e8d000 r-xp 00000000 08:06 3150880                    /usr/lib/libvorbisenc.so.2.0.8
7fdbe6e8d000-7fdbe708c000 ---p 002b3000 08:06 3150880                    /usr/lib/libvorbisenc.so.2.0.8
7fdbe708c000-7fdbe70a8000 r--p 002b2000 08:06 3150880                    /usr/lib/libvorbisenc.so.2.0.8
7fdbe70a8000-7fdbe70a9000 rw-p 002ce000 08:06 3150880                    /usr/lib/libvorbisenc.so.2.0.8
7fdbe70a9000-7fdbe70f1000 r-xp 00000000 08:06 3149758                    /usr/lib/libFLAC.so.8.2.0
7fdbe70f1000-7fdbe72f1000 ---p 00048000 08:06 3149758                    /usr/lib/libFLAC.so.8.2.0
7fdbe72f1000-7fdbe72f2000 r--p 00048000 08:06 3149758                    /usr/lib/libFLAC.so.8.2.0
7fdbe72f2000-7fdbe72f3000 rw-p 00049000 08:06 3149758                    /usr/lib/libFLAC.so.8.2.0
7fdbe72f3000-7fdbe7354000 r-xp 00000000 08:06 3150589                    /usr/lib/libsndfile.so.1.0.23
7fdbe7354000-7fdbe7554000 ---p 00061000 08:06 3150589                    /usr/lib/libsndfile.so.1.0.23
7fdbe7554000-7fdbe7556000 r--p 00061000 08:06 3150589                    /usr/lib/libsndfile.so.1.0.23
7fdbe7556000-7fdbe7557000 rw-p 00063000 08:06 3150589                    /usr/lib/libsndfile.so.1.0.23
7fdbe7557000-7fdbe755b000 rw-p 00000000 00:00 0 
7fdbe755b000-7fdbe7563000 r-xp 00000000 08:06 6029417                    /lib/libwrap.so.0.7.6
7fdbe7563000-7fdbe7763000 ---p 00008000 08:06 6029417                    /lib/libwrap.so.0.7.6
7fdbe7763000-7fdbe7764000 r--p 00008000 08:06 6029417                    /lib/libwrap.so.0.7.6
7fdbe7764000-7fdbe7765000 rw-p 00009000 08:06 6029417                    /lib/libwrap.so.0.7.6
7fdbe7765000-7fdbe7766000 rw-p 00000000 00:00 0 
7fdbe7766000-7fdbe776a000 r-xp 00000000 08:06 6033166                    /lib/x86_64-linux-gnu/libuuid.so.1.3.0
7fdbe776a000-7fdbe7969000 ---p 00004000 08:06 6033166                    /lib/x86_64-linux-gnu/libuuid.so.1.3.0
7fdbe7969000-7fdbe796a000 r--p 00003000 08:06 6033166                    /lib/x86_64-linux-gnu/libuuid.so.1.3.0
7fdbe796a000-7fdbe796b000 rw-p 00004000 08:06 6033166                    /lib/x86_64-linux-gnu/libuuid.so.1.3.0
7fdbe796b000-7fdbe79ad000 r-xp 00000000 08:06 6033148                    /lib/x86_64-linux-gnu/libdbus-1.so.3.5.4
7fdbe79ad000-7fdbe7bad000 ---p 00042000 08:06 6033148                    /lib/x86_64-linux-gnu/libdbus-1.so.3.5.4
7fdbe7bad000-7fdbe7bae000 r--p 00042000 08:06 6033148                    /lib/x86_64-linux-gnu/libdbus-1.so.3.5.4
7fdbe7bae000-7fdbe7baf000 rw-p 00043000 08:06 6033148                    /lib/x86_64-linux-gnu/libdbus-1.so.3.5.4
7fdbe7baf000-7fdbe7bfa000 r-xp 00000000 08:06 3146720                    /usr/lib/libpulsecommon-0.9.22.so
7fdbe7bfa000-7fdbe7df9000 ---p 0004b000 08:06 3146720                    /usr/lib/libpulsecommon-0.9.22.so
7fdbe7df9000-7fdbe7dfa000 r--p 0004a000 08:06 3146720                    /usr/lib/libpulsecommon-0.9.22.so
7fdbe7dfa000-7fdbe7dfb000 rw-p 0004b000 08:06 3146720                    /usr/lib/libpulsecommon-0.9.22.so
7fdbe7dfb000-7fdbe7dfe000 r-xp 00000000 08:06 3150911                    /usr/lib/libxcb-atom.so.1.0.0
7fdbe7dfe000-7fdbe7ffe000 ---p 00003000 08:06 3150911                    /usr/lib/libxcb-atom.so.1.0.0
7fdbe7ffe000-7fdbe7fff000 r--p 00003000 08:06 3150911                    /usr/lib/libxcb-atom.so.1.0.0
7fdbe7fff000-7fdbe8000000 rw-p 00004000 08:06 3150911                    /usr/lib/libxcb-atom.so.1.0.0
7fdbe8000000-7fdbe8c2a000 rw-p 00000000 00:00 0 
7fdbe8c2a000-7fdbec000000 ---p 00000000 00:00 0 
7fdbec0a0000-7fdbec0a3000 ---p 00000000 00:00 0 
7fdbec0a3000-7fdbec1a1000 rw-p 00000000 00:00 0 
7fdbec1a1000-7fdbec1a8000 r-xp 00000000 08:06 3155202                    /usr/lib/x86_64-linux-gnu/libSM.so.6.0.1
7fdbec1a8000-7fdbec3a7000 ---p 00007000 08:06 3155202                    /usr/lib/x86_64-linux-gnu/libSM.so.6.0.1
7fdbec3a7000-7fdbec3a8000 r--p 00006000 08:06 3155202                    /usr/lib/x86_64-linux-gnu/libSM.so.6.0.1
7fdbec3a8000-7fdbec3a9000 rw-p 00007000 08:06 3155202                    /usr/lib/x86_64-linux-gnu/libSM.so.6.0.1
7fdbec3a9000-7fdbec3bf000 r-xp 00000000 08:06 3155200                    /usr/lib/x86_64-linux-gnu/libICE.so.6.3.0
7fdbec3bf000-7fdbec5bf000 ---p 00016000 08:06 3155200                    /usr/lib/x86_64-linux-gnu/libICE.so.6.3.0
7fdbec5bf000-7fdbec5c0000 r--p 00016000 08:06 3155200                    /usr/lib/x86_64-linux-gnu/libICE.so.6.3.0
7fdbec5c0000-7fdbec5c1000 rw-p 00017000 08:06 3155200                    /usr/lib/x86_64-linux-gnu/libICE.so.6.3.0
7fdbec5c1000-7fdbec5c4000 rw-p 00000000 00:00 0 
7fdbec5c4000-7fdbec5c5000 r-xp 00000000 08:06 3155204                    /usr/lib/x86_64-linux-gnu/libX11-xcb.so.1.0.0
7fdbec5c5000-7fdbec7c4000 ---p 00001000 08:06 3155204                    /usr/lib/x86_64-linux-gnu/libX11-xcb.so.1.0.0
7fdbec7c4000-7fdbec7c5000 r--p 00000000 08:06 3155204                    /usr/lib/x86_64-linux-gnu/libX11-xcb.so.1.0.0
7fdbec7c5000-7fdbec7c6000 rw-p 00001000 08:06 3155204                    /usr/lib/x86_64-linux-gnu/libX11-xcb.so.1.0.0
7fdbec7c6000-7fdbec806000 r-xp 00000000 08:06 3146712                    /usr/lib/libpulse.so.0.12.3
7fdbec806000-7fdbeca05000 ---p 00040000 08:06 3146712                    /usr/lib/libpulse.so.0.12.3
7fdbeca05000-7fdbeca06000 r--p 0003f000 08:06 3146712                    /usr/lib/libpulse.so.0.12.3
7fdbeca06000-7fdbeca07000 rw-p 00040000 08:06 3146712                    /usr/lib/libpulse.so.0.12.3
7fdbeca07000-7fdbeca53000 r-xp 00000000 08:06 5511018                    /tmp/libgdx/80041558/libopenal64.so
7fdbeca53000-7fdbecc52000 ---p 0004c000 08:06 5511018                    /tmp/libgdx/80041558/libopenal64.so
7fdbecc52000-7fdbecc54000 r--p 0004b000 08:06 5511018                    /tmp/libgdx/80041558/libopenal64.so
7fdbecc54000-7fdbecc55000 rw-p 0004d000 08:06 5511018                    /tmp/libgdx/80041558/libopenal64.so
7fdbecc55000-7fdbecc56000 rw-p 00000000 00:00 0 
7fdbecc56000-7fdbecc57000 r-xp 00000000 08:06 3411324                    /usr/lib/jvm/java-6-openjdk/jre/lib/amd64/libjawt.so
7fdbecc57000-7fdbece56000 ---p 00001000 08:06 3411324                    /usr/lib/jvm/java-6-openjdk/jre/lib/amd64/libjawt.so
7fdbece56000-7fdbece57000 r--p 00000000 08:06 3411324                    /usr/lib/jvm/java-6-openjdk/jre/lib/amd64/libjawt.so
7fdbece57000-7fdbece58000 rw-p 00001000 08:06 3411324                    /usr/lib/jvm/java-6-openjdk/jre/lib/amd64/libjawt.so
7fdbece58000-7fdbece5d000 r-xp 00000000 08:06 3155240                    /usr/lib/x86_64-linux-gnu/libXxf86vm.so.1.0.0
7fdbece5d000-7fdbed05c000 ---p 00005000 08:06 3155240                    /usr/lib/x86_64-linux-gnu/libXxf86vm.so.1.0.0
7fdbed05c000-7fdbed05d000 r--p 00004000 08:06 3155240                    /usr/lib/x86_64-linux-gnu/libXxf86vm.so.1.0.0
7fdbed05d000-7fdbed05e000 rw-p 00005000 08:06 3155240                    /usr/lib/x86_64-linux-gnu/libXxf86vm.so.1.0.0
7fdbed05e000-7fdbed066000 r-xp 00000000 08:06 3155234                    /usr/lib/x86_64-linux-gnu/libXrandr.so.2.2.0
7fdbed066000-7fdbed265000 ---p 00008000 08:06 3155234                    /usr/lib/x86_64-linux-gnu/libXrandr.so.2.2.0
7fdbed265000-7fdbed266000 r--p 00007000 08:06 3155234                    /usr/lib/x86_64-linux-gnu/libXrandr.so.2.2.0
7fdbed266000-7fdbed267000 rw-p 00008000 08:06 3155234                    /usr/lib/x86_64-linux-gnu/libXrandr.so.2.2.0
7fdbed267000-7fdbed2e0000 r-xp 00000000 08:06 5511019                    /tmp/libgdx/80041558/liblwjgl64.so
7fdbed2e0000-7fdbed4e0000 ---p 00079000 08:06 5511019                    /tmp/libgdx/80041558/liblwjgl64.so
7fdbed4e0000-7fdbed4e2000 r--p 00079000 08:06 5511019                    /tmp/libgdx/80041558/liblwjgl64.so
7fdbed4e2000-7fdbed4e3000 rw-p 0007b000 08:06 5511019                    /tmp/libgdx/80041558/liblwjgl64.so
7fdbed4e3000-7fdbed4e6000 ---p 00000000 00:00 0 
7fdbed4e6000-7fdbed5e4000 rw-p 00000000 00:00 0 
7fdbed5e4000-7fdbed5e9000 r-xp 00000000 08:06 3155226                    /usr/lib/x86_64-linux-gnu/libXfixes.so.3.1.0
7fdbed5e9000-7fdbed7e8000 ---p 00005000 08:06 3155226                    /usr/lib/x86_64-linux-gnu/libXfixes.so.3.1.0
7fdbed7e8000-7fdbed7e9000 r--p 00004000 08:06 3155226                    /usr/lib/x86_64-linux-gnu/libXfixes.so.3.1.0
7fdbed7e9000-7fdbed7ea000 rw-p 00005000 08:06 3155226                    /usr/lib/x86_64-linux-gnu/libXfixes.so.3.1.0
7fdbed7ea000-7fdbed7eb000 r--s 00000000 08:06 3936473                    /var/cache/fontconfig/c05880de57d1f5e948fdfacc138775d9-le64.cache-3
7fdbed7eb000-7fdbed7f4000 r--s 00000000 08:06 3936471                    /var/cache/fontconfig/945677eb7aeaf62f1d50efc3fb3ec7d8-le64.cache-3
7fdbed7f4000-7fdbed7f6000 r--s 00000000 08:06 3936472                    /var/cache/fontconfig/99e8ed0e538f840c565b6ed5dad60d56-le64.cache-3
7fdbed7f6000-7fdbed7f8000 r--s 00000000 08:06 3936460                    /var/cache/fontconfig/2cd17615ca594fa2959ae173292e504c-le64.cache-3
7fdbed7f8000-7fdbed7fb000 r--s 00000000 08:06 3936811                    /var/cache/fontconfig/b5ea634b0fb353b8ea17632d1f9ef766-le64.cache-3
7fdbed7fb000-7fdbed7ff000 r--s 00000000 08:06 3936468                    /var/cache/fontconfig/6eb3985aa4124903f6ff08ba781cd364-le64.cache-3
7fdbed7ff000-7fdbed804000 r--s 00000000 08:06 3936464                    /var/cache/fontconfig/515ca1ebc4b18308bea979be5704f9db-le64.cache-3
7fdbed804000-7fdbed80d000 r--s 00000000 08:06 3936467                    /var/cache/fontconfig/6d41288fd70b0be22e8c3a91e032eec0-le64.cache-3
7fdbed80d000-7fdbed80e000 r--s 00000000 08:06 3935581                    /var/cache/fontconfig/4794a0821666d79190d59a36cb4f44b5-le64.cache-3
7fdbed80e000-7fdbed818000 r--s 00000000 08:06 3936477                    /var/cache/fontconfig/d52a8644073d54c13679302ca1180695-le64.cache-3
7fdbed818000-7fdbed82b000 r--s 00000000 08:06 3936922                    /var/cache/fontconfig/e13b20fdb08344e0e664864cc2ede53d-le64.cache-3
7fdbed88f000-7fdbed90c000 rw-p 00000000 00:00 0 
7fdbed90c000-7fdbed90f000 ---p 00000000 00:00 0 
7fdbed90f000-7fdbeda0d000 rw-p 00000000 00:00 0 
7fdbeda0d000-7fdbeda0e000 r--s 00000000 08:06 3936473                    /var/cache/fontconfig/c05880de57d1f5e948fdfacc138775d9-le64.cache-3
7fdbeda0e000-7fdbeda17000 r--s 00000000 08:06 3936471                    /var/cache/fontconfig/945677eb7aeaf62f1d50efc3fb3ec7d8-le64.cache-3
7fdbeda17000-7fdbeda19000 r--s 00000000 08:06 3936472                    /var/cache/fontconfig/99e8ed0e538f840c565b6ed5dad60d56-le64.cache-3
7fdbeda19000-7fdbeda1b000 r--s 00000000 08:06 3936460                    /var/cache/fontconfig/2cd17615ca594fa2959ae173292e504c-le64.cache-3
7fdbeda1b000-7fdbeda1e000 r--s 00000000 08:06 3936811                    /var/cache/fontconfig/b5ea634b0fb353b8ea17632d1f9ef766-le64.cache-3
7fdbeda1e000-7fdbeda22000 r--s 00000000 08:06 3936468                    /var/cache/fontconfig/6eb3985aa4124903f6ff08ba781cd364-le64.cache-3
7fdbeda22000-7fdbeda35000 r--s 00000000 08:06 3936922                    /var/cache/fontconfig/e13b20fdb08344e0e664864cc2ede53d-le64.cache-3
7fdbeda3d000-7fdbeda46000 r-xp 00000000 08:06 3155216                    /usr/lib/x86_64-linux-gnu/libXcursor.so.1.0.2
7fdbeda46000-7fdbedc45000 ---p 00009000 08:06 3155216                    /usr/lib/x86_64-linux-gnu/libXcursor.so.1.0.2
7fdbedc45000-7fdbedc46000 r--p 00008000 08:06 3155216                    /usr/lib/x86_64-linux-gnu/libXcursor.so.1.0.2
7fdbedc46000-7fdbedc47000 rw-p 00009000 08:06 3155216                    /usr/lib/x86_64-linux-gnu/libXcursor.so.1.0.2
7fdbedc57000-7fdbedc67000 rw-s c0020000 00:05 9308                       /dev/ati/card0
7fdbedc67000-7fdbedc6e000 r--s 000fb000 08:06 3284588                    /usr/lib/jvm/java-6-openjdk/jre/lib/resources.jar
7fdbedc6e000-7fdbedc77000 r--s 00000000 08:06 3936467                    /var/cache/fontconfig/6d41288fd70b0be22e8c3a91e032eec0-le64.cache-3
7fdbedc77000-7fdbedc8b000 r--s 00000000 08:06 3936920                    /var/cache/fontconfig/865f88548240fee46819705c6468c165-le64.cache-3
7fdbedc8b000-7fdbedc8e000 ---p 00000000 00:00 0 
7fdbedc8e000-7fdbedd8c000 rw-p 00000000 00:00 0 
7fdbedd8c000-7fdbede1f000 r-xp 00000000 08:06 3145772                    /usr/lib/x86_64-linux-gnu/libfreetype.so.6.6.2
7fdbede1f000-7fdbee01e000 ---p 00093000 08:06 3145772                    /usr/lib/x86_64-linux-gnu/libfreetype.so.6.6.2
7fdbee01e000-7fdbee024000 r--p 00092000 08:06 3145772                    /usr/lib/x86_64-linux-gnu/libfreetype.so.6.6.2
7fdbee024000-7fdbee025000 rw-p 00098000 08:06 3145772                    /usr/lib/x86_64-linux-gnu/libfreetype.so.6.6.2
7fdbee025000-7fdbee05e000 r-xp 00000000 08:06 3411314                    /usr/lib/jvm/java-6-openjdk/jre/lib/amd64/libfontmanager.so
7fdbee05e000-7fdbee25d000 ---p 00039000 08:06 3411314                    /usr/lib/jvm/java-6-openjdk/jre/lib/amd64/libfontmanager.so
7fdbee25d000-7fdbee25f000 r--p 00038000 08:06 3411314                    /usr/lib/jvm/java-6-openjdk/jre/lib/amd64/libfontmanager.so
7fdbee25f000-7fdbee260000 rw-p 0003a000 08:06 3411314                    /usr/lib/jvm/java-6-openjdk/jre/lib/amd64/libfontmanager.so
7fdbee260000-7fdbee265000 r-xp 00000000 08:06 3155222                    /usr/lib/x86_64-linux-gnu/libXdmcp.so.6.0.0
7fdbee265000-7fdbee464000 ---p 00005000 08:06 3155222                    /usr/lib/x86_64-linux-gnu/libXdmcp.so.6.0.0
7fdbee464000-7fdbee465000 r--p 00004000 08:06 3155222                    /usr/lib/x86_64-linux-gnu/libXdmcp.so.6.0.0
7fdbee465000-7fdbee466000 rw-p 00005000 08:06 3155222                    /usr/lib/x86_64-linux-gnu/libXdmcp.so.6.0.0
7fdbee466000-7fdbee468000 r-xp 00000000 08:06 3155212                    /usr/lib/x86_64-linux-gnu/libXau.so.6.0.0
7fdbee468000-7fdbee667000 ---p 00002000 08:06 3155212                    /usr/lib/x86_64-linux-gnu/libXau.so.6.0.0
7fdbee667000-7fdbee668000 r--p 00001000 08:06 3155212                    /usr/lib/x86_64-linux-gnu/libXau.so.6.0.0
7fdbee668000-7fdbee669000 rw-p 00002000 08:06 3155212                    /usr/lib/x86_64-linux-gnu/libXau.so.6.0.0
7fdbee669000-7fdbee684000 r-xp 00000000 08:06 3155368                    /usr/lib/x86_64-linux-gnu/libxcb.so.1.1.0
7fdbee684000-7fdbee883000 ---p 0001b000 08:06 3155368                    /usr/lib/x86_64-linux-gnu/libxcb.so.1.1.0
7fdbee883000-7fdbee884000 r--p 0001a000 08:06 3155368                    /usr/lib/x86_64-linux-gnu/libxcb.so.1.1.0
7fdbee884000-7fdbee885000 rw-p 0001b000 08:06 3155368                    /usr/lib/x86_64-linux-gnu/libxcb.so.1.1.0
7fdbee885000-7fdbee894000 r-xp 00000000 08:06 3155230                    /usr/lib/x86_64-linux-gnu/libXi.so.6.1.0
7fdbee894000-7fdbeea93000 ---p 0000f000 08:06 3155230                    /usr/lib/x86_64-linux-gnu/libXi.so.6.1.0
7fdbeea93000-7fdbeea94000 r--p 0000e000 08:06 3155230                    /usr/lib/x86_64-linux-gnu/libXi.so.6.1.0
7fdbeea94000-7fdbeea95000 rw-p 0000f000 08:06 3155230                    /usr/lib/x86_64-linux-gnu/libXi.so.6.1.0
7fdbeea95000-7fdbeea9a000 r-xp 00000000 08:06 3149836                    /usr/lib/libXtst.so.6.1.0
7fdbeea9a000-7fdbeec99000 ---p 00005000 08:06 3149836                    /usr/lib/libXtst.so.6.1.0
7fdbeec99000-7fdbeec9a000 r--p 00004000 08:06 3149836                    /usr/lib/libXtst.so.6.1.0
7fdbeec9a000-7fdbeec9b000 rw-p 00005000 08:06 3149836                    /usr/lib/libXtst.so.6.1.0
7fdbeec9b000-7fdbeeca4000 r-xp 00000000 08:06 3155236                    /usr/lib/x86_64-linux-gnu/libXrender.so.1.3.0
7fdbeeca4000-7fdbeeea4000 ---p 00009000 08:06 3155236                    /usr/lib/x86_64-linux-gnu/libXrender.so.1.3.0
7fdbeeea4000-7fdbeeea5000 r--p 00009000 08:06 3155236                    /usr/lib/x86_64-linux-gnu/libXrender.so.1.3.0
7fdbeeea5000-7fdbeeea6000 rw-p 0000a000 08:06 3155236                    /usr/lib/x86_64-linux-gnu/libXrender.so.1.3.0
7fdbeeea6000-7fdbeefdb000 r-xp 00000000 08:06 3155208                    /usr/lib/x86_64-linux-gnu/libX11.so.6.3.0
7fdbeefdb000-7fdbef1db000 ---p 00135000 08:06 3155208                    /usr/lib/x86_64-linux-gnu/libX11.so.6.3.0
7fdbef1db000-7fdbef1dc000 r--p 00135000 08:06 3155208                    /usr/lib/x86_64-linux-gnu/libX11.so.6.3.0
7fdbef1dc000-7fdbef1e0000 rw-p 00136000 08:06 3155208                    /usr/lib/x86_64-linux-gnu/libX11.so.6.3.0
7fdbef1e0000-7fdbef1f1000 r-xp 00000000 08:06 3155224                    /usr/lib/x86_64-linux-gnu/libXext.so.6.4.0
7fdbef1f1000-7fdbef3f0000 ---p 00011000 08:06 3155224                    /usr/lib/x86_64-linux-gnu/libXext.so.6.4.0
7fdbef3f0000-7fdbef3f1000 r--p 00010000 08:06 3155224                    /usr/lib/x86_64-linux-gnu/libXext.so.6.4.0
7fdbef3f1000-7fdbef3f2000 rw-p 00011000 08:06 3155224                    /usr/lib/x86_64-linux-gnu/libXext.so.6.4.0
7fdbef3f2000-7fdbef3f4000 rw-s 00002000 00:05 9308                       /dev/ati/card0
7fdbef3f4000-7fdbef3fe000 r--s 00000000 08:06 3936477                    /var/cache/fontconfig/d52a8644073d54c13679302ca1180695-le64.cache-3
7fdbef3fe000-7fdbef412000 r--s 00000000 08:06 3936920                    /var/cache/fontconfig/865f88548240fee46819705c6468c165-le64.cache-3
7fdbef412000-7fdbef45d000 r-xp 00000000 08:06 3411358                    /usr/lib/jvm/java-6-openjdk/jre/lib/amd64/xawt/libmawt.so
7fdbef45d000-7fdbef65d000 ---p 0004b000 08:06 3411358                    /usr/lib/jvm/java-6-openjdk/jre/lib/amd64/xawt/libmawt.so
7fdbef65d000-7fdbef65e000 r--p 0004b000 08:06 3411358                    /usr/lib/jvm/java-6-openjdk/jre/lib/amd64/xawt/libmawt.so
7fdbef65e000-7fdbef661000 rw-p 0004c000 08:06 3411358                    /usr/lib/jvm/java-6-openjdk/jre/lib/amd64/xawt/libmawt.so
7fdbef661000-7fdbef662000 rw-p 00000000 00:00 0 
7fdbef662000-7fdbef70b000 r-xp 00000000 08:06 3411323                    /usr/lib/jvm/java-6-openjdk/jre/lib/amd64/libawt.so
7fdbef70b000-7fdbef90a000 ---p 000a9000 08:06 3411323                    /usr/lib/jvm/java-6-openjdk/jre/lib/amd64/libawt.so
7fdbef90a000-7fdbef90b000 r--p 000a8000 08:06 3411323                    /usr/lib/jvm/java-6-openjdk/jre/lib/amd64/libawt.so
7fdbef90b000-7fdbef916000 rw-p 000a9000 08:06 3411323                    /usr/lib/jvm/java-6-openjdk/jre/lib/amd64/libawt.so
7fdbef916000-7fdbef93b000 rw-p 00000000 00:00 0 
7fdbef93b000-7fdbef9d9000 r-xp 00000000 08:06 5511017                    /tmp/libgdx/80041558/libgdx-64.so
7fdbef9d9000-7fdbefbd9000 ---p 0009e000 08:06 5511017                    /tmp/libgdx/80041558/libgdx-64.so
7fdbefbd9000-7fdbefbdb000 r--p 0009e000 08:06 5511017                    /tmp/libgdx/80041558/libgdx-64.so
7fdbefbdb000-7fdbefbdd000 rw-p 000a0000 08:06 5511017                    /tmp/libgdx/80041558/libgdx-64.so
7fdbefbdd000-7fdbefbdf000 rw-p 00000000 00:00 0 
7fdbefbdf000-7fdbefbe2000 r--s 0007d000 08:06 3284584                    /usr/lib/jvm/java-6-openjdk/jre/lib/jsse.jar
7fdbefbe2000-7fdbefbef000 r--s 000ba000 08:06 6429275                    /home/aedon/KandA/genericjavaproject/com.ak.towerdefense.core/libs/gdx.jar
7fdbefbef000-7fdbefbfe000 r--s 000c6000 08:06 6429294                    /home/aedon/KandA/genericjavaproject/com.ak.towerdefense.core/libs/gdx-twl.jar
7fdbefbfe000-7fdbefbff000 ---p 00000000 00:00 0 
7fdbefbff000-7fdbefcff000 rw-p 00000000 00:00 0 
7fdbefcff000-7fdbefd02000 ---p 00000000 00:00 0 
7fdbefd02000-7fdbefe00000 rw-p 00000000 00:00 0 
7fdbefe00000-7fdbefe03000 ---p 00000000 00:00 0 
7fdbefe03000-7fdbeff01000 rw-p 00000000 00:00 0 
7fdbeff01000-7fdbeff04000 ---p 00000000 00:00 0 
7fdbeff04000-7fdbf0002000 rw-p 00000000 00:00 0 
7fdbf0002000-7fdbf0005000 ---p 00000000 00:00 0 
7fdbf0005000-7fdbf0103000 rw-p 00000000 00:00 0 
7fdbf0103000-7fdbf078d000 r--p 00000000 08:06 3154019                    /usr/lib/locale/locale-archive
7fdbf078d000-7fdbf0790000 ---p 00000000 00:00 0 
7fdbf0790000-7fdbf088e000 rw-p 00000000 00:00 0 
7fdbf088e000-7fdbf0891000 ---p 00000000 00:00 0 
7fdbf0891000-7fdbf098f000 rw-p 00000000 00:00 0 
7fdbf098f000-7fdbf0990000 ---p 00000000 00:00 0 
7fdbf0990000-7fdbf0dc6000 rw-p 00000000 00:00 0 
7fdbf0dc6000-7fdbf0f57000 r--s 037b1000 08:06 3281824                    /usr/lib/jvm/java-6-openjdk/jre/lib/rt.jar
7fdbf0f57000-7fdbf0f7f000 rw-p 00000000 00:00 0 
7fdbf0f7f000-7fdbf0f80000 ---p 00000000 00:00 0 
7fdbf0f80000-7fdbf1080000 rw-p 00000000 00:00 0 
7fdbf1080000-7fdbf1081000 ---p 00000000 00:00 0 
7fdbf1081000-7fdbf118c000 rw-p 00000000 00:00 0 
7fdbf118c000-7fdbf11d4000 rw-p 00000000 00:00 0 
7fdbf11d4000-7fdbf11fe000 rw-p 00000000 00:00 0 
7fdbf11fe000-7fdbf146d000 rw-p 00000000 00:00 0 
7fdbf146d000-7fdbf1478000 rw-p 00000000 00:00 0 
7fdbf1478000-7fdbf14c0000 rw-p 00000000 00:00 0 
7fdbf14c0000-7fdbf14ea000 rw-p 00000000 00:00 0 
7fdbf14ea000-7fdbf1758000 rw-p 00000000 00:00 0 
7fdbf1758000-7fdbf176e000 rw-p 00000000 00:00 0 
7fdbf176e000-7fdbf18a5000 rw-p 00000000 00:00 0 
7fdbf18a5000-7fdbf18a6000 rw-p 00000000 00:00 0 
7fdbf18a6000-7fdbf1b16000 rwxp 00000000 00:00 0 
7fdbf1b16000-7fdbf48a6000 rw-p 00000000 00:00 0 
7fdbf48a6000-7fdbf48ad000 r-xp 00000000 08:06 3411318                    /usr/lib/jvm/java-6-openjdk/jre/lib/amd64/libzip.so
7fdbf48ad000-7fdbf4aac000 ---p 00007000 08:06 3411318                    /usr/lib/jvm/java-6-openjdk/jre/lib/amd64/libzip.so
7fdbf4aac000-7fdbf4aad000 r--p 00006000 08:06 3411318                    /usr/lib/jvm/java-6-openjdk/jre/lib/amd64/libzip.so
7fdbf4aad000-7fdbf4aae000 rw-p 00007000 08:06 3411318                    /usr/lib/jvm/java-6-openjdk/jre/lib/amd64/libzip.so
7fdbf4aae000-7fdbf4aba000 r-xp 00000000 08:06 6033131                    /lib/x86_64-linux-gnu/libnss_files-2.13.so
7fdbf4aba000-7fdbf4cb9000 ---p 0000c000 08:06 6033131                    /lib/x86_64-linux-gnu/libnss_files-2.13.so
7fdbf4cb9000-7fdbf4cba000 r--p 0000b000 08:06 6033131                    /lib/x86_64-linux-gnu/libnss_files-2.13.so
7fdbf4cba000-7fdbf4cbb000 rw-p 0000c000 08:06 6033131                    /lib/x86_64-linux-gnu/libnss_files-2.13.so
7fdbf4cbb000-7fdbf4cc6000 r-xp 00000000 08:06 6033135                    /lib/x86_64-linux-gnu/libnss_nis-2.13.so
7fdbf4cc6000-7fdbf4ec5000 ---p 0000b000 08:06 6033135                    /lib/x86_64-linux-gnu/libnss_nis-2.13.so
7fdbf4ec5000-7fdbf4ec6000 r--p 0000a000 08:06 6033135                    /lib/x86_64-linux-gnu/libnss_nis-2.13.so
7fdbf4ec6000-7fdbf4ec7000 rw-p 0000b000 08:06 6033135                    /lib/x86_64-linux-gnu/libnss_nis-2.13.so
7fdbf4ec7000-7fdbf4ecf000 r-xp 00000000 08:06 6033127                    /lib/x86_64-linux-gnu/libnss_compat-2.13.so
7fdbf4ecf000-7fdbf50ce000 ---p 00008000 08:06 6033127                    /lib/x86_64-linux-gnu/libnss_compat-2.13.so
7fdbf50ce000-7fdbf50cf000 r--p 00007000 08:06 6033127                    /lib/x86_64-linux-gnu/libnss_compat-2.13.so
7fdbf50cf000-7fdbf50d0000 rw-p 00008000 08:06 6033127                    /lib/x86_64-linux-gnu/libnss_compat-2.13.so
7fdbf50d0000-7fdbf50e7000 r-xp 00000000 08:06 6033125                    /lib/x86_64-linux-gnu/libnsl-2.13.so
7fdbf50e7000-7fdbf52e6000 ---p 00017000 08:06 6033125                    /lib/x86_64-linux-gnu/libnsl-2.13.so
7fdbf52e6000-7fdbf52e7000 r--p 00016000 08:06 6033125                    /lib/x86_64-linux-gnu/libnsl-2.13.so
7fdbf52e7000-7fdbf52e8000 rw-p 00017000 08:06 6033125                    /lib/x86_64-linux-gnu/libnsl-2.13.so
7fdbf52e8000-7fdbf52ea000 rw-p 00000000 00:00 0 
7fdbf52ea000-7fdbf5316000 r-xp 00000000 08:06 3411317                    /usr/lib/jvm/java-6-openjdk/jre/lib/amd64/libjava.so
7fdbf5316000-7fdbf5515000 ---p 0002c000 08:06 3411317                    /usr/lib/jvm/java-6-openjdk/jre/lib/amd64/libjava.so
7fdbf5515000-7fdbf5516000 r--p 0002b000 08:06 3411317                    /usr/lib/jvm/java-6-openjdk/jre/lib/amd64/libjava.so
7fdbf5516000-7fdbf5519000 rw-p 0002c000 08:06 3411317                    /usr/lib/jvm/java-6-openjdk/jre/lib/amd64/libjava.so
7fdbf5519000-7fdbf5527000 r-xp 00000000 08:06 3411300                    /usr/lib/jvm/java-6-openjdk/jre/lib/amd64/libverify.so
7fdbf5527000-7fdbf5726000 ---p 0000e000 08:06 3411300                    /usr/lib/jvm/java-6-openjdk/jre/lib/amd64/libverify.so
7fdbf5726000-7fdbf5728000 r--p 0000d000 08:06 3411300                    /usr/lib/jvm/java-6-openjdk/jre/lib/amd64/libverify.so
7fdbf5728000-7fdbf5729000 rw-p 0000f000 08:06 3411300                    /usr/lib/jvm/java-6-openjdk/jre/lib/amd64/libverify.so
7fdbf5729000-7fdbf5730000 r-xp 00000000 08:06 6033154                    /lib/x86_64-linux-gnu/librt-2.13.so
7fdbf5730000-7fdbf592f000 ---p 00007000 08:06 6033154                    /lib/x86_64-linux-gnu/librt-2.13.so
7fdbf592f000-7fdbf5930000 r--p 00006000 08:06 6033154                    /lib/x86_64-linux-gnu/librt-2.13.so
7fdbf5930000-7fdbf5931000 rw-p 00007000 08:06 6033154                    /lib/x86_64-linux-gnu/librt-2.13.so
7fdbf5931000-7fdbf5946000 r-xp 00000000 08:06 6033113                    /lib/x86_64-linux-gnu/libgcc_s.so.1
7fdbf5946000-7fdbf5b45000 ---p 00015000 08:06 6033113                    /lib/x86_64-linux-gnu/libgcc_s.so.1
7fdbf5b45000-7fdbf5b46000 r--p 00014000 08:06 6033113                    /lib/x86_64-linux-gnu/libgcc_s.so.1
7fdbf5b46000-7fdbf5b47000 rw-p 00015000 08:06 6033113                    /lib/x86_64-linux-gnu/libgcc_s.so.1
7fdbf5b47000-7fdbf5bcb000 r-xp 00000000 08:06 6033122                    /lib/x86_64-linux-gnu/libm-2.13.so
7fdbf5bcb000-7fdbf5dca000 ---p 00084000 08:06 6033122                    /lib/x86_64-linux-gnu/libm-2.13.so
7fdbf5dca000-7fdbf5dcb000 r--p 00083000 08:06 6033122                    /lib/x86_64-linux-gnu/libm-2.13.so
7fdbf5dcb000-7fdbf5dcc000 rw-p 00084000 08:06 6033122                    /lib/x86_64-linux-gnu/libm-2.13.so
7fdbf5dcc000-7fdbf5eb4000 r-xp 00000000 08:06 3155345                    /usr/lib/x86_64-linux-gnu/libstdc++.so.6.0.14
7fdbf5eb4000-7fdbf60b3000 ---p 000e8000 08:06 3155345                    /usr/lib/x86_64-linux-gnu/libstdc++.so.6.0.14
7fdbf60b3000-7fdbf60bb000 r--p 000e7000 08:06 3155345                    /usr/lib/x86_64-linux-gnu/libstdc++.so.6.0.14
7fdbf60bb000-7fdbf60bd000 rw-p 000ef000 08:06 3155345                    /usr/lib/x86_64-linux-gnu/libstdc++.so.6.0.14
7fdbf60bd000-7fdbf60d2000 rw-p 00000000 00:00 0 
7fdbf60d2000-7fdbf6a27000 r-xp 00000000 08:06 3411320                    /usr/lib/jvm/java-6-openjdk/jre/lib/amd64/server/libjvm.so
7fdbf6a27000-7fdbf6c26000 ---p 00955000 08:06 3411320                    /usr/lib/jvm/java-6-openjdk/jre/lib/amd64/server/libjvm.so
7fdbf6c26000-7fdbf6ca7000 r--p 00954000 08:06 3411320                    /usr/lib/jvm/java-6-openjdk/jre/lib/amd64/server/libjvm.so
7fdbf6ca7000-7fdbf6cc2000 rw-p 009d5000 08:06 3411320                    /usr/lib/jvm/java-6-openjdk/jre/lib/amd64/server/libjvm.so
7fdbf6cc2000-7fdbf6ceb000 rw-p 00000000 00:00 0 
7fdbf6ceb000-7fdbf6e75000 r-xp 00000000 08:06 6033085                    /lib/x86_64-linux-gnu/libc-2.13.so
7fdbf6e75000-7fdbf7074000 ---p 0018a000 08:06 6033085                    /lib/x86_64-linux-gnu/libc-2.13.so
7fdbf7074000-7fdbf7078000 r--p 00189000 08:06 6033085                    /lib/x86_64-linux-gnu/libc-2.13.so
7fdbf7078000-7fdbf7079000 rw-p 0018d000 08:06 6033085                    /lib/x86_64-linux-gnu/libc-2.13.so
7fdbf7079000-7fdbf707f000 rw-p 00000000 00:00 0 
7fdbf707f000-7fdbf7081000 r-xp 00000000 08:06 6033095                    /lib/x86_64-linux-gnu/libdl-2.13.so
7fdbf7081000-7fdbf7281000 ---p 00002000 08:06 6033095                    /lib/x86_64-linux-gnu/libdl-2.13.so
7fdbf7281000-7fdbf7282000 r--p 00002000 08:06 6033095                    /lib/x86_64-linux-gnu/libdl-2.13.so
7fdbf7282000-7fdbf7283000 rw-p 00003000 08:06 6033095                    /lib/x86_64-linux-gnu/libdl-2.13.so
7fdbf7283000-7fdbf7287000 r-xp 00000000 08:06 3411298                    /usr/lib/jvm/java-6-openjdk/jre/lib/amd64/jli/libjli.so
7fdbf7287000-7fdbf7486000 ---p 00004000 08:06 3411298                    /usr/lib/jvm/java-6-openjdk/jre/lib/amd64/jli/libjli.so
7fdbf7486000-7fdbf7487000 r--p 00003000 08:06 3411298                    /usr/lib/jvm/java-6-openjdk/jre/lib/amd64/jli/libjli.so
7fdbf7487000-7fdbf7488000 rw-p 00004000 08:06 3411298                    /usr/lib/jvm/java-6-openjdk/jre/lib/amd64/jli/libjli.so
7fdbf7488000-7fdbf74a0000 r-xp 00000000 08:06 6033150                    /lib/x86_64-linux-gnu/libpthread-2.13.so
7fdbf74a0000-7fdbf76a0000 ---p 00018000 08:06 6033150                    /lib/x86_64-linux-gnu/libpthread-2.13.so
7fdbf76a0000-7fdbf76a1000 r--p 00018000 08:06 6033150                    /lib/x86_64-linux-gnu/libpthread-2.13.so
7fdbf76a1000-7fdbf76a2000 rw-p 00019000 08:06 6033150                    /lib/x86_64-linux-gnu/libpthread-2.13.so
7fdbf76a2000-7fdbf76a6000 rw-p 00000000 00:00 0 
7fdbf76a6000-7fdbf76bd000 r-xp 00000000 08:06 6033168                    /lib/x86_64-linux-gnu/libz.so.1.2.3.4
7fdbf76bd000-7fdbf78bc000 ---p 00017000 08:06 6033168                    /lib/x86_64-linux-gnu/libz.so.1.2.3.4
7fdbf78bc000-7fdbf78bd000 r--p 00016000 08:06 6033168                    /lib/x86_64-linux-gnu/libz.so.1.2.3.4
7fdbf78bd000-7fdbf78be000 rw-p 00017000 08:06 6033168                    /lib/x86_64-linux-gnu/libz.so.1.2.3.4
7fdbf78be000-7fdbf78df000 r-xp 00000000 08:06 6033072                    /lib/x86_64-linux-gnu/ld-2.13.so
7fdbf78e0000-7fdbf78e5000 r--s 00000000 08:06 3936464                    /var/cache/fontconfig/515ca1ebc4b18308bea979be5704f9db-le64.cache-3
7fdbf78e5000-7fdbf78f6000 r--s 0011a000 08:06 6429277                    /home/aedon/KandA/genericjavaproject/com.ak.towerdefense.core/libs/gdx-backend-lwjgl.jar
7fdbf78f6000-7fdbf7900000 rw-p 00000000 00:00 0 
7fdbf7900000-7fdbf79b6000 rw-p 00000000 00:00 0 
7fdbf79b6000-7fdbf79b9000 ---p 00000000 00:00 0 
7fdbf79b9000-7fdbf7abc000 rw-p 00000000 00:00 0 
7fdbf7abc000-7fdbf7abd000 rw-s 00005000 00:05 9308                       /dev/ati/card0
7fdbf7abd000-7fdbf7abe000 r--p 00000000 00:00 0 
7fdbf7abe000-7fdbf7abf000 r--s 00000000 08:06 3935581                    /var/cache/fontconfig/4794a0821666d79190d59a36cb4f44b5-le64.cache-3
7fdbf7abf000-7fdbf7ac5000 r--s 0005a000 08:06 6429293                    /home/aedon/KandA/genericjavaproject/com.ak.towerdefense.core/libs/gdx-tools.jar
7fdbf7ac5000-7fdbf7ac6000 r--s 001c8000 08:06 6429291                    /home/aedon/KandA/genericjavaproject/com.ak.towerdefense.core/libs/gdx-natives.jar
7fdbf7ac6000-7fdbf7ac7000 r--s 00127000 08:06 6429285                    /home/aedon/KandA/genericjavaproject/com.ak.towerdefense.core/libs/gdx-backend-lwjgl-natives.jar
7fdbf7ac7000-7fdbf7acf000 r--s 00066000 08:06 3673871                    /usr/share/java/gnome-java-bridge.jar
7fdbf7acf000-7fdbf7ad2000 r--s 0000f000 08:06 3284573                    /usr/lib/jvm/java-6-openjdk/jre/lib/ext/pulse-java.jar
7fdbf7ad2000-7fdbf7ada000 rw-s 00000000 08:06 5511014                    /tmp/hsperfdata_aedon/3905
7fdbf7ada000-7fdbf7adb000 rw-p 00000000 00:00 0 
7fdbf7adb000-7fdbf7adc000 r--p 00000000 00:00 0 
7fdbf7adc000-7fdbf7ade000 rw-p 00000000 00:00 0 
7fdbf7ade000-7fdbf7adf000 r--p 00020000 08:06 6033072                    /lib/x86_64-linux-gnu/ld-2.13.so
7fdbf7adf000-7fdbf7ae1000 rw-p 00021000 08:06 6033072                    /lib/x86_64-linux-gnu/ld-2.13.so
7fff05fca000-7fff05feb000 rw-p 00000000 00:00 0                          [stack]
7fff05fff000-7fff06000000 r-xp 00000000 00:00 0                          [vdso]
ffffffffff600000-ffffffffff601000 r-xp 00000000 00:00 0                  [vsyscall]

VM Arguments:
jvm_args: -Dfile.encoding=UTF-8 
java_command: com.ak.towerdefense.screens.benchmarks.BenchMarkStarter
Launcher Type: SUN_STANDARD

Environment Variables:
PATH=/usr/local/sbin:/usr/local/bin:/usr/sbin:/usr/bin:/sbin:/bin:/usr/games
USERNAME=aedon
LD_LIBRARY_PATH=/usr/lib/jvm/java-6-openjdk/jre/lib/amd64/server:/usr/lib/jvm/java-6-openjdk/jre/lib/amd64:/usr/lib/jvm/java-6-openjdk/jre/../lib/amd64:/usr/lib/xulrunner-1.9.2.17
SHELL=/bin/bash
DISPLAY=:0.0

Signal Handlers:
SIGSEGV: [libjvm.so+0x7d0fd0], sa_mask[0]=0x7ffbfeff, sa_flags=0x10000004
SIGBUS: [libjvm.so+0x7d0fd0], sa_mask[0]=0x7ffbfeff, sa_flags=0x10000004
SIGFPE: [libjvm.so+0x6837d0], sa_mask[0]=0x7ffbfeff, sa_flags=0x10000004
SIGPIPE: [libjvm.so+0x6837d0], sa_mask[0]=0x7ffbfeff, sa_flags=0x10000004
SIGXFSZ: [libjvm.so+0x6837d0], sa_mask[0]=0x7ffbfeff, sa_flags=0x10000004
SIGILL: [libjvm.so+0x6837d0], sa_mask[0]=0x7ffbfeff, sa_flags=0x10000004
SIGUSR1: SIG_DFL, sa_mask[0]=0x00000000, sa_flags=0x00000000
SIGUSR2: [libjvm.so+0x6839a0], sa_mask[0]=0x00000004, sa_flags=0x10000004
SIGHUP: [libjvm.so+0x686340], sa_mask[0]=0x7ffbfeff, sa_flags=0x10000004
SIGINT: [libjvm.so+0x686340], sa_mask[0]=0x7ffbfeff, sa_flags=0x10000004
SIGTERM: [libjvm.so+0x686340], sa_mask[0]=0x7ffbfeff, sa_flags=0x10000004
SIGQUIT: [libjvm.so+0x686340], sa_mask[0]=0x7ffbfeff, sa_flags=0x10000004


---------------  S Y S T E M  ---------------

OS:LinuxMint 11 (katya)
uname:Linux 2.6.38-12-generic #51-Ubuntu SMP Wed Sep 28 14:27:32 UTC 2011 x86_64
libc:glibc 2.13 NPTL 2.13 
rlimit: STACK 8192k, CORE 0k, NPROC infinity, NOFILE 4096, AS infinity
load average:0.04 0.16 0.16

/proc/meminfo:
MemTotal:        8160596 kB
MemFree:         2062192 kB
Buffers:          138580 kB
Cached:          3246636 kB
SwapCached:            0 kB
Active:          3385460 kB
Inactive:        2185932 kB
Active(anon):    2187544 kB
Inactive(anon):    29772 kB
Active(file):    1197916 kB
Inactive(file):  2156160 kB
Unevictable:          32 kB
Mlocked:              32 kB
SwapTotal:       8348668 kB
SwapFree:        8348668 kB
Dirty:                32 kB
Writeback:           736 kB
AnonPages:       2186464 kB
Mapped:           307904 kB
Shmem:             31144 kB
Slab:              79768 kB
SReclaimable:      51196 kB
SUnreclaim:        28572 kB
KernelStack:        3672 kB
PageTables:        28728 kB
NFS_Unstable:          0 kB
Bounce:                0 kB
WritebackTmp:          0 kB
CommitLimit:    12428964 kB
Committed_AS:    4366460 kB
VmallocTotal:   34359738367 kB
VmallocUsed:      327736 kB
VmallocChunk:   34359403944 kB
HardwareCorrupted:     0 kB
HugePages_Total:       0
HugePages_Free:        0
HugePages_Rsvd:        0
HugePages_Surp:        0
Hugepagesize:       2048 kB
DirectMap4k:      217088 kB
DirectMap2M:     8138752 kB


CPU:total 2 (2 cores per cpu, 1 threads per core) family 6 model 23 stepping 6, cmov, cx8, fxsr, mmx, sse, sse2, sse3, ssse3, sse4.1

Memory: 4k page, physical 8160596k(2062192k free), swap 8348668k(8348668k free)

vm_info: OpenJDK 64-Bit Server VM (20.0-b11) for linux-amd64 JRE (1.6.0_22-b22), built on Oct 25 2011 06:09:07 by "buildd" with gcc 4.5.2

time: Thu Jan 26 21:45:54 2012
elapsed time: 185 seconds

