#
# A fatal error has been detected by the Java Runtime Environment:
#
#  SIGSEGV (0xb) at pc=0x0000000000038cce, pid=4509, tid=140340123907840
#
# JRE version: 6.0_22-b22
# Java VM: OpenJDK 64-Bit Server VM (20.0-b11 mixed mode linux-amd64 compressed oops)
# Derivative: IcedTea6 1.10.4
# Distribution: Ubuntu 11.04, package 6b22-1.10.4-0ubuntu1~11.04.1
# Problematic frame:
# C  0x0000000000038cce
#
# If you would like to submit a bug report, please include
# instructions how to reproduce the bug and visit:
#   https://bugs.launchpad.net/ubuntu/+source/openjdk-6/
# The crash happened outside the Java Virtual Machine in native code.
# See problematic frame for where to report the bug.
#

---------------  T H R E A D  ---------------

Current thread (0x00007fa37c2ad800):  JavaThread "LWJGL Application" [_thread_in_native, id=4535, stack(0x00007fa37b2bb000,0x00007fa37b3bc000)]

siginfo:si_signo=SIGSEGV: si_errno=0, si_code=1 (SEGV_MAPERR), si_addr=0x0000000000038cce

Registers:
RAX=0x00007fa37b089c80, RBX=0x00007fa37c2ad9d0, RCX=0x0000000000013409, RDX=0x00000007798452f8
RSP=0x00007fa37b3ba558, RBP=0x00007fa37b3ba5e0, RSI=0x00007fa37b3ba560, RDI=0x00007fa37c2ad9d0
R8 =0x00007fa3735e73c0, R9 =0x0000000000000001, R10=0x00007fa3835d1d3b, R11=0x00007fa3884eb6c0
R12=0x0000000000000000, R13=0x00000007798378d8, R14=0x00007fa37b3ba5f8, R15=0x00007fa37c2ad800
RIP=0x0000000000038cce, EFLAGS=0x0000000000010206, CSGSFS=0x0000000000000033, ERR=0x0000000000000014
  TRAPNO=0x000000000000000e

Top of Stack: (sp=0x00007fa37b3ba558)
0x00007fa37b3ba558:   00007fa37b089c97 0000000700010004
0x00007fa37b3ba568:   00000007799d2e98 0000000779142ea8
0x00007fa37b3ba578:   0000000000000000 00007fa37b3ba598
0x00007fa37b3ba588:   00007fa37b3ba5e8 00000007798378e0
0x00007fa37b3ba598:   00007fa3835d1d68 00007fa37b3ba5a0
0x00007fa37b3ba5a8:   0000000000000000 00007fa37b3ba5f8
0x00007fa37b3ba5b8:   00000007798452f8 0000000000000000
0x00007fa37b3ba5c8:   00000007798378e0 0000000000000000
0x00007fa37b3ba5d8:   00007fa37b3ba600 00007fa37b3ba640
0x00007fa37b3ba5e8:   00007fa3835c685a 0000000779840d70
0x00007fa37b3ba5f8:   00007fa3835cef58 00007fa37b3ba600
0x00007fa37b3ba608:   00000007798377e0 00007fa37b3ba650
0x00007fa37b3ba618:   00000007798452f8 00000007799cf550
0x00007fa37b3ba628:   0000000779837818 00007fa37b3ba600
0x00007fa37b3ba638:   00007fa37b3ba658 00007fa37b3ba6a8
0x00007fa37b3ba648:   00007fa3835c685a 0000000000000000
0x00007fa37b3ba658:   00000035549f9401 00000007d7116320
0x00007fa37b3ba668:   00007fa37b3ba658 000000077987bbdb
0x00007fa37b3ba678:   00007fa37b3ba6f0 000000077987cd88
0x00007fa37b3ba688:   0000000000000000 000000077987bc68
0x00007fa37b3ba698:   00007fa37b3ba658 00007fa37b3ba6f0
0x00007fa37b3ba6a8:   00007fa37b3ba738 00007fa3835c6d34
0x00007fa37b3ba6b8:   0000000000000000 0000000000000000
0x00007fa37b3ba6c8:   0000000000000000 0000000000000000
0x00007fa37b3ba6d8:   00000007d70e8490 00000007d7116320
0x00007fa37b3ba6e8:   00000007d7116320 00000007d7116310
0x00007fa37b3ba6f8:   00007fa37b3ba6f8 00000007798277bb
0x00007fa37b3ba708:   00007fa37b3ba740 000000077987a608
0x00007fa37b3ba718:   0000000000000000 00000007798277d0
0x00007fa37b3ba728:   00007fa37b3ba6f0 00007fa37b3ba748
0x00007fa37b3ba738:   00007fa37b3ba798 00007fa3835c685a
0x00007fa37b3ba748:   0000000000000000 00000007d6ce9650 

Instructions: (pc=0x0000000000038cce)
0x0000000000038cae:   
[error occurred during error reporting (printing registers, top of stack, instructions near pc), id 0xb]

Register to memory mapping:

RAX=
[error occurred during error reporting (printing register info), id 0xb]

Stack: [0x00007fa37b2bb000,0x00007fa37b3bc000],  sp=0x00007fa37b3ba558,  free space=1021k
Native frames: (J=compiled Java code, j=interpreted, Vv=VM code, C=native code)
C  0x0000000000038cce
j  org.lwjgl.opengl.LinuxDisplay.lockAWT()V+0
j  org.lwjgl.opengl.LinuxContextImplementation.swapBuffers()V+27
j  org.lwjgl.opengl.Context.swapBuffers()V+3
j  org.lwjgl.opengl.Display.swapBuffers()V+31
j  org.lwjgl.opengl.Display.update(Z)V+44
j  org.lwjgl.opengl.Display.update()V+1
j  com.badlogic.gdx.backends.lwjgl.LwjglApplication.mainLoop()V+311
j  com.badlogic.gdx.backends.lwjgl.LwjglApplication$1.run()V+27
v  ~StubRoutines::call_stub
V  [libjvm.so+0x4cc34f]