#
# A fatal error has been detected by the Java Runtime Environment:
#
#  SIGBUS (0x7) at pc=0x00007fadedc7a852, pid=4425, tid=140384891885312
#
# JRE version: 6.0_22-b22
# Java VM: OpenJDK 64-Bit Server VM (20.0-b11 mixed mode linux-amd64 compressed oops)
# Derivative: IcedTea6 1.10.4
# Distribution: Ubuntu 11.04, package 6b22-1.10.4-0ubuntu1~11.04.1
# Problematic frame:
# 
[error occurred during error reporting (printing problematic frame), id 0x7]

# If you would like to submit a bug report, please include
# instructions how to reproduce the bug and visit:
#   https://bugs.launchpad.net/ubuntu/+source/openjdk-6/
# The crash happened outside the Java Virtual Machine in native code.
# See problematic frame for where to report the bug.
#

---------------  T H R E A D  ---------------

Current thread (0x00007fade81cd000):  JavaThread "LWJGL Application" [_thread_in_native, id=4451, stack(0x00007fade78cd000,0x00007fade79ce000)]

siginfo:si_signo=SIGBUS: si_errno=0, si_code=2 (BUS_ADRERR), si_addr=0x00007fadedcd99e8

Registers:
RAX=0x00000007d76a1978, RBX=0x00007fade81cd1d0, RCX=0x0000000000009281, RDX=0x00007fadf4fea990
RSP=0x00007fade79cc480, RBP=0x00007fade79cc5c0, RSI=0x0000000000000001, RDI=0x00007fade79cc440
R8 =0x00000007d76a15d8, R9 =0x0000000000000000, R10=0x00007fadefbd3d3b, R11=0x00007fadf4aed6c0
R12=0x0000000000000000, R13=0x00000007799bce48, R14=0x00007fade79cc5c0, R15=0x00007fade81cd000
RIP=0x00007fadedc7a852, EFLAGS=0x0000000000010202, CSGSFS=0x0000000000000033, ERR=0x0000000000000004
  TRAPNO=0x000000000000000e

Top of Stack: (sp=0x00007fade79cc480)
0x00007fade79cc480:   00007fade81cd000 bf7c5032d76a18c0
0x00007fade79cc490:   3eae1d4f3fda827a bf91ac523eae1d4f
0x00007fade79cc4a0:   800000003f11ac52 80000000bf7c5030
0x00007fade79cc4b0:   bf949db440575ce4 800000003f149db4
0x00007fade79cc4c0:   3f2b9b65bf80b48b 00000000beab9b65
0x00007fade79cc4d0:   000000003f149db3 00000000bff8adfa
0x00007fade79cc4e0:   00007fadbffdb415 0000000000000000
0x00007fade79cc4f0:   bf7c5032bfda827a bf13cd3abf16c99e
0x00007fade79cc500:   00007fade81cd000 40a646e14051faa5
0x00007fade79cc510:   00007fade81cd000 00007fade79cc598
0x00007fade79cc520:   0000000000000000 00000007799bc898
0x00007fade79cc530:   00000007799bce48 00007fade79cc5a0
0x00007fade79cc540:   0000000000000000 00007fadefbd3d68
0x00007fade79cc550:   00007fadefbc89b3 00000007d76a18b0
0x00007fade79cc560:   00007fade79cc560 0000000000000000
0x00007fade79cc570:   00007fade79cc5c0 00000007799bdb70
0x00007fade79cc580:   0000000000000000 00000007799bce48
0x00007fade79cc590:   0000000000000000 00007fade79cc5c0
0x00007fade79cc5a0:   00007fade79cc608 00007fadefbc8a82
0x00007fade79cc5b0:   00000007799bdb08 00007fadefbd0f40
0x00007fade79cc5c0:   00000007d76a1968 00007fade79cc5c8
0x00007fade79cc5d0:   00000007799af467 00007fade79cc620
0x00007fade79cc5e0:   00000007799b1d88 00000007799da188
0x00007fade79cc5f0:   00000007799af4a0 00007fade79cc5c0
0x00007fade79cc600:   00007fade79cc620 00007fade79cc668
0x00007fade79cc610:   00007fadefbc885a 000000003f800000
0x00007fade79cc620:   00000007d767ddb0 00007fade79cc628
0x00007fade79cc630:   00000007793444fa 00007fade79cc680
0x00007fade79cc640:   0000000779345418 00000007799ddcd8
0x00007fade79cc650:   00000007793445b0 00007fade79cc620
0x00007fade79cc660:   00007fade79cc680 00007fade79cc6d8
0x00007fade79cc670:   00007fadefbc8d34 00000007d728af10 

Instructions: (pc=0x00007fadedc7a852)
0x00007fadedc7a832:   0f 10 7c 24 5c f3 44 0f 59 f9 f3 41 0f 5c c7 f3
0x00007fadedc7a842:   44 0f 10 7c 24 60 f3 44 0f 59 f9 f3 41 0f 58 c7
0x00007fadedc7a852:   0f 2e 05 8f f1 05 00 7a 06 0f 84 b0 07 00 00 44
0x00007fadedc7a862:   0f 28 ff 41 bc 01 00 00 00 f3 44 0f 59 fc f3 44 

Register to memory mapping:

RAX=0x00000007d76a1978 is an unknown value
RBX=0x00007fade81cd1d0 is an unknown value
RCX=0x0000000000009281 is an unknown value
RDX=0x00007fadf4fea990: <offset 0xbfb990> in /usr/lib/jvm/java-6-openjdk/jre/lib/amd64/server/libjvm.so at 0x00007fadf43ef000
RSP=0x00007fade79cc480 is pointing into the stack for thread: 0x00007fade81cd000
RBP=0x00007fade79cc5c0 is pointing into the stack for thread: 0x00007fade81cd000
RSI=0x0000000000000001 is an unknown value
RDI=0x00007fade79cc440 is pointing into the stack for thread: 0x00007fade81cd000
R8 =0x00000007d76a15d8 is an oop
com.badlogic.gdx.math.Matrix4 
 - klass: 'com/badlogic/gdx/math/Matrix4'
R9 =0x0000000000000000 is an unknown value
R10=0x00007fadefbd3d3b is an Interpreter codelet
method entry point (kind = native)  [0x00007fadefbd3ae0, 0x00007fadefbd4320]  2112 bytes
R11=0x00007fadf4aed6c0: <offset 0x6fe6c0> in /usr/lib/jvm/java-6-openjdk/jre/lib/amd64/server/libjvm.so at 0x00007fadf43ef000
R12=0x0000000000000000 is an unknown value
R13=0x00000007799bce48 is an oop
{method} 
 - klass: {other class}
R14=0x00007fade79cc5c0 is pointing into the stack for thread: 0x00007fade81cd000
R15=0x00007fade81cd000 is a thread


Stack: [0x00007fade78cd000,0x00007fade79ce000],  sp=0x00007fade79cc480,  free space=1021k
Native frames: (J=compiled Java code, j=interpreted, Vv=VM code, C=native code)

[error occurred during error reporting (printing native stack), id 0x7]

Java frames: (J=compiled Java code, j=interpreted, Vv=VM code)
j  com.badlogic.gdx.math.Matrix4.inv([F)Z+0
j  com.badlogic.gdx.graphics.PerspectiveCamera.update()V+119
j  com.ak.towerdefense.screens.benchmarks.ObjectLoader.render()V+82
j  com.badlogic.gdx.backends.lwjgl.LwjglApplication.mainLoop()V+299
j  com.badlogic.gdx.backends.lwjgl.LwjglApplication$1.run()V+27
v  ~StubRoutines::call_stub

---------------  P R O C E S S  ---------------

Java Threads: ( => current thread )
  0x00007fade81cd800 JavaThread "DestroyJavaVM" [_thread_blocked, id=4427, stack(0x00007fadf5cd3000,0x00007fadf5dd4000)]
=>0x00007fade81cd000 JavaThread "LWJGL Application" [_thread_in_native, id=4451, stack(0x00007fade78cd000,0x00007fade79ce000)]
  0x00007fade815e000 JavaThread "AWT-XAWT" daemon [_thread_in_native, id=4442, stack(0x00007fade79ce000,0x00007fade7acf000)]
  0x00007fade80b1000 JavaThread "Java2D Disposer" daemon [_thread_blocked, id=4441, stack(0x00007fade7eff000,0x00007fade8000000)]
  0x00000000017eb800 JavaThread "Low Memory Detector" daemon [_thread_blocked, id=4439, stack(0x00007fadee01c000,0x00007fadee11d000)]
  0x00000000017e6800 JavaThread "C2 CompilerThread1" daemon [_thread_blocked, id=4438, stack(0x00007fadee11d000,0x00007fadee21e000)]
  0x00000000017e3800 JavaThread "C2 CompilerThread0" daemon [_thread_blocked, id=4437, stack(0x00007fadee21e000,0x00007fadee31f000)]
  0x00000000017e2000 JavaThread "Signal Dispatcher" daemon [_thread_blocked, id=4436, stack(0x00007fadee31f000,0x00007fadee420000)]
  0x00000000017bd800 JavaThread "Finalizer" daemon [_thread_blocked, id=4435, stack(0x00007fadeeaaa000,0x00007fadeebab000)]
  0x00000000017bb800 JavaThread "Reference Handler" daemon [_thread_blocked, id=4434, stack(0x00007fadeebab000,0x00007fadeecac000)]

Other Threads:
  0x00000000017b4800 VMThread [stack: 0x00007fadeecac000,0x00007fadeedad000] [id=4433]
  0x00000000017ee000 WatcherThread [stack: 0x00007fadedf1b000,0x00007fadee01c000] [id=4440]

VM state:not at safepoint (normal execution)

VM Mutex/Monitor currently owned by a thread: None

Heap
 PSYoungGen      total 37184K, used 15979K [0x00000007d6760000, 0x00000007d90e0000, 0x0000000800000000)
  eden space 31872K, 50% used [0x00000007d6760000,0x00000007d76faf38,0x00000007d8680000)
  from space 5312K, 0% used [0x00000007d8bb0000,0x00000007d8bb0000,0x00000007d90e0000)
  to   space 5312K, 0% used [0x00000007d8680000,0x00000007d8680000,0x00000007d8bb0000)
 PSOldGen        total 85056K, used 0K [0x0000000783600000, 0x0000000788910000, 0x00000007d6760000)
  object space 85056K, 0% used [0x0000000783600000,0x0000000783600000,0x0000000788910000)
 PSPermGen       total 21248K, used 10112K [0x0000000779000000, 0x000000077a4c0000, 0x0000000783600000)
  object space 21248K, 47% used [0x0000000779000000,0x00000007799e0058,0x000000077a4c0000)

Code Cache  [0x00007fadefbc3000, 0x00007fadefe33000, 0x00007fadf2bc3000)
 total_blobs=597 nmethods=129 adapters=423 free_code_cache=49576768 largest_free_block=12672

Dynamic libraries:
00400000-00409000 r-xp 00000000 08:06 3411176                            /usr/lib/jvm/java-6-openjdk/jre/bin/java
00608000-00609000 r--p 00008000 08:06 3411176                            /usr/lib/jvm/java-6-openjdk/jre/bin/java
00609000-0060a000 rw-p 00009000 08:06 3411176                            /usr/lib/jvm/java-6-openjdk/jre/bin/java
01746000-026b1000 rw-p 00000000 00:00 0                                  [heap]
779000000-77a4c0000 rw-p 00000000 00:00 0 
77a4c0000-783600000 rw-p 00000000 00:00 0 
783600000-788910000 rw-p 00000000 00:00 0 
788910000-7d6760000 rw-p 00000000 00:00 0 
7d6760000-7d90e0000 rw-p 00000000 00:00 0 
7d90e0000-800000000 rw-p 00000000 00:00 0 
7fadd8000000-7fadd8121000 rw-p 00000000 00:00 0 
7fadd8121000-7faddc000000 ---p 00000000 00:00 0 
7faddcbd1000-7faddccd1000 rw-s 1e186000 00:05 9308                       /dev/ati/card0
7faddccd1000-7faddced1000 rw-s 1e182000 00:05 9308                       /dev/ati/card0
7faddced1000-7faddcf1e000 rw-p 00000000 00:00 0 
7faddcf9c000-7faddd69c000 rw-s 00006000 00:05 9308                       /dev/ati/card0
7faddd69c000-7faddd719000 rw-p 00000000 00:00 0 
7faddd719000-7faddd71b000 r-xp 00000000 08:06 3155232                    /usr/lib/x86_64-linux-gnu/libXinerama.so.1.0.0
7faddd71b000-7faddd91a000 ---p 00002000 08:06 3155232                    /usr/lib/x86_64-linux-gnu/libXinerama.so.1.0.0
7faddd91a000-7faddd91b000 r--p 00001000 08:06 3155232                    /usr/lib/x86_64-linux-gnu/libXinerama.so.1.0.0
7faddd91b000-7faddd91c000 rw-p 00002000 08:06 3155232                    /usr/lib/x86_64-linux-gnu/libXinerama.so.1.0.0
7faddd91c000-7faddd94e000 r-xp 00000000 08:06 3281736                    /usr/lib/fglrx/libatiadlxx.so
7faddd94e000-7faddda4e000 ---p 00032000 08:06 3281736                    /usr/lib/fglrx/libatiadlxx.so
7faddda4e000-7faddda55000 rw-p 00032000 08:06 3281736                    /usr/lib/fglrx/libatiadlxx.so
7faddda55000-7faddda5c000 r-xp 00000000 08:06 3281758                    /usr/lib/fglrx/libatiuki.so.1.0
7faddda5c000-7fadddb5c000 ---p 00007000 08:06 3281758                    /usr/lib/fglrx/libatiuki.so.1.0
7fadddb5c000-7fadddb5d000 rw-p 00007000 08:06 3281758                    /usr/lib/fglrx/libatiuki.so.1.0
7fadddb5d000-7fadddb5e000 rw-p 00000000 00:00 0 
7fadddb5e000-7faddf6f0000 r-xp 00000000 08:06 3281742                    /usr/lib/fglrx/dri/fglrx_dri.so
7faddf6f0000-7faddf7f0000 ---p 01b92000 08:06 3281742                    /usr/lib/fglrx/dri/fglrx_dri.so
7faddf7f0000-7faddf91b000 rwxp 01b92000 08:06 3281742                    /usr/lib/fglrx/dri/fglrx_dri.so
7faddf91b000-7faddfa29000 rwxp 00000000 00:00 0 
7faddfa29000-7faddfae9000 r-xp 00000000 08:06 3281740                    /usr/lib/fglrx/libGL.so.1.2
7faddfae9000-7faddfbe8000 ---p 000c0000 08:06 3281740                    /usr/lib/fglrx/libGL.so.1.2
7faddfbe8000-7faddfc0e000 rwxp 000bf000 08:06 3281740                    /usr/lib/fglrx/libGL.so.1.2
7faddfc0e000-7faddfc2e000 rwxp 00000000 00:00 0 
7faddfc2e000-7faddfc31000 ---p 00000000 00:00 0 
7faddfc31000-7faddfd2f000 rw-p 00000000 00:00 0 
7faddfd2f000-7faddfd30000 ---p 00000000 00:00 0 
7faddfd30000-7fade0530000 rw-p 00000000 00:00 0 
7fade0530000-7fade4531000 rw-s 00000000 00:10 68501                      /dev/shm/pulse-shm-2931850466
7fade4531000-7fade4532000 ---p 00000000 00:00 0 
7fade4532000-7fade4d32000 rw-p 00000000 00:00 0 
7fade4d32000-7fade4d38000 r-xp 00000000 08:06 3150602                    /usr/lib/libogg.so.0.7.0
7fade4d38000-7fade4f37000 ---p 00006000 08:06 3150602                    /usr/lib/libogg.so.0.7.0
7fade4f37000-7fade4f38000 r--p 00005000 08:06 3150602                    /usr/lib/libogg.so.0.7.0
7fade4f38000-7fade4f39000 rw-p 00006000 08:06 3150602                    /usr/lib/libogg.so.0.7.0
7fade4f39000-7fade4f64000 r-xp 00000000 08:06 3150878                    /usr/lib/libvorbis.so.0.4.5
7fade4f64000-7fade5163000 ---p 0002b000 08:06 3150878                    /usr/lib/libvorbis.so.0.4.5
7fade5163000-7fade5164000 r--p 0002a000 08:06 3150878                    /usr/lib/libvorbis.so.0.4.5
7fade5164000-7fade5165000 rw-p 0002b000 08:06 3150878                    /usr/lib/libvorbis.so.0.4.5
7fade5165000-7fade5418000 r-xp 00000000 08:06 3150880                    /usr/lib/libvorbisenc.so.2.0.8
7fade5418000-7fade5617000 ---p 002b3000 08:06 3150880                    /usr/lib/libvorbisenc.so.2.0.8
7fade5617000-7fade5633000 r--p 002b2000 08:06 3150880                    /usr/lib/libvorbisenc.so.2.0.8
7fade5633000-7fade5634000 rw-p 002ce000 08:06 3150880                    /usr/lib/libvorbisenc.so.2.0.8
7fade5634000-7fade567c000 r-xp 00000000 08:06 3149758                    /usr/lib/libFLAC.so.8.2.0
7fade567c000-7fade587c000 ---p 00048000 08:06 3149758                    /usr/lib/libFLAC.so.8.2.0
7fade587c000-7fade587d000 r--p 00048000 08:06 3149758                    /usr/lib/libFLAC.so.8.2.0
7fade587d000-7fade587e000 rw-p 00049000 08:06 3149758                    /usr/lib/libFLAC.so.8.2.0
7fade587e000-7fade58df000 r-xp 00000000 08:06 3150589                    /usr/lib/libsndfile.so.1.0.23
7fade58df000-7fade5adf000 ---p 00061000 08:06 3150589                    /usr/lib/libsndfile.so.1.0.23
7fade5adf000-7fade5ae1000 r--p 00061000 08:06 3150589                    /usr/lib/libsndfile.so.1.0.23
7fade5ae1000-7fade5ae2000 rw-p 00063000 08:06 3150589                    /usr/lib/libsndfile.so.1.0.23
7fade5ae2000-7fade5ae6000 rw-p 00000000 00:00 0 
7fade5ae6000-7fade5aee000 r-xp 00000000 08:06 6029417                    /lib/libwrap.so.0.7.6
7fade5aee000-7fade5cee000 ---p 00008000 08:06 6029417                    /lib/libwrap.so.0.7.6
7fade5cee000-7fade5cef000 r--p 00008000 08:06 6029417                    /lib/libwrap.so.0.7.6
7fade5cef000-7fade5cf0000 rw-p 00009000 08:06 6029417                    /lib/libwrap.so.0.7.6
7fade5cf0000-7fade5cf1000 rw-p 00000000 00:00 0 
7fade5cf1000-7fade5cf5000 r-xp 00000000 08:06 6033166                    /lib/x86_64-linux-gnu/libuuid.so.1.3.0
7fade5cf5000-7fade5ef4000 ---p 00004000 08:06 6033166                    /lib/x86_64-linux-gnu/libuuid.so.1.3.0
7fade5ef4000-7fade5ef5000 r--p 00003000 08:06 6033166                    /lib/x86_64-linux-gnu/libuuid.so.1.3.0
7fade5ef5000-7fade5ef6000 rw-p 00004000 08:06 6033166                    /lib/x86_64-linux-gnu/libuuid.so.1.3.0
7fade5ef6000-7fade5f38000 r-xp 00000000 08:06 6033148                    /lib/x86_64-linux-gnu/libdbus-1.so.3.5.4
7fade5f38000-7fade6138000 ---p 00042000 08:06 6033148                    /lib/x86_64-linux-gnu/libdbus-1.so.3.5.4
7fade6138000-7fade6139000 r--p 00042000 08:06 6033148                    /lib/x86_64-linux-gnu/libdbus-1.so.3.5.4
7fade6139000-7fade613a000 rw-p 00043000 08:06 6033148                    /lib/x86_64-linux-gnu/libdbus-1.so.3.5.4
7fade613a000-7fade6185000 r-xp 00000000 08:06 3146720                    /usr/lib/libpulsecommon-0.9.22.so
7fade6185000-7fade6384000 ---p 0004b000 08:06 3146720                    /usr/lib/libpulsecommon-0.9.22.so
7fade6384000-7fade6385000 r--p 0004a000 08:06 3146720                    /usr/lib/libpulsecommon-0.9.22.so
7fade6385000-7fade6386000 rw-p 0004b000 08:06 3146720                    /usr/lib/libpulsecommon-0.9.22.so
7fade6386000-7fade6389000 r-xp 00000000 08:06 3150911                    /usr/lib/libxcb-atom.so.1.0.0
7fade6389000-7fade6589000 ---p 00003000 08:06 3150911                    /usr/lib/libxcb-atom.so.1.0.0
7fade6589000-7fade658a000 r--p 00003000 08:06 3150911                    /usr/lib/libxcb-atom.so.1.0.0
7fade658a000-7fade658b000 rw-p 00004000 08:06 3150911                    /usr/lib/libxcb-atom.so.1.0.0
7fade658b000-7fade6592000 r-xp 00000000 08:06 3155202                    /usr/lib/x86_64-linux-gnu/libSM.so.6.0.1
7fade6592000-7fade6791000 ---p 00007000 08:06 3155202                    /usr/lib/x86_64-linux-gnu/libSM.so.6.0.1
7fade6791000-7fade6792000 r--p 00006000 08:06 3155202                    /usr/lib/x86_64-linux-gnu/libSM.so.6.0.1
7fade6792000-7fade6793000 rw-p 00007000 08:06 3155202                    /usr/lib/x86_64-linux-gnu/libSM.so.6.0.1
7fade6793000-7fade67a9000 r-xp 00000000 08:06 3155200                    /usr/lib/x86_64-linux-gnu/libICE.so.6.3.0
7fade67a9000-7fade69a9000 ---p 00016000 08:06 3155200                    /usr/lib/x86_64-linux-gnu/libICE.so.6.3.0
7fade69a9000-7fade69aa000 r--p 00016000 08:06 3155200                    /usr/lib/x86_64-linux-gnu/libICE.so.6.3.0
7fade69aa000-7fade69ab000 rw-p 00017000 08:06 3155200                    /usr/lib/x86_64-linux-gnu/libICE.so.6.3.0
7fade69ab000-7fade69ae000 rw-p 00000000 00:00 0 
7fade69ae000-7fade69af000 r-xp 00000000 08:06 3155204                    /usr/lib/x86_64-linux-gnu/libX11-xcb.so.1.0.0
7fade69af000-7fade6bae000 ---p 00001000 08:06 3155204                    /usr/lib/x86_64-linux-gnu/libX11-xcb.so.1.0.0
7fade6bae000-7fade6baf000 r--p 00000000 08:06 3155204                    /usr/lib/x86_64-linux-gnu/libX11-xcb.so.1.0.0
7fade6baf000-7fade6bb0000 rw-p 00001000 08:06 3155204                    /usr/lib/x86_64-linux-gnu/libX11-xcb.so.1.0.0
7fade6bb0000-7fade6bf0000 r-xp 00000000 08:06 3146712                    /usr/lib/libpulse.so.0.12.3
7fade6bf0000-7fade6def000 ---p 00040000 08:06 3146712                    /usr/lib/libpulse.so.0.12.3
7fade6def000-7fade6df0000 r--p 0003f000 08:06 3146712                    /usr/lib/libpulse.so.0.12.3
7fade6df0000-7fade6df1000 rw-p 00040000 08:06 3146712                    /usr/lib/libpulse.so.0.12.3
7fade6df1000-7fade6e3d000 r-xp 00000000 08:06 5511018                    /tmp/libgdx/80041558/libopenal64.so
7fade6e3d000-7fade703c000 ---p 0004c000 08:06 5511018                    /tmp/libgdx/80041558/libopenal64.so
7fade703c000-7fade703e000 r--p 0004b000 08:06 5511018                    /tmp/libgdx/80041558/libopenal64.so
7fade703e000-7fade703f000 rw-p 0004d000 08:06 5511018                    /tmp/libgdx/80041558/libopenal64.so
7fade703f000-7fade7040000 rw-p 00000000 00:00 0 
7fade7040000-7fade7041000 r-xp 00000000 08:06 3411324                    /usr/lib/jvm/java-6-openjdk/jre/lib/amd64/libjawt.so
7fade7041000-7fade7240000 ---p 00001000 08:06 3411324                    /usr/lib/jvm/java-6-openjdk/jre/lib/amd64/libjawt.so
7fade7240000-7fade7241000 r--p 00000000 08:06 3411324                    /usr/lib/jvm/java-6-openjdk/jre/lib/amd64/libjawt.so
7fade7241000-7fade7242000 rw-p 00001000 08:06 3411324                    /usr/lib/jvm/java-6-openjdk/jre/lib/amd64/libjawt.so
7fade7242000-7fade7247000 r-xp 00000000 08:06 3155240                    /usr/lib/x86_64-linux-gnu/libXxf86vm.so.1.0.0
7fade7247000-7fade7446000 ---p 00005000 08:06 3155240                    /usr/lib/x86_64-linux-gnu/libXxf86vm.so.1.0.0
7fade7446000-7fade7447000 r--p 00004000 08:06 3155240                    /usr/lib/x86_64-linux-gnu/libXxf86vm.so.1.0.0
7fade7447000-7fade7448000 rw-p 00005000 08:06 3155240                    /usr/lib/x86_64-linux-gnu/libXxf86vm.so.1.0.0
7fade7448000-7fade7450000 r-xp 00000000 08:06 3155234                    /usr/lib/x86_64-linux-gnu/libXrandr.so.2.2.0
7fade7450000-7fade764f000 ---p 00008000 08:06 3155234                    /usr/lib/x86_64-linux-gnu/libXrandr.so.2.2.0
7fade764f000-7fade7650000 r--p 00007000 08:06 3155234                    /usr/lib/x86_64-linux-gnu/libXrandr.so.2.2.0
7fade7650000-7fade7651000 rw-p 00008000 08:06 3155234                    /usr/lib/x86_64-linux-gnu/libXrandr.so.2.2.0
7fade7651000-7fade76ca000 r-xp 00000000 08:06 5511019                    /tmp/libgdx/80041558/liblwjgl64.so
7fade76ca000-7fade78ca000 ---p 00079000 08:06 5511019                    /tmp/libgdx/80041558/liblwjgl64.so
7fade78ca000-7fade78cc000 r--p 00079000 08:06 5511019                    /tmp/libgdx/80041558/liblwjgl64.so
7fade78cc000-7fade78cd000 rw-p 0007b000 08:06 5511019                    /tmp/libgdx/80041558/liblwjgl64.so
7fade78cd000-7fade78d0000 ---p 00000000 00:00 0 
7fade78d0000-7fade79ce000 rw-p 00000000 00:00 0 
7fade79ce000-7fade79d1000 ---p 00000000 00:00 0 
7fade79d1000-7fade7acf000 rw-p 00000000 00:00 0 
7fade7acf000-7fade7ad4000 r-xp 00000000 08:06 3155226                    /usr/lib/x86_64-linux-gnu/libXfixes.so.3.1.0
7fade7ad4000-7fade7cd3000 ---p 00005000 08:06 3155226                    /usr/lib/x86_64-linux-gnu/libXfixes.so.3.1.0
7fade7cd3000-7fade7cd4000 r--p 00004000 08:06 3155226                    /usr/lib/x86_64-linux-gnu/libXfixes.so.3.1.0
7fade7cd4000-7fade7cd5000 rw-p 00005000 08:06 3155226                    /usr/lib/x86_64-linux-gnu/libXfixes.so.3.1.0
7fade7cd5000-7fade7cde000 r-xp 00000000 08:06 3155216                    /usr/lib/x86_64-linux-gnu/libXcursor.so.1.0.2
7fade7cde000-7fade7edd000 ---p 00009000 08:06 3155216                    /usr/lib/x86_64-linux-gnu/libXcursor.so.1.0.2
7fade7edd000-7fade7ede000 r--p 00008000 08:06 3155216                    /usr/lib/x86_64-linux-gnu/libXcursor.so.1.0.2
7fade7ede000-7fade7edf000 rw-p 00009000 08:06 3155216                    /usr/lib/x86_64-linux-gnu/libXcursor.so.1.0.2
7fade7eff000-7fade7f02000 ---p 00000000 00:00 0 
7fade7f02000-7fade8000000 rw-p 00000000 00:00 0 
7fade8000000-7fade8b41000 rw-p 00000000 00:00 0 
7fade8b41000-7fadec000000 ---p 00000000 00:00 0 
7fadec008000-7fadec009000 rw-s 00005000 00:05 9308                       /dev/ati/card0
7fadec009000-7fadec019000 rw-s c0020000 00:05 9308                       /dev/ati/card0
7fadec019000-7fadec01b000 rw-s 00002000 00:05 9308                       /dev/ati/card0
7fadec01b000-7fadec022000 r--s 000fb000 08:06 3284588                    /usr/lib/jvm/java-6-openjdk/jre/lib/resources.jar
7fadec022000-7fadec023000 r--s 00000000 08:06 3936473                    /var/cache/fontconfig/c05880de57d1f5e948fdfacc138775d9-le64.cache-3
7fadec023000-7fadec02c000 r--s 00000000 08:06 3936471                    /var/cache/fontconfig/945677eb7aeaf62f1d50efc3fb3ec7d8-le64.cache-3
7fadec02c000-7fadec02e000 r--s 00000000 08:06 3936472                    /var/cache/fontconfig/99e8ed0e538f840c565b6ed5dad60d56-le64.cache-3
7fadec02e000-7fadec030000 r--s 00000000 08:06 3936460                    /var/cache/fontconfig/2cd17615ca594fa2959ae173292e504c-le64.cache-3
7fadec030000-7fadec033000 r--s 00000000 08:06 3936811                    /var/cache/fontconfig/b5ea634b0fb353b8ea17632d1f9ef766-le64.cache-3
7fadec033000-7fadec037000 r--s 00000000 08:06 3936468                    /var/cache/fontconfig/6eb3985aa4124903f6ff08ba781cd364-le64.cache-3
7fadec037000-7fadec041000 r--s 00000000 08:06 3936477                    /var/cache/fontconfig/d52a8644073d54c13679302ca1180695-le64.cache-3
7fadec041000-7fadec054000 r--s 00000000 08:06 3936922                    /var/cache/fontconfig/e13b20fdb08344e0e664864cc2ede53d-le64.cache-3
7fadec054000-7fadec068000 r--s 00000000 08:06 3936920                    /var/cache/fontconfig/865f88548240fee46819705c6468c165-le64.cache-3
7fadec068000-7fadec069000 r--s 00000000 08:06 3936473                    /var/cache/fontconfig/c05880de57d1f5e948fdfacc138775d9-le64.cache-3
7fadec069000-7fadec072000 r--s 00000000 08:06 3936471                    /var/cache/fontconfig/945677eb7aeaf62f1d50efc3fb3ec7d8-le64.cache-3
7fadec072000-7fadec074000 r--s 00000000 08:06 3936472                    /var/cache/fontconfig/99e8ed0e538f840c565b6ed5dad60d56-le64.cache-3
7fadec074000-7fadec076000 r--s 00000000 08:06 3936460                    /var/cache/fontconfig/2cd17615ca594fa2959ae173292e504c-le64.cache-3
7fadec076000-7fadec079000 r--s 00000000 08:06 3936811                    /var/cache/fontconfig/b5ea634b0fb353b8ea17632d1f9ef766-le64.cache-3
7fadec079000-7fadec07d000 r--s 00000000 08:06 3936468                    /var/cache/fontconfig/6eb3985aa4124903f6ff08ba781cd364-le64.cache-3
7fadec07d000-7fadec082000 r--s 00000000 08:06 3936464                    /var/cache/fontconfig/515ca1ebc4b18308bea979be5704f9db-le64.cache-3
7fadec082000-7fadec08b000 r--s 00000000 08:06 3936467                    /var/cache/fontconfig/6d41288fd70b0be22e8c3a91e032eec0-le64.cache-3
7fadec08b000-7fadec08c000 r--s 00000000 08:06 3935581                    /var/cache/fontconfig/4794a0821666d79190d59a36cb4f44b5-le64.cache-3
7fadec08c000-7fadec096000 r--s 00000000 08:06 3936477                    /var/cache/fontconfig/d52a8644073d54c13679302ca1180695-le64.cache-3
7fadec096000-7fadec0a9000 r--s 00000000 08:06 3936922                    /var/cache/fontconfig/e13b20fdb08344e0e664864cc2ede53d-le64.cache-3
7fadec0a9000-7fadec13c000 r-xp 00000000 08:06 3145772                    /usr/lib/x86_64-linux-gnu/libfreetype.so.6.6.2
7fadec13c000-7fadec33b000 ---p 00093000 08:06 3145772                    /usr/lib/x86_64-linux-gnu/libfreetype.so.6.6.2
7fadec33b000-7fadec341000 r--p 00092000 08:06 3145772                    /usr/lib/x86_64-linux-gnu/libfreetype.so.6.6.2
7fadec341000-7fadec342000 rw-p 00098000 08:06 3145772                    /usr/lib/x86_64-linux-gnu/libfreetype.so.6.6.2
7fadec342000-7fadec37b000 r-xp 00000000 08:06 3411314                    /usr/lib/jvm/java-6-openjdk/jre/lib/amd64/libfontmanager.so
7fadec37b000-7fadec57a000 ---p 00039000 08:06 3411314                    /usr/lib/jvm/java-6-openjdk/jre/lib/amd64/libfontmanager.so
7fadec57a000-7fadec57c000 r--p 00038000 08:06 3411314                    /usr/lib/jvm/java-6-openjdk/jre/lib/amd64/libfontmanager.so
7fadec57c000-7fadec57d000 rw-p 0003a000 08:06 3411314                    /usr/lib/jvm/java-6-openjdk/jre/lib/amd64/libfontmanager.so
7fadec57d000-7fadec582000 r-xp 00000000 08:06 3155222                    /usr/lib/x86_64-linux-gnu/libXdmcp.so.6.0.0
7fadec582000-7fadec781000 ---p 00005000 08:06 3155222                    /usr/lib/x86_64-linux-gnu/libXdmcp.so.6.0.0
7fadec781000-7fadec782000 r--p 00004000 08:06 3155222                    /usr/lib/x86_64-linux-gnu/libXdmcp.so.6.0.0
7fadec782000-7fadec783000 rw-p 00005000 08:06 3155222                    /usr/lib/x86_64-linux-gnu/libXdmcp.so.6.0.0
7fadec783000-7fadec785000 r-xp 00000000 08:06 3155212                    /usr/lib/x86_64-linux-gnu/libXau.so.6.0.0
7fadec785000-7fadec984000 ---p 00002000 08:06 3155212                    /usr/lib/x86_64-linux-gnu/libXau.so.6.0.0
7fadec984000-7fadec985000 r--p 00001000 08:06 3155212                    /usr/lib/x86_64-linux-gnu/libXau.so.6.0.0
7fadec985000-7fadec986000 rw-p 00002000 08:06 3155212                    /usr/lib/x86_64-linux-gnu/libXau.so.6.0.0
7fadec986000-7fadec9a1000 r-xp 00000000 08:06 3155368                    /usr/lib/x86_64-linux-gnu/libxcb.so.1.1.0
7fadec9a1000-7fadecba0000 ---p 0001b000 08:06 3155368                    /usr/lib/x86_64-linux-gnu/libxcb.so.1.1.0
7fadecba0000-7fadecba1000 r--p 0001a000 08:06 3155368                    /usr/lib/x86_64-linux-gnu/libxcb.so.1.1.0
7fadecba1000-7fadecba2000 rw-p 0001b000 08:06 3155368                    /usr/lib/x86_64-linux-gnu/libxcb.so.1.1.0
7fadecba2000-7fadecbb1000 r-xp 00000000 08:06 3155230                    /usr/lib/x86_64-linux-gnu/libXi.so.6.1.0
7fadecbb1000-7fadecdb0000 ---p 0000f000 08:06 3155230                    /usr/lib/x86_64-linux-gnu/libXi.so.6.1.0
7fadecdb0000-7fadecdb1000 r--p 0000e000 08:06 3155230                    /usr/lib/x86_64-linux-gnu/libXi.so.6.1.0
7fadecdb1000-7fadecdb2000 rw-p 0000f000 08:06 3155230                    /usr/lib/x86_64-linux-gnu/libXi.so.6.1.0
7fadecdb2000-7fadecdb7000 r-xp 00000000 08:06 3149836                    /usr/lib/libXtst.so.6.1.0
7fadecdb7000-7fadecfb6000 ---p 00005000 08:06 3149836                    /usr/lib/libXtst.so.6.1.0
7fadecfb6000-7fadecfb7000 r--p 00004000 08:06 3149836                    /usr/lib/libXtst.so.6.1.0
7fadecfb7000-7fadecfb8000 rw-p 00005000 08:06 3149836                    /usr/lib/libXtst.so.6.1.0
7fadecfb8000-7fadecfc1000 r-xp 00000000 08:06 3155236                    /usr/lib/x86_64-linux-gnu/libXrender.so.1.3.0
7fadecfc1000-7faded1c1000 ---p 00009000 08:06 3155236                    /usr/lib/x86_64-linux-gnu/libXrender.so.1.3.0
7faded1c1000-7faded1c2000 r--p 00009000 08:06 3155236                    /usr/lib/x86_64-linux-gnu/libXrender.so.1.3.0
7faded1c2000-7faded1c3000 rw-p 0000a000 08:06 3155236                    /usr/lib/x86_64-linux-gnu/libXrender.so.1.3.0
7faded1c3000-7faded2f8000 r-xp 00000000 08:06 3155208                    /usr/lib/x86_64-linux-gnu/libX11.so.6.3.0
7faded2f8000-7faded4f8000 ---p 00135000 08:06 3155208                    /usr/lib/x86_64-linux-gnu/libX11.so.6.3.0
7faded4f8000-7faded4f9000 r--p 00135000 08:06 3155208                    /usr/lib/x86_64-linux-gnu/libX11.so.6.3.0
7faded4f9000-7faded4fd000 rw-p 00136000 08:06 3155208                    /usr/lib/x86_64-linux-gnu/libX11.so.6.3.0
7faded4fd000-7faded50e000 r-xp 00000000 08:06 3155224                    /usr/lib/x86_64-linux-gnu/libXext.so.6.4.0
7faded50e000-7faded70d000 ---p 00011000 08:06 3155224                    /usr/lib/x86_64-linux-gnu/libXext.so.6.4.0
7faded70d000-7faded70e000 r--p 00010000 08:06 3155224                    /usr/lib/x86_64-linux-gnu/libXext.so.6.4.0
7faded70e000-7faded70f000 rw-p 00011000 08:06 3155224                    /usr/lib/x86_64-linux-gnu/libXext.so.6.4.0
7faded712000-7faded71b000 r--s 00000000 08:06 3936467                    /var/cache/fontconfig/6d41288fd70b0be22e8c3a91e032eec0-le64.cache-3
7faded71b000-7faded72f000 r--s 00000000 08:06 3936920                    /var/cache/fontconfig/865f88548240fee46819705c6468c165-le64.cache-3
7faded72f000-7faded77a000 r-xp 00000000 08:06 3411358                    /usr/lib/jvm/java-6-openjdk/jre/lib/amd64/xawt/libmawt.so
7faded77a000-7faded97a000 ---p 0004b000 08:06 3411358                    /usr/lib/jvm/java-6-openjdk/jre/lib/amd64/xawt/libmawt.so
7faded97a000-7faded97b000 r--p 0004b000 08:06 3411358                    /usr/lib/jvm/java-6-openjdk/jre/lib/amd64/xawt/libmawt.so
7faded97b000-7faded97e000 rw-p 0004c000 08:06 3411358                    /usr/lib/jvm/java-6-openjdk/jre/lib/amd64/xawt/libmawt.so
7faded97e000-7faded97f000 rw-p 00000000 00:00 0 
7faded97f000-7fadeda28000 r-xp 00000000 08:06 3411323                    /usr/lib/jvm/java-6-openjdk/jre/lib/amd64/libawt.so
7fadeda28000-7fadedc27000 ---p 000a9000 08:06 3411323                    /usr/lib/jvm/java-6-openjdk/jre/lib/amd64/libawt.so
7fadedc27000-7fadedc28000 r--p 000a8000 08:06 3411323                    /usr/lib/jvm/java-6-openjdk/jre/lib/amd64/libawt.so
7fadedc28000-7fadedc33000 rw-p 000a9000 08:06 3411323                    /usr/lib/jvm/java-6-openjdk/jre/lib/amd64/libawt.so
7fadedc33000-7fadedc58000 rw-p 00000000 00:00 0 
7fadedc58000-7fadedcf6000 r-xp 00000000 08:06 5511017                    /tmp/libgdx/80041558/libgdx-64.so
7fadedcf6000-7fadedef6000 ---p 0009e000 08:06 5511017                    /tmp/libgdx/80041558/libgdx-64.so
7fadedef6000-7fadedef8000 r--p 0009e000 08:06 5511017                    /tmp/libgdx/80041558/libgdx-64.so
7fadedef8000-7fadedefa000 rw-p 000a0000 08:06 5511017                    /tmp/libgdx/80041558/libgdx-64.so
7fadedefa000-7fadedefc000 rw-p 00000000 00:00 0 
7fadedefc000-7fadedeff000 r--s 0007d000 08:06 3284584                    /usr/lib/jvm/java-6-openjdk/jre/lib/jsse.jar
7fadedeff000-7fadedf0c000 r--s 000ba000 08:06 6429275                    /home/aedon/KandA/genericjavaproject/com.ak.towerdefense.core/libs/gdx.jar
7fadedf0c000-7fadedf1b000 r--s 000c6000 08:06 6429294                    /home/aedon/KandA/genericjavaproject/com.ak.towerdefense.core/libs/gdx-twl.jar
7fadedf1b000-7fadedf1c000 ---p 00000000 00:00 0 
7fadedf1c000-7fadee01c000 rw-p 00000000 00:00 0 
7fadee01c000-7fadee01f000 ---p 00000000 00:00 0 
7fadee01f000-7fadee11d000 rw-p 00000000 00:00 0 
7fadee11d000-7fadee120000 ---p 00000000 00:00 0 
7fadee120000-7fadee21e000 rw-p 00000000 00:00 0 
7fadee21e000-7fadee221000 ---p 00000000 00:00 0 
7fadee221000-7fadee31f000 rw-p 00000000 00:00 0 
7fadee31f000-7fadee322000 ---p 00000000 00:00 0 
7fadee322000-7fadee420000 rw-p 00000000 00:00 0 
7fadee420000-7fadeeaaa000 r--p 00000000 08:06 3154019                    /usr/lib/locale/locale-archive
7fadeeaaa000-7fadeeaad000 ---p 00000000 00:00 0 
7fadeeaad000-7fadeebab000 rw-p 00000000 00:00 0 
7fadeebab000-7fadeebae000 ---p 00000000 00:00 0 
7fadeebae000-7fadeecac000 rw-p 00000000 00:00 0 
7fadeecac000-7fadeecad000 ---p 00000000 00:00 0 
7fadeecad000-7fadef0e3000 rw-p 00000000 00:00 0 
7fadef0e3000-7fadef274000 r--s 037b1000 08:06 3281824                    /usr/lib/jvm/java-6-openjdk/jre/lib/rt.jar
7fadef274000-7fadef29c000 rw-p 00000000 00:00 0 
7fadef29c000-7fadef29d000 ---p 00000000 00:00 0 
7fadef29d000-7fadef39d000 rw-p 00000000 00:00 0 
7fadef39d000-7fadef39e000 ---p 00000000 00:00 0 
7fadef39e000-7fadef4a9000 rw-p 00000000 00:00 0 
7fadef4a9000-7fadef4f1000 rw-p 00000000 00:00 0 
7fadef4f1000-7fadef51b000 rw-p 00000000 00:00 0 
7fadef51b000-7fadef78a000 rw-p 00000000 00:00 0 
7fadef78a000-7fadef795000 rw-p 00000000 00:00 0 
7fadef795000-7fadef7dd000 rw-p 00000000 00:00 0 
7fadef7dd000-7fadef807000 rw-p 00000000 00:00 0 
7fadef807000-7fadefa75000 rw-p 00000000 00:00 0 
7fadefa75000-7fadefa8b000 rw-p 00000000 00:00 0 
7fadefa8b000-7fadefbc2000 rw-p 00000000 00:00 0 
7fadefbc2000-7fadefbc3000 rw-p 00000000 00:00 0 
7fadefbc3000-7fadefe33000 rwxp 00000000 00:00 0 
7fadefe33000-7fadf2bc3000 rw-p 00000000 00:00 0 
7fadf2bc3000-7fadf2bca000 r-xp 00000000 08:06 3411318                    /usr/lib/jvm/java-6-openjdk/jre/lib/amd64/libzip.so
7fadf2bca000-7fadf2dc9000 ---p 00007000 08:06 3411318                    /usr/lib/jvm/java-6-openjdk/jre/lib/amd64/libzip.so
7fadf2dc9000-7fadf2dca000 r--p 00006000 08:06 3411318                    /usr/lib/jvm/java-6-openjdk/jre/lib/amd64/libzip.so
7fadf2dca000-7fadf2dcb000 rw-p 00007000 08:06 3411318                    /usr/lib/jvm/java-6-openjdk/jre/lib/amd64/libzip.so
7fadf2dcb000-7fadf2dd7000 r-xp 00000000 08:06 6033131                    /lib/x86_64-linux-gnu/libnss_files-2.13.so
7fadf2dd7000-7fadf2fd6000 ---p 0000c000 08:06 6033131                    /lib/x86_64-linux-gnu/libnss_files-2.13.so
7fadf2fd6000-7fadf2fd7000 r--p 0000b000 08:06 6033131                    /lib/x86_64-linux-gnu/libnss_files-2.13.so
7fadf2fd7000-7fadf2fd8000 rw-p 0000c000 08:06 6033131                    /lib/x86_64-linux-gnu/libnss_files-2.13.so
7fadf2fd8000-7fadf2fe3000 r-xp 00000000 08:06 6033135                    /lib/x86_64-linux-gnu/libnss_nis-2.13.so
7fadf2fe3000-7fadf31e2000 ---p 0000b000 08:06 6033135                    /lib/x86_64-linux-gnu/libnss_nis-2.13.so
7fadf31e2000-7fadf31e3000 r--p 0000a000 08:06 6033135                    /lib/x86_64-linux-gnu/libnss_nis-2.13.so
7fadf31e3000-7fadf31e4000 rw-p 0000b000 08:06 6033135                    /lib/x86_64-linux-gnu/libnss_nis-2.13.so
7fadf31e4000-7fadf31ec000 r-xp 00000000 08:06 6033127                    /lib/x86_64-linux-gnu/libnss_compat-2.13.so
7fadf31ec000-7fadf33eb000 ---p 00008000 08:06 6033127                    /lib/x86_64-linux-gnu/libnss_compat-2.13.so
7fadf33eb000-7fadf33ec000 r--p 00007000 08:06 6033127                    /lib/x86_64-linux-gnu/libnss_compat-2.13.so
7fadf33ec000-7fadf33ed000 rw-p 00008000 08:06 6033127                    /lib/x86_64-linux-gnu/libnss_compat-2.13.so
7fadf33ed000-7fadf3404000 r-xp 00000000 08:06 6033125                    /lib/x86_64-linux-gnu/libnsl-2.13.so
7fadf3404000-7fadf3603000 ---p 00017000 08:06 6033125                    /lib/x86_64-linux-gnu/libnsl-2.13.so
7fadf3603000-7fadf3604000 r--p 00016000 08:06 6033125                    /lib/x86_64-linux-gnu/libnsl-2.13.so
7fadf3604000-7fadf3605000 rw-p 00017000 08:06 6033125                    /lib/x86_64-linux-gnu/libnsl-2.13.so
7fadf3605000-7fadf3607000 rw-p 00000000 00:00 0 
7fadf3607000-7fadf3633000 r-xp 00000000 08:06 3411317                    /usr/lib/jvm/java-6-openjdk/jre/lib/amd64/libjava.so
7fadf3633000-7fadf3832000 ---p 0002c000 08:06 3411317                    /usr/lib/jvm/java-6-openjdk/jre/lib/amd64/libjava.so
7fadf3832000-7fadf3833000 r--p 0002b000 08:06 3411317                    /usr/lib/jvm/java-6-openjdk/jre/lib/amd64/libjava.so
7fadf3833000-7fadf3836000 rw-p 0002c000 08:06 3411317                    /usr/lib/jvm/java-6-openjdk/jre/lib/amd64/libjava.so
7fadf3836000-7fadf3844000 r-xp 00000000 08:06 3411300                    /usr/lib/jvm/java-6-openjdk/jre/lib/amd64/libverify.so
7fadf3844000-7fadf3a43000 ---p 0000e000 08:06 3411300                    /usr/lib/jvm/java-6-openjdk/jre/lib/amd64/libverify.so
7fadf3a43000-7fadf3a45000 r--p 0000d000 08:06 3411300                    /usr/lib/jvm/java-6-openjdk/jre/lib/amd64/libverify.so
7fadf3a45000-7fadf3a46000 rw-p 0000f000 08:06 3411300                    /usr/lib/jvm/java-6-openjdk/jre/lib/amd64/libverify.so
7fadf3a46000-7fadf3a4d000 r-xp 00000000 08:06 6033154                    /lib/x86_64-linux-gnu/librt-2.13.so
7fadf3a4d000-7fadf3c4c000 ---p 00007000 08:06 6033154                    /lib/x86_64-linux-gnu/librt-2.13.so
7fadf3c4c000-7fadf3c4d000 r--p 00006000 08:06 6033154                    /lib/x86_64-linux-gnu/librt-2.13.so
7fadf3c4d000-7fadf3c4e000 rw-p 00007000 08:06 6033154                    /lib/x86_64-linux-gnu/librt-2.13.so
7fadf3c4e000-7fadf3c63000 r-xp 00000000 08:06 6033113                    /lib/x86_64-linux-gnu/libgcc_s.so.1
7fadf3c63000-7fadf3e62000 ---p 00015000 08:06 6033113                    /lib/x86_64-linux-gnu/libgcc_s.so.1
7fadf3e62000-7fadf3e63000 r--p 00014000 08:06 6033113                    /lib/x86_64-linux-gnu/libgcc_s.so.1
7fadf3e63000-7fadf3e64000 rw-p 00015000 08:06 6033113                    /lib/x86_64-linux-gnu/libgcc_s.so.1
7fadf3e64000-7fadf3ee8000 r-xp 00000000 08:06 6033122                    /lib/x86_64-linux-gnu/libm-2.13.so
7fadf3ee8000-7fadf40e7000 ---p 00084000 08:06 6033122                    /lib/x86_64-linux-gnu/libm-2.13.so
7fadf40e7000-7fadf40e8000 r--p 00083000 08:06 6033122                    /lib/x86_64-linux-gnu/libm-2.13.so
7fadf40e8000-7fadf40e9000 rw-p 00084000 08:06 6033122                    /lib/x86_64-linux-gnu/libm-2.13.so
7fadf40e9000-7fadf41d1000 r-xp 00000000 08:06 3155345                    /usr/lib/x86_64-linux-gnu/libstdc++.so.6.0.14
7fadf41d1000-7fadf43d0000 ---p 000e8000 08:06 3155345                    /usr/lib/x86_64-linux-gnu/libstdc++.so.6.0.14
7fadf43d0000-7fadf43d8000 r--p 000e7000 08:06 3155345                    /usr/lib/x86_64-linux-gnu/libstdc++.so.6.0.14
7fadf43d8000-7fadf43da000 rw-p 000ef000 08:06 3155345                    /usr/lib/x86_64-linux-gnu/libstdc++.so.6.0.14
7fadf43da000-7fadf43ef000 rw-p 00000000 00:00 0 
7fadf43ef000-7fadf4d44000 r-xp 00000000 08:06 3411320                    /usr/lib/jvm/java-6-openjdk/jre/lib/amd64/server/libjvm.so
7fadf4d44000-7fadf4f43000 ---p 00955000 08:06 3411320                    /usr/lib/jvm/java-6-openjdk/jre/lib/amd64/server/libjvm.so
7fadf4f43000-7fadf4fc4000 r--p 00954000 08:06 3411320                    /usr/lib/jvm/java-6-openjdk/jre/lib/amd64/server/libjvm.so
7fadf4fc4000-7fadf4fdf000 rw-p 009d5000 08:06 3411320                    /usr/lib/jvm/java-6-openjdk/jre/lib/amd64/server/libjvm.so
7fadf4fdf000-7fadf5008000 rw-p 00000000 00:00 0 
7fadf5008000-7fadf5192000 r-xp 00000000 08:06 6033085                    /lib/x86_64-linux-gnu/libc-2.13.so
7fadf5192000-7fadf5391000 ---p 0018a000 08:06 6033085                    /lib/x86_64-linux-gnu/libc-2.13.so
7fadf5391000-7fadf5395000 r--p 00189000 08:06 6033085                    /lib/x86_64-linux-gnu/libc-2.13.so
7fadf5395000-7fadf5396000 rw-p 0018d000 08:06 6033085                    /lib/x86_64-linux-gnu/libc-2.13.so
7fadf5396000-7fadf539c000 rw-p 00000000 00:00 0 
7fadf539c000-7fadf539e000 r-xp 00000000 08:06 6033095                    /lib/x86_64-linux-gnu/libdl-2.13.so
7fadf539e000-7fadf559e000 ---p 00002000 08:06 6033095                    /lib/x86_64-linux-gnu/libdl-2.13.so
7fadf559e000-7fadf559f000 r--p 00002000 08:06 6033095                    /lib/x86_64-linux-gnu/libdl-2.13.so
7fadf559f000-7fadf55a0000 rw-p 00003000 08:06 6033095                    /lib/x86_64-linux-gnu/libdl-2.13.so
7fadf55a0000-7fadf55a4000 r-xp 00000000 08:06 3411298                    /usr/lib/jvm/java-6-openjdk/jre/lib/amd64/jli/libjli.so
7fadf55a4000-7fadf57a3000 ---p 00004000 08:06 3411298                    /usr/lib/jvm/java-6-openjdk/jre/lib/amd64/jli/libjli.so
7fadf57a3000-7fadf57a4000 r--p 00003000 08:06 3411298                    /usr/lib/jvm/java-6-openjdk/jre/lib/amd64/jli/libjli.so
7fadf57a4000-7fadf57a5000 rw-p 00004000 08:06 3411298                    /usr/lib/jvm/java-6-openjdk/jre/lib/amd64/jli/libjli.so
7fadf57a5000-7fadf57bd000 r-xp 00000000 08:06 6033150                    /lib/x86_64-linux-gnu/libpthread-2.13.so
7fadf57bd000-7fadf59bd000 ---p 00018000 08:06 6033150                    /lib/x86_64-linux-gnu/libpthread-2.13.so
7fadf59bd000-7fadf59be000 r--p 00018000 08:06 6033150                    /lib/x86_64-linux-gnu/libpthread-2.13.so
7fadf59be000-7fadf59bf000 rw-p 00019000 08:06 6033150                    /lib/x86_64-linux-gnu/libpthread-2.13.so
7fadf59bf000-7fadf59c3000 rw-p 00000000 00:00 0 
7fadf59c3000-7fadf59da000 r-xp 00000000 08:06 6033168                    /lib/x86_64-linux-gnu/libz.so.1.2.3.4
7fadf59da000-7fadf5bd9000 ---p 00017000 08:06 6033168                    /lib/x86_64-linux-gnu/libz.so.1.2.3.4
7fadf5bd9000-7fadf5bda000 r--p 00016000 08:06 6033168                    /lib/x86_64-linux-gnu/libz.so.1.2.3.4
7fadf5bda000-7fadf5bdb000 rw-p 00017000 08:06 6033168                    /lib/x86_64-linux-gnu/libz.so.1.2.3.4
7fadf5bdb000-7fadf5bfc000 r-xp 00000000 08:06 6033072                    /lib/x86_64-linux-gnu/ld-2.13.so
7fadf5bfd000-7fadf5c02000 r--s 00000000 08:06 3936464                    /var/cache/fontconfig/515ca1ebc4b18308bea979be5704f9db-le64.cache-3
7fadf5c02000-7fadf5c13000 r--s 0011a000 08:06 6429277                    /home/aedon/KandA/genericjavaproject/com.ak.towerdefense.core/libs/gdx-backend-lwjgl.jar
7fadf5c13000-7fadf5c1d000 rw-p 00000000 00:00 0 
7fadf5c1d000-7fadf5cd3000 rw-p 00000000 00:00 0 
7fadf5cd3000-7fadf5cd6000 ---p 00000000 00:00 0 
7fadf5cd6000-7fadf5dd9000 rw-p 00000000 00:00 0 
7fadf5dda000-7fadf5ddb000 r--p 00000000 00:00 0 
7fadf5ddb000-7fadf5ddc000 r--s 00000000 08:06 3935581                    /var/cache/fontconfig/4794a0821666d79190d59a36cb4f44b5-le64.cache-3
7fadf5ddc000-7fadf5de2000 r--s 0005a000 08:06 6429293                    /home/aedon/KandA/genericjavaproject/com.ak.towerdefense.core/libs/gdx-tools.jar
7fadf5de2000-7fadf5de3000 r--s 001c8000 08:06 6429291                    /home/aedon/KandA/genericjavaproject/com.ak.towerdefense.core/libs/gdx-natives.jar
7fadf5de3000-7fadf5de4000 r--s 00127000 08:06 6429285                    /home/aedon/KandA/genericjavaproject/com.ak.towerdefense.core/libs/gdx-backend-lwjgl-natives.jar
7fadf5de4000-7fadf5dec000 r--s 00066000 08:06 3673871                    /usr/share/java/gnome-java-bridge.jar
7fadf5dec000-7fadf5def000 r--s 0000f000 08:06 3284573                    /usr/lib/jvm/java-6-openjdk/jre/lib/ext/pulse-java.jar
7fadf5def000-7fadf5df7000 rw-s 00000000 08:06 5511000                    /tmp/hsperfdata_aedon/4425
7fadf5df7000-7fadf5df8000 rw-p 00000000 00:00 0 
7fadf5df8000-7fadf5df9000 r--p 00000000 00:00 0 
7fadf5df9000-7fadf5dfb000 rw-p 00000000 00:00 0 
7fadf5dfb000-7fadf5dfc000 r--p 00020000 08:06 6033072                    /lib/x86_64-linux-gnu/ld-2.13.so
7fadf5dfc000-7fadf5dfe000 rw-p 00021000 08:06 6033072                    /lib/x86_64-linux-gnu/ld-2.13.so
7fffdc4f3000-7fffdc514000 rw-p 00000000 00:00 0                          [stack]
7fffdc528000-7fffdc529000 r-xp 00000000 00:00 0                          [vdso]
ffffffffff600000-ffffffffff601000 r-xp 00000000 00:00 0                  [vsyscall]

VM Arguments:
jvm_args: -Dfile.encoding=UTF-8 
java_command: com.ak.towerdefense.screens.benchmarks.BenchMarkStarter
Launcher Type: SUN_STANDARD

Environment Variables:
PATH=/usr/local/sbin:/usr/local/bin:/usr/sbin:/usr/bin:/sbin:/bin:/usr/games
USERNAME=aedon
LD_LIBRARY_PATH=/usr/lib/jvm/java-6-openjdk/jre/lib/amd64/server:/usr/lib/jvm/java-6-openjdk/jre/lib/amd64:/usr/lib/jvm/java-6-openjdk/jre/../lib/amd64:/usr/lib/xulrunner-1.9.2.17
SHELL=/bin/bash
DISPLAY=:0.0

Signal Handlers:
SIGSEGV: [libjvm.so+0x7d0fd0], sa_mask[0]=0x7ffbfeff, sa_flags=0x10000004
SIGBUS: [libjvm.so+0x7d0fd0], sa_mask[0]=0x7ffbfeff, sa_flags=0x10000004
SIGFPE: [libjvm.so+0x6837d0], sa_mask[0]=0x7ffbfeff, sa_flags=0x10000004
SIGPIPE: [libjvm.so+0x6837d0], sa_mask[0]=0x7ffbfeff, sa_flags=0x10000004
SIGXFSZ: [libjvm.so+0x6837d0], sa_mask[0]=0x7ffbfeff, sa_flags=0x10000004
SIGILL: [libjvm.so+0x6837d0], sa_mask[0]=0x7ffbfeff, sa_flags=0x10000004
SIGUSR1: SIG_DFL, sa_mask[0]=0x00000000, sa_flags=0x00000000
SIGUSR2: [libjvm.so+0x6839a0], sa_mask[0]=0x00000004, sa_flags=0x10000004
SIGHUP: [libjvm.so+0x686340], sa_mask[0]=0x7ffbfeff, sa_flags=0x10000004
SIGINT: [libjvm.so+0x686340], sa_mask[0]=0x7ffbfeff, sa_flags=0x10000004
SIGTERM: [libjvm.so+0x686340], sa_mask[0]=0x7ffbfeff, sa_flags=0x10000004
SIGQUIT: [libjvm.so+0x686340], sa_mask[0]=0x7ffbfeff, sa_flags=0x10000004


---------------  S Y S T E M  ---------------

OS:LinuxMint 11 (katya)
uname:Linux 2.6.38-12-generic #51-Ubuntu SMP Wed Sep 28 14:27:32 UTC 2011 x86_64
libc:glibc 2.13 NPTL 2.13 
rlimit: STACK 8192k, CORE 0k, NPROC infinity, NOFILE 4096, AS infinity
load average:0.18 0.27 0.22

/proc/meminfo:
MemTotal:        8160596 kB
MemFree:         2967068 kB
Buffers:          139912 kB
Cached:          3279940 kB
SwapCached:            0 kB
Active:          2563612 kB
Inactive:        2166836 kB
Active(anon):    1311940 kB
Inactive(anon):    16620 kB
Active(file):    1251672 kB
Inactive(file):  2150216 kB
Unevictable:          32 kB
Mlocked:              32 kB
SwapTotal:       8348668 kB
SwapFree:        8348668 kB
Dirty:                84 kB
Writeback:           692 kB
AnonPages:       1310888 kB
Mapped:           257764 kB
Shmem:             17968 kB
Slab:              80224 kB
SReclaimable:      51732 kB
SUnreclaim:        28492 kB
KernelStack:        3312 kB
PageTables:        25496 kB
NFS_Unstable:          0 kB
Bounce:                0 kB
WritebackTmp:          0 kB
CommitLimit:    12428964 kB
Committed_AS:    3245232 kB
VmallocTotal:   34359738367 kB
VmallocUsed:      327736 kB
VmallocChunk:   34359403944 kB
HardwareCorrupted:     0 kB
HugePages_Total:       0
HugePages_Free:        0
HugePages_Rsvd:        0
HugePages_Surp:        0
Hugepagesize:       2048 kB
DirectMap4k:      217088 kB
DirectMap2M:     8138752 kB


CPU:total 2 (2 cores per cpu, 1 threads per core) family 6 model 23 stepping 6, cmov, cx8, fxsr, mmx, sse, sse2, sse3, ssse3, sse4.1

Memory: 4k page, physical 8160596k(2967068k free), swap 8348668k(8348668k free)

vm_info: OpenJDK 64-Bit Server VM (20.0-b11) for linux-amd64 JRE (1.6.0_22-b22), built on Oct 25 2011 06:09:07 by "buildd" with gcc 4.5.2

time: Thu Jan 26 21:51:22 2012
elapsed time: 76 seconds

